#
# There is insufficient memory for the Java Runtime Environment to continue.
# Native memory allocation (malloc) failed to allocate 2611744 bytes for Chunk::new
# Possible reasons:
#   The system is out of physical RAM or swap space
#   In 32 bit mode, the process size limit was hit
# Possible solutions:
#   Reduce memory load on the system
#   Increase physical memory or swap space
#   Check if swap backing store is full
#   Use 64 bit Java on a 64 bit OS
#   Decrease Java heap size (-Xmx/-Xms)
#   Decrease number of Java threads
#   Decrease Java thread stack sizes (-Xss)
#   Set larger code cache with -XX:ReservedCodeCacheSize=
# This output file may be truncated or incomplete.
#
#  Out of Memory Error (allocation.cpp:390), pid=7272, tid=0x0000000000002bd8
#
# JRE version: Java(TM) SE Runtime Environment (8.0_161-b12) (build 1.8.0_161-b12)
# Java VM: Java HotSpot(TM) 64-Bit Server VM (25.161-b12 mixed mode windows-amd64 compressed oops)
# Failed to write core dump. Minidumps are not enabled by default on client versions of Windows
#

---------------  T H R E A D  ---------------

Current thread (0x0000000019805800):  JavaThread "C2 CompilerThread1" daemon [_thread_in_native, id=11224, stack(0x000000001af60000,0x000000001b060000)]

Stack: [0x000000001af60000,0x000000001b060000]
[error occurred during error reporting (printing stack bounds), id 0xc0000005]

Native frames: (J=compiled Java code, j=interpreted, Vv=VM code, C=native code)


Current CompileTask:
C2:   4230 2713       4       org.springframework.core.annotation.AnnotationUtils::adaptValue (182 bytes)


---------------  P R O C E S S  ---------------

Java Threads: ( => current thread )
  0x000000001b318800 JavaThread "surefire-forkedjvm-ping-30s" daemon [_thread_blocked, id=10468, stack(0x000000001b860000,0x000000001b960000)]
  0x000000001b2c3000 JavaThread "surefire-forkedjvm-command-thread" daemon [_thread_in_native, id=944, stack(0x000000001b760000,0x000000001b860000)]
  0x000000001b18d000 JavaThread "Service Thread" daemon [_thread_blocked, id=3768, stack(0x000000001b560000,0x000000001b660000)]
  0x000000001982d800 JavaThread "C1 CompilerThread2" daemon [_thread_blocked, id=3992, stack(0x000000001b060000,0x000000001b160000)]
=>0x0000000019805800 JavaThread "C2 CompilerThread1" daemon [_thread_in_native, id=11224, stack(0x000000001af60000,0x000000001b060000)]
  0x0000000019802000 JavaThread "C2 CompilerThread0" daemon [_thread_in_native, id=5012, stack(0x000000001ae60000,0x000000001af60000)]
  0x00000000197fe800 JavaThread "Attach Listener" daemon [_thread_blocked, id=5724, stack(0x000000001ad60000,0x000000001ae60000)]
  0x00000000197fa800 JavaThread "Signal Dispatcher" daemon [_thread_blocked, id=5896, stack(0x000000001ac60000,0x000000001ad60000)]
  0x00000000197e9800 JavaThread "Finalizer" daemon [_thread_blocked, id=1840, stack(0x000000001aa70000,0x000000001ab70000)]
  0x0000000004c92000 JavaThread "Reference Handler" daemon [_thread_blocked, id=3352, stack(0x000000001a970000,0x000000001aa70000)]
  0x0000000004ba2800 JavaThread "main" [_thread_in_vm, id=1196, stack(0x0000000004aa0000,0x0000000004ba0000)]

Other Threads:
  0x00000000197c7000 VMThread [stack: 0x000000001a870000,0x000000001a970000] [id=1472]
  0x000000001b18e000 WatcherThread [stack: 0x000000001b660000,0x000000001b760000] [id=1456]

VM state:not at safepoint (normal execution)

VM Mutex/Monitor currently owned by a thread: None

Heap:
 PSYoungGen      total 221184K, used 35303K [0x00000000d5f00000, 0x00000000e8c80000, 0x0000000100000000)
  eden space 209408K, 16% used [0x00000000d5f00000,0x00000000d8179e60,0x00000000e2b80000)
  from space 11776K, 0% used [0x00000000e2b80000,0x00000000e2b80000,0x00000000e3700000)
  to   space 13824K, 0% used [0x00000000e7f00000,0x00000000e7f00000,0x00000000e8c80000)
 ParOldGen       total 92672K, used 18128K [0x0000000081c00000, 0x0000000087680000, 0x00000000d5f00000)
  object space 92672K, 19% used [0x0000000081c00000,0x0000000082db40e0,0x0000000087680000)
 Metaspace       used 34515K, capacity 35804K, committed 36008K, reserved 1081344K
  class space    used 4462K, capacity 4725K, committed 4776K, reserved 1048576K

Card table byte_map: [0x0000000014060000,0x0000000014460000] byte_map_base: 0x0000000013c52000

Marking Bits: (ParMarkBitMap*) 0x000000006303f860
 Begin Bits: [0x0000000014b10000, 0x0000000016aa0000)
 End Bits:   [0x0000000016aa0000, 0x0000000018a30000)

Polling page: 0x0000000004a50000

CodeCache: size=245760Kb used=13059Kb max_used=13059Kb free=232700Kb
 bounds [0x0000000004ca0000, 0x0000000005970000, 0x0000000013ca0000]
 total_blobs=4102 nmethods=3682 adapters=332
 compilation: enabled

Compilation events (10 events):
Event: 4.215 Thread 0x000000001982d800 nmethod 3701 0x000000000595a4d0 code [0x000000000595a640, 0x000000000595a8e8]
Event: 4.216 Thread 0x000000001982d800 3704 %     3       org.springframework.asm.Frame::accept @ 152 (264 bytes)
Event: 4.216 Thread 0x000000001982d800 nmethod 3704% 0x000000000595a990 code [0x000000000595aba0, 0x000000000595b7b8]
Event: 4.216 Thread 0x000000001982d800 3705       3       org.springframework.asm.MethodWriter::visitIntInsn (113 bytes)
Event: 4.217 Thread 0x000000001982d800 nmethod 3705 0x000000000595bf50 code [0x000000000595c0e0, 0x000000000595c668]
Event: 4.217 Thread 0x000000001982d800 3706       3       org.springframework.cglib.core.CodeEmitter::process_switch (48 bytes)
Event: 4.217 Thread 0x000000001982d800 nmethod 3706 0x000000000595c7d0 code [0x000000000595c960, 0x000000000595cc88]
Event: 4.217 Thread 0x000000001982d800 3708       3       org.springframework.cglib.core.MethodInfoTransformer::transform (57 bytes)
Event: 4.218 Thread 0x000000001982d800 nmethod 3708 0x000000000595cd90 code [0x000000000595d040, 0x000000000595e4a8]
Event: 4.218 Thread 0x000000001982d800 3710       3       java.util.DualPivotQuicksort::sort (1195 bytes)

GC Heap History (10 events):
Event: 1.807 GC heap before
{Heap before GC invocations=7 (full 1):
 PSYoungGen      total 138752K, used 7148K [0x00000000d5f00000, 0x00000000df200000, 0x0000000100000000)
  eden space 131584K, 0% used [0x00000000d5f00000,0x00000000d5f00000,0x00000000ddf80000)
  from space 7168K, 99% used [0x00000000de800000,0x00000000deefb0c0,0x00000000def00000)
  to   space 8704K, 0% used [0x00000000ddf80000,0x00000000ddf80000,0x00000000de800000)
 ParOldGen       total 87552K, used 2579K [0x0000000081c00000, 0x0000000087180000, 0x00000000d5f00000)
  object space 87552K, 2% used [0x0000000081c00000,0x0000000081e84f08,0x0000000087180000)
 Metaspace       used 20706K, capacity 21180K, committed 21296K, reserved 1067008K
  class space    used 2684K, capacity 2821K, committed 2864K, reserved 1048576K
Event: 1.834 GC heap after
Heap after GC invocations=7 (full 1):
 PSYoungGen      total 138752K, used 0K [0x00000000d5f00000, 0x00000000df200000, 0x0000000100000000)
  eden space 131584K, 0% used [0x00000000d5f00000,0x00000000d5f00000,0x00000000ddf80000)
  from space 7168K, 0% used [0x00000000de800000,0x00000000de800000,0x00000000def00000)
  to   space 8704K, 0% used [0x00000000ddf80000,0x00000000ddf80000,0x00000000de800000)
 ParOldGen       total 55296K, used 7815K [0x0000000081c00000, 0x0000000085200000, 0x00000000d5f00000)
  object space 55296K, 14% used [0x0000000081c00000,0x00000000823a1f90,0x0000000085200000)
 Metaspace       used 20706K, capacity 21180K, committed 21296K, reserved 1067008K
  class space    used 2684K, capacity 2821K, committed 2864K, reserved 1048576K
}
Event: 2.453 GC heap before
{Heap before GC invocations=8 (full 1):
 PSYoungGen      total 138752K, used 131584K [0x00000000d5f00000, 0x00000000df200000, 0x0000000100000000)
  eden space 131584K, 100% used [0x00000000d5f00000,0x00000000ddf80000,0x00000000ddf80000)
  from space 7168K, 0% used [0x00000000de800000,0x00000000de800000,0x00000000def00000)
  to   space 8704K, 0% used [0x00000000ddf80000,0x00000000ddf80000,0x00000000de800000)
 ParOldGen       total 55296K, used 7815K [0x0000000081c00000, 0x0000000085200000, 0x00000000d5f00000)
  object space 55296K, 14% used [0x0000000081c00000,0x00000000823a1f90,0x0000000085200000)
 Metaspace       used 27412K, capacity 28112K, committed 28336K, reserved 1073152K
  class space    used 3509K, capacity 3681K, committed 3760K, reserved 1048576K
Event: 2.461 GC heap after
Heap after GC invocations=8 (full 1):
 PSYoungGen      total 140288K, used 8696K [0x00000000d5f00000, 0x00000000e4100000, 0x0000000100000000)
  eden space 131584K, 0% used [0x00000000d5f00000,0x00000000d5f00000,0x00000000ddf80000)
  from space 8704K, 99% used [0x00000000ddf80000,0x00000000de7fe060,0x00000000de800000)
  to   space 10240K, 0% used [0x00000000e3700000,0x00000000e3700000,0x00000000e4100000)
 ParOldGen       total 55296K, used 9163K [0x0000000081c00000, 0x0000000085200000, 0x00000000d5f00000)
  object space 55296K, 16% used [0x0000000081c00000,0x00000000824f2df8,0x0000000085200000)
 Metaspace       used 27412K, capacity 28112K, committed 28336K, reserved 1073152K
  class space    used 3509K, capacity 3681K, committed 3760K, reserved 1048576K
}
Event: 2.912 GC heap before
{Heap before GC invocations=9 (full 1):
 PSYoungGen      total 140288K, used 140280K [0x00000000d5f00000, 0x00000000e4100000, 0x0000000100000000)
  eden space 131584K, 100% used [0x00000000d5f00000,0x00000000ddf80000,0x00000000ddf80000)
  from space 8704K, 99% used [0x00000000ddf80000,0x00000000de7fe060,0x00000000de800000)
  to   space 10240K, 0% used [0x00000000e3700000,0x00000000e3700000,0x00000000e4100000)
 ParOldGen       total 55296K, used 9163K [0x0000000081c00000, 0x0000000085200000, 0x00000000d5f00000)
  object space 55296K, 16% used [0x0000000081c00000,0x00000000824f2df8,0x0000000085200000)
 Metaspace       used 29925K, capacity 30806K, committed 31024K, reserved 1077248K
  class space    used 3872K, capacity 4060K, committed 4144K, reserved 1048576K
Event: 2.921 GC heap after
Heap after GC invocations=9 (full 1):
 PSYoungGen      total 219648K, used 9825K [0x00000000d5f00000, 0x00000000e4300000, 0x0000000100000000)
  eden space 209408K, 0% used [0x00000000d5f00000,0x00000000d5f00000,0x00000000e2b80000)
  from space 10240K, 95% used [0x00000000e3700000,0x00000000e40984c8,0x00000000e4100000)
  to   space 11776K, 0% used [0x00000000e2b80000,0x00000000e2b80000,0x00000000e3700000)
 ParOldGen       total 55296K, used 9171K [0x0000000081c00000, 0x0000000085200000, 0x00000000d5f00000)
  object space 55296K, 16% used [0x0000000081c00000,0x00000000824f4df8,0x0000000085200000)
 Metaspace       used 29925K, capacity 30806K, committed 31024K, reserved 1077248K
  class space    used 3872K, capacity 4060K, committed 4144K, reserved 1048576K
}
Event: 3.975 GC heap before
{Heap before GC invocations=10 (full 1):
 PSYoungGen      total 219648K, used 131755K [0x00000000d5f00000, 0x00000000e4300000, 0x0000000100000000)
  eden space 209408K, 58% used [0x00000000d5f00000,0x00000000dd612b00,0x00000000e2b80000)
  from space 10240K, 95% used [0x00000000e3700000,0x00000000e40984c8,0x00000000e4100000)
  to   space 11776K, 0% used [0x00000000e2b80000,0x00000000e2b80000,0x00000000e3700000)
 ParOldGen       total 55296K, used 9171K [0x0000000081c00000, 0x0000000085200000, 0x00000000d5f00000)
  object space 55296K, 16% used [0x0000000081c00000,0x00000000824f4df8,0x0000000085200000)
 Metaspace       used 34159K, capacity 35400K, committed 35496K, reserved 1079296K
  class space    used 4410K, capacity 4683K, committed 4776K, reserved 1048576K
Event: 3.989 GC heap after
Heap after GC invocations=10 (full 1):
 PSYoungGen      total 221184K, used 11749K [0x00000000d5f00000, 0x00000000e8c80000, 0x0000000100000000)
  eden space 209408K, 0% used [0x00000000d5f00000,0x00000000d5f00000,0x00000000e2b80000)
  from space 11776K, 99% used [0x00000000e2b80000,0x00000000e36f95e8,0x00000000e3700000)
  to   space 13824K, 0% used [0x00000000e7f00000,0x00000000e7f00000,0x00000000e8c80000)
 ParOldGen       total 55296K, used 10599K [0x0000000081c00000, 0x0000000085200000, 0x00000000d5f00000)
  object space 55296K, 19% used [0x0000000081c00000,0x0000000082659d60,0x0000000085200000)
 Metaspace       used 34159K, capacity 35400K, committed 35496K, reserved 1079296K
  class space    used 4410K, capacity 4683K, committed 4776K, reserved 1048576K
}
Event: 3.989 GC heap before
{Heap before GC invocations=11 (full 2):
 PSYoungGen      total 221184K, used 11749K [0x00000000d5f00000, 0x00000000e8c80000, 0x0000000100000000)
  eden space 209408K, 0% used [0x00000000d5f00000,0x00000000d5f00000,0x00000000e2b80000)
  from space 11776K, 99% used [0x00000000e2b80000,0x00000000e36f95e8,0x00000000e3700000)
  to   space 13824K, 0% used [0x00000000e7f00000,0x00000000e7f00000,0x00000000e8c80000)
 ParOldGen       total 55296K, used 10599K [0x0000000081c00000, 0x0000000085200000, 0x00000000d5f00000)
  object space 55296K, 19% used [0x0000000081c00000,0x0000000082659d60,0x0000000085200000)
 Metaspace       used 34159K, capacity 35400K, committed 35496K, reserved 1079296K
  class space    used 4410K, capacity 4683K, committed 4776K, reserved 1048576K
Event: 4.067 GC heap after
Heap after GC invocations=11 (full 2):
 PSYoungGen      total 221184K, used 0K [0x00000000d5f00000, 0x00000000e8c80000, 0x0000000100000000)
  eden space 209408K, 0% used [0x00000000d5f00000,0x00000000d5f00000,0x00000000e2b80000)
  from space 11776K, 0% used [0x00000000e2b80000,0x00000000e2b80000,0x00000000e3700000)
  to   space 13824K, 0% used [0x00000000e7f00000,0x00000000e7f00000,0x00000000e8c80000)
 ParOldGen       total 92672K, used 18128K [0x0000000081c00000, 0x0000000087680000, 0x00000000d5f00000)
  object space 92672K, 19% used [0x0000000081c00000,0x0000000082db40e0,0x0000000087680000)
 Metaspace       used 34159K, capacity 35400K, committed 35496K, reserved 1079296K
  class space    used 4410K, capacity 4683K, committed 4776K, reserved 1048576K
}

Deoptimization events (10 events):
Event: 3.053 Thread 0x0000000004ba2800 Uncommon trap: reason=class_check action=maybe_recompile pc=0x0000000005586294 method=org.springframework.util.ConcurrentReferenceHashMap$Segment.findInChain(Lorg/springframework/util/ConcurrentReferenceHashMap$Reference;Ljava/lang/Object;I)Lorg/springfra
Event: 3.055 Thread 0x0000000004ba2800 Uncommon trap: reason=class_check action=maybe_recompile pc=0x0000000005571b7c method=org.springframework.util.ConcurrentReferenceHashMap$Segment.findInChain(Lorg/springframework/util/ConcurrentReferenceHashMap$Reference;Ljava/lang/Object;I)Lorg/springfra
Event: 3.058 Thread 0x0000000004ba2800 Uncommon trap: reason=class_check action=maybe_recompile pc=0x000000000555ad84 method=org.springframework.util.ConcurrentReferenceHashMap$Segment.findInChain(Lorg/springframework/util/ConcurrentReferenceHashMap$Reference;Ljava/lang/Object;I)Lorg/springfra
Event: 3.067 Thread 0x0000000004ba2800 Uncommon trap: reason=class_check action=maybe_recompile pc=0x0000000005081d4c method=org.springframework.util.ConcurrentReferenceHashMap$Segment.restructureIfNecessary(Z)V @ 230
Event: 3.437 Thread 0x0000000004ba2800 Uncommon trap: reason=unstable_if action=reinterpret pc=0x00000000055dbafc method=org.springframework.asm.ClassReader.readCode(Lorg/springframework/asm/MethodVisitor;Lorg/springframework/asm/Context;I)V @ 1697
Event: 3.552 Thread 0x0000000004ba2800 Uncommon trap: reason=unstable_if action=reinterpret pc=0x0000000005570aa0 method=org.springframework.asm.MethodVisitor.visitMethodInsn(ILjava/lang/String;Ljava/lang/String;Ljava/lang/String;Z)V @ 50
Event: 3.570 Thread 0x0000000004ba2800 Uncommon trap: reason=unstable_if action=reinterpret pc=0x00000000055510f4 method=java.util.LinkedList.node(I)Ljava/util/LinkedList$Node; @ 49
Event: 3.912 Thread 0x0000000004ba2800 Uncommon trap: reason=unstable_if action=reinterpret pc=0x0000000005254e00 method=java.util.concurrent.ConcurrentHashMap.get(Ljava/lang/Object;)Ljava/lang/Object; @ 76
Event: 3.912 Thread 0x0000000004ba2800 Uncommon trap: reason=class_check action=maybe_recompile pc=0x000000000529fa74 method=java.util.concurrent.ConcurrentHashMap.putVal(Ljava/lang/Object;Ljava/lang/Object;Z)Ljava/lang/Object; @ 192
Event: 4.204 Thread 0x0000000004ba2800 Uncommon trap: reason=unstable_if action=reinterpret pc=0x00000000059063c0 method=java.lang.reflect.Method.equals(Ljava/lang/Object;)Z @ 1

Classes redefined (0 events):
No events

Internal exceptions (10 events):
Event: 4.199 Thread 0x0000000004ba2800 Exception <a 'java/lang/ClassNotFoundException': java/lang/ObjectCustomizer> (0x00000000d7971db8) thrown at [C:\re\workspace\8-2-build-windows-amd64-cygwin\jdk8u161\10277\hotspot\src\share\vm\classfile\systemDictionary.cpp, line 210]
Event: 4.200 Thread 0x0000000004ba2800 Exception <a 'java/lang/ClassNotFoundException': org/springframework/transaction/annotation/AbstractTransactionManagementConfigurationCustomizer> (0x00000000d79c5aa0) thrown at [C:\re\workspace\8-2-build-windows-amd64-cygwin\jdk8u161\10277\hotspot\src\sha
Event: 4.201 Thread 0x0000000004ba2800 Exception <a 'java/lang/ClassNotFoundException': org/springframework/transaction/annotation/ProxyTransactionManagementConfigurationCustomizer> (0x00000000d7a16d70) thrown at [C:\re\workspace\8-2-build-windows-amd64-cygwin\jdk8u161\10277\hotspot\src\share\
Event: 4.201 Thread 0x0000000004ba2800 Exception <a 'java/lang/ClassNotFoundException': org/springframework/transaction/annotation/ProxyTransactionManagementConfiguration$$EnhancerBySpringCGLIB$$9d6e248bCustomizer> (0x00000000d7a7ec68) thrown at [C:\re\workspace\8-2-build-windows-amd64-cygwin\
Event: 4.202 Thread 0x0000000004ba2800 Exception <a 'java/lang/ClassNotFoundException': org/springframework/context/annotation/ConfigurationClassEnhancer$EnhancedConfigurationCustomizer> (0x00000000d7adacc8) thrown at [C:\re\workspace\8-2-build-windows-amd64-cygwin\jdk8u161\10277\hotspot\src\s
Event: 4.203 Thread 0x0000000004ba2800 Exception <a 'java/lang/ClassNotFoundException': org/springframework/beans/factory/BeanFactoryAwareCustomizer> (0x00000000d7b13ba8) thrown at [C:\re\workspace\8-2-build-windows-amd64-cygwin\jdk8u161\10277\hotspot\src\share\vm\classfile\systemDictionary.cp
Event: 4.203 Thread 0x0000000004ba2800 Exception <a 'java/lang/ClassNotFoundException': org/springframework/beans/factory/AwareCustomizer> (0x00000000d7b45ee8) thrown at [C:\re\workspace\8-2-build-windows-amd64-cygwin\jdk8u161\10277\hotspot\src\share\vm\classfile\systemDictionary.cpp, line 210
Event: 4.204 Thread 0x0000000004ba2800 Exception <a 'java/lang/ClassNotFoundException': org/springframework/context/annotation/ImportAwareCustomizer> (0x00000000d7b7ed58) thrown at [C:\re\workspace\8-2-build-windows-amd64-cygwin\jdk8u161\10277\hotspot\src\share\vm\classfile\systemDictionary.cp
Event: 4.204 Thread 0x0000000004ba2800 Exception <a 'java/lang/ClassNotFoundException': org/springframework/beans/factory/AwareCustomizer> (0x00000000d7bb0e90) thrown at [C:\re\workspace\8-2-build-windows-amd64-cygwin\jdk8u161\10277\hotspot\src\share\vm\classfile\systemDictionary.cpp, line 210
Event: 4.204 Thread 0x0000000004ba2800 Implicit null exception at 0x000000000590624c to 0x00000000059063ac

Events (10 events):
Event: 4.213 loading class org/springframework/core/MethodIntrospector$MetadataLookup
Event: 4.213 loading class org/springframework/core/MethodIntrospector$MetadataLookup done
Event: 4.213 loading class org/springframework/core/MethodIntrospector
Event: 4.213 loading class org/springframework/core/MethodIntrospector done
Event: 4.214 loading class org/springframework/core/MethodIntrospector$MetadataLookup
Event: 4.214 loading class org/springframework/core/MethodIntrospector$MetadataLookup done
Event: 4.214 loading class org/springframework/core/MethodIntrospector$MetadataLookup
Event: 4.214 loading class org/springframework/core/MethodIntrospector$MetadataLookup done
Event: 4.216 Thread 0x0000000004ba2800 DEOPT PACKING pc=0x00000000057e2b16 sp=0x0000000004b99fc0
Event: 4.216 Thread 0x0000000004ba2800 DEOPT UNPACKING pc=0x0000000004ce7890 sp=0x0000000004b99e18 mode 0


Dynamic libraries:
0x00007ff7fa000000 - 0x00007ff7fa037000 	C:\Program Files\Java\jdk1.8.0_161\jre\bin\java.exe
0x00007fff6bad0000 - 0x00007fff6bcb0000 	C:\Windows\SYSTEM32\ntdll.dll
0x00007fff6b5e0000 - 0x00007fff6b68e000 	C:\Windows\System32\KERNEL32.DLL
0x00007fff684f0000 - 0x00007fff68756000 	C:\Windows\System32\KERNELBASE.dll
0x00007fff699d0000 - 0x00007fff69a71000 	C:\Windows\System32\ADVAPI32.dll
0x00007fff6b860000 - 0x00007fff6b8fd000 	C:\Windows\System32\msvcrt.dll
0x00007fff6b800000 - 0x00007fff6b85b000 	C:\Windows\System32\sechost.dll
0x00007fff6b180000 - 0x00007fff6b29f000 	C:\Windows\System32\RPCRT4.dll
0x00007fff6b2a0000 - 0x00007fff6b42e000 	C:\Windows\System32\USER32.dll
0x00007fff68760000 - 0x00007fff68780000 	C:\Windows\System32\win32u.dll
0x00007fff6ba70000 - 0x00007fff6ba98000 	C:\Windows\System32\GDI32.dll
0x00007fff67f80000 - 0x00007fff68111000 	C:\Windows\System32\gdi32full.dll
0x00007fff68350000 - 0x00007fff683eb000 	C:\Windows\System32\msvcp_win.dll
0x00007fff683f0000 - 0x00007fff684e6000 	C:\Windows\System32\ucrtbase.dll
0x00007fff5bc30000 - 0x00007fff5be99000 	C:\Windows\WinSxS\amd64_microsoft.windows.common-controls_6595b64144ccf1df_6.0.16299.15_none_cc92fb402215d91d\COMCTL32.dll
0x00007fff69110000 - 0x00007fff69418000 	C:\Windows\System32\combase.dll
0x00007fff68780000 - 0x00007fff687f2000 	C:\Windows\System32\bcryptPrimitives.dll
0x00007fff69c40000 - 0x00007fff69c6d000 	C:\Windows\System32\IMM32.DLL
0x00000000630c0000 - 0x0000000063192000 	C:\Program Files\Java\jdk1.8.0_161\jre\bin\msvcr100.dll
0x0000000062820000 - 0x00000000630bf000 	C:\Program Files\Java\jdk1.8.0_161\jre\bin\server\jvm.dll
0x00007fff6b170000 - 0x00007fff6b178000 	C:\Windows\System32\PSAPI.DLL
0x00007fff60e20000 - 0x00007fff60e43000 	C:\Windows\SYSTEM32\WINMM.dll
0x00007fff4e8e0000 - 0x00007fff4e8e9000 	C:\Windows\SYSTEM32\WSOCK32.dll
0x00007fff6b6f0000 - 0x00007fff6b75c000 	C:\Windows\System32\WS2_32.dll
0x00007fff60c20000 - 0x00007fff60c2a000 	C:\Windows\SYSTEM32\VERSION.dll
0x00007fff60df0000 - 0x00007fff60e1a000 	C:\Windows\SYSTEM32\WINMMBASE.dll
0x00007fff68800000 - 0x00007fff6884a000 	C:\Windows\System32\cfgmgr32.dll
0x0000000062810000 - 0x000000006281f000 	C:\Program Files\Java\jdk1.8.0_161\jre\bin\verify.dll
0x00000000627e0000 - 0x0000000062809000 	C:\Program Files\Java\jdk1.8.0_161\jre\bin\java.dll
0x00000000627c0000 - 0x00000000627d6000 	C:\Program Files\Java\jdk1.8.0_161\jre\bin\zip.dll
0x00007fff69d30000 - 0x00007fff6b167000 	C:\Windows\System32\SHELL32.dll
0x00007fff69c80000 - 0x00007fff69d26000 	C:\Windows\System32\shcore.dll
0x00007fff68850000 - 0x00007fff68f97000 	C:\Windows\System32\windows.storage.dll
0x00007fff6b430000 - 0x00007fff6b481000 	C:\Windows\System32\shlwapi.dll
0x00007fff67e40000 - 0x00007fff67e51000 	C:\Windows\System32\kernel.appcore.dll
0x00007fff67e60000 - 0x00007fff67eac000 	C:\Windows\System32\powrprof.dll
0x00007fff67eb0000 - 0x00007fff67ecb000 	C:\Windows\System32\profapi.dll
0x0000000062740000 - 0x000000006274d000 	C:\Program Files\Java\jdk1.8.0_161\jre\bin\management.dll
0x00000000627a0000 - 0x00000000627ba000 	C:\Program Files\Java\jdk1.8.0_161\jre\bin\net.dll
0x00007fff67650000 - 0x00007fff676b6000 	C:\Windows\system32\mswsock.dll
0x0000000062780000 - 0x0000000062791000 	C:\Program Files\Java\jdk1.8.0_161\jre\bin\nio.dll
0x00007fff4fb20000 - 0x00007fff4fb36000 	C:\Windows\system32\napinsp.dll
0x00007fff4f960000 - 0x00007fff4f97a000 	C:\Windows\system32\pnrpnsp.dll
0x00007fff61a20000 - 0x00007fff61a38000 	C:\Windows\system32\NLAapi.dll
0x00007fff67420000 - 0x00007fff674d6000 	C:\Windows\SYSTEM32\DNSAPI.dll
0x00007fff69c70000 - 0x00007fff69c78000 	C:\Windows\System32\NSI.dll
0x00007fff673e0000 - 0x00007fff67419000 	C:\Windows\SYSTEM32\IPHLPAPI.DLL
0x00007fff4f5c0000 - 0x00007fff4f5ce000 	C:\Windows\System32\winrnr.dll
0x00007fff4f5a0000 - 0x00007fff4f5b5000 	C:\Windows\System32\wshbth.dll
0x00007fff56ef0000 - 0x00007fff56efa000 	C:\Windows\System32\rasadhlp.dll
0x00007fff570b0000 - 0x00007fff57120000 	C:\Windows\System32\fwpuclnt.dll
0x00007fff67920000 - 0x00007fff67945000 	C:\Windows\SYSTEM32\bcrypt.dll

VM Arguments:
java_command: C:\Users\ADMINI~1\AppData\Local\Temp\surefire6022709588827448067\surefirebooter3695540103347106976.jar C:\Users\Administrator\AppData\Local\Temp\surefire6022709588827448067 2019-12-12T22-41-36_070-jvmRun1 surefire6298430581741963271tmp surefire_0238481761704640204tmp
java_class_path (initial): C:\Users\ADMINI~1\AppData\Local\Temp\surefire6022709588827448067\surefirebooter3695540103347106976.jar
Launcher Type: SUN_STANDARD

Environment Variables:
JAVA_HOME=C:\Program Files\Java\jdk1.8.0_231
CLASSPATH=   %CLASSPATH%;%JUNIT_HOME%\JUnit4.12.jar;D:\UnitTest\TaiNguyen\JUnit4.12.jar;D:\UnitTest\TaiNguyen\JUnit4.12.jar
PATH=C:\Program Files (x86)\NetSarang\Xshell 6\;C:\Program Files (x86)\NetSarang\Xftp 6\;C:\Python27\;C:\Python27\Scripts;D:\app\Administrator\virtual\product\12.2.0\dbhome_1\bin;C:\ProgramData\Oracle\Java\javapath;C:\Program Files (x86)\Intel\iCLS Client\;C:\Program Files\Intel\iCLS Client\;C:\Windows\system32;C:\Windows;C:\Windows\System32\Wbem;C:\Windows\System32\WindowsPowerShell\v1.0\;C:\Program Files (x86)\Intel\Intel(R) Management Engine Components\DAL;C:\Program Files\Intel\Intel(R) Management Engine Components\DAL;C:\Program Files (x86)\Intel\Intel(R) Management Engine Components\IPT;C:\Program Files\Intel\Intel(R) Management Engine Components\IPT;C:\Program Files\Microsoft SQL Server\120\DTS\Binn\;C:\Program Files\Microsoft SQL Server\Client SDK\ODBC\110\Tools\Binn\;C:\Program Files (x86)\Microsoft SQL Server\120\Tools\Binn\;C:\Program Files\Microsoft SQL Server\120\Tools\Binn\;C:\Program Files (x86)\Microsoft SQL Server\120\Tools\Binn\ManagementStudio\;C:\Program Files (x86)\Microsoft SQL Server\120\DTS\Binn\;C:\Program Files\Java\jdk1.8.0_161\bin;C:\Program Files\NVIDIA Corporation\NVIDIA NvDLISR;C:\Program Files (x86)\NVIDIA Corporation\PhysX\Common;C:\Program Files\TortoiseGit\bin;C:\Program Files\Git\cmd;C:\ProgramData\chocolatey\bin;C:\Program Files\nodejs\;C:\Program Files\Java\jdk1.8.0_231\bin;C:\Program Files\MySQL\MySQL Shell 8.0\bin\;C:\Users\Administrator\AppData\Roaming\npm\node_modules\@angular\cli\bin;;D:\vis\IntelliJ IDEA 2019.2.2\bin;;D:\visual\Microsoft VS Code\bin;C:\Users\Administrator\AppData\Roaming\npm
USERNAME=Administrator
OS=Windows_NT
PROCESSOR_IDENTIFIER=Intel64 Family 6 Model 158 Stepping 9, GenuineIntel



---------------  S Y S T E M  ---------------

OS: Windows 10.0 , 64 bit Build 16299 (10.0.16299.15)

CPU:total 4 (initial active 4) (4 cores per cpu, 1 threads per core) family 6 model 158 stepping 9, cmov, cx8, fxsr, mmx, sse, sse2, sse3, ssse3, sse4.1, sse4.2, popcnt, avx, avx2, aes, clmul, erms, 3dnowpref, lzcnt, tsc, tscinvbit, bmi1, bmi2, adx

Memory: 4k page, physical 8269412k(582396k free), swap 10218084k(7396k free)

vm_info: Java HotSpot(TM) 64-Bit Server VM (25.161-b12) for windows-amd64 JRE (1.8.0_161-b12), built on Dec 19 2017 17:52:25 by "java_re" with MS VC++ 10.0 (VS2010)

time: Thu Dec 12 22:41:40 2019
elapsed time: 4 seconds (0d 0h 0m 4s)

