#
# There is insufficient memory for the Java Runtime Environment to continue.
# Native memory allocation (malloc) failed to allocate 1666736 bytes for Chunk::new
# Possible reasons:
#   The system is out of physical RAM or swap space
#   In 32 bit mode, the process size limit was hit
# Possible solutions:
#   Reduce memory load on the system
#   Increase physical memory or swap space
#   Check if swap backing store is full
#   Use 64 bit Java on a 64 bit OS
#   Decrease Java heap size (-Xmx/-Xms)
#   Decrease number of Java threads
#   Decrease Java thread stack sizes (-Xss)
#   Set larger code cache with -XX:ReservedCodeCacheSize=
# This output file may be truncated or incomplete.
#
#  Out of Memory Error (allocation.cpp:390), pid=4656, tid=0x0000000000001364
#
# JRE version: Java(TM) SE Runtime Environment (8.0_161-b12) (build 1.8.0_161-b12)
# Java VM: Java HotSpot(TM) 64-Bit Server VM (25.161-b12 mixed mode windows-amd64 compressed oops)
# Failed to write core dump. Minidumps are not enabled by default on client versions of Windows
#

---------------  T H R E A D  ---------------

Current thread (0x00000000191a6800):  JavaThread "C2 CompilerThread1" daemon [_thread_in_native, id=4964, stack(0x000000001a8e0000,0x000000001a9e0000)]

Stack: [0x000000001a8e0000,0x000000001a9e0000]
[error occurred during error reporting (printing stack bounds), id 0xc0000005]

Native frames: (J=compiled Java code, j=interpreted, Vv=VM code, C=native code)


Current CompileTask:
C2:   8675 5927   !   4       org.springframework.core.annotation.AnnotationUtils::getAnnotatedMethodsInBaseType (163 bytes)


---------------  P R O C E S S  ---------------

Java Threads: ( => current thread )
  0x000000001dc43800 JavaThread "havasPoolName housekeeper" daemon [_thread_blocked, id=7288, stack(0x0000000021a90000,0x0000000021b90000)]
  0x000000001dc41800 JavaThread "Abandoned connection cleanup thread" daemon [_thread_blocked, id=6796, stack(0x0000000021990000,0x0000000021a90000)]
  0x000000001acb0000 JavaThread "surefire-forkedjvm-ping-30s" daemon [_thread_blocked, id=10172, stack(0x000000001b1e0000,0x000000001b2e0000)]
  0x000000001ac79000 JavaThread "surefire-forkedjvm-command-thread" daemon [_thread_in_native, id=10552, stack(0x000000001b0e0000,0x000000001b1e0000)]
  0x000000001ab18800 JavaThread "Service Thread" daemon [_thread_blocked, id=8420, stack(0x000000001aee0000,0x000000001afe0000)]
  0x00000000191a9800 JavaThread "C1 CompilerThread2" daemon [_thread_blocked, id=5200, stack(0x000000001a9e0000,0x000000001aae0000)]
=>0x00000000191a6800 JavaThread "C2 CompilerThread1" daemon [_thread_in_native, id=4964, stack(0x000000001a8e0000,0x000000001a9e0000)]
  0x00000000191a2000 JavaThread "C2 CompilerThread0" daemon [_thread_in_native, id=4356, stack(0x000000001a7e0000,0x000000001a8e0000)]
  0x000000001919f000 JavaThread "Attach Listener" daemon [_thread_blocked, id=3252, stack(0x000000001a6e0000,0x000000001a7e0000)]
  0x000000001919d800 JavaThread "Signal Dispatcher" daemon [_thread_blocked, id=5644, stack(0x000000001a5e0000,0x000000001a6e0000)]
  0x0000000019188800 JavaThread "Finalizer" daemon [_thread_blocked, id=7156, stack(0x000000001a3f0000,0x000000001a4f0000)]
  0x0000000004664000 JavaThread "Reference Handler" daemon [_thread_blocked, id=8060, stack(0x000000001a2f0000,0x000000001a3f0000)]
  0x0000000004572800 JavaThread "main" [_thread_blocked, id=8408, stack(0x0000000004470000,0x0000000004570000)]

Other Threads:
  0x0000000019167000 VMThread [stack: 0x000000001a1f0000,0x000000001a2f0000] [id=8772]
  0x000000001ab2d800 WatcherThread [stack: 0x000000001afe0000,0x000000001b0e0000] [id=9376]

VM state:at safepoint (normal execution)

VM Mutex/Monitor currently owned by a thread:  ([mutex/lock_event])
[0x000000000024e5d0] Threads_lock - owner thread: 0x0000000019167000
[0x000000000024df50] Heap_lock - owner thread: 0x0000000004572800

Heap:
 PSYoungGen      total 280064K, used 10382K [0x00000000d5f00000, 0x00000000e8c80000, 0x0000000100000000)
  eden space 268288K, 0% used [0x00000000d5f00000,0x00000000d5f00000,0x00000000e6500000)
  from space 11776K, 88% used [0x00000000e8100000,0x00000000e8b238c8,0x00000000e8c80000)
  to   space 14848K, 0% used [0x00000000e6f80000,0x00000000e6f80000,0x00000000e7e00000)
 ParOldGen       total 88576K, used 25004K [0x0000000081c00000, 0x0000000087280000, 0x00000000d5f00000)
  object space 88576K, 28% used [0x0000000081c00000,0x000000008346b180,0x0000000087280000)
 Metaspace       used 56663K, capacity 59020K, committed 59136K, reserved 1099776K
  class space    used 7671K, capacity 8113K, committed 8192K, reserved 1048576K

Card table byte_map: [0x0000000013a30000,0x0000000013e30000] byte_map_base: 0x0000000013622000

Marking Bits: (ParMarkBitMap*) 0x000000006303f860
 Begin Bits: [0x00000000144e0000, 0x0000000016470000)
 End Bits:   [0x0000000016470000, 0x0000000018400000)

Polling page: 0x0000000002760000

CodeCache: size=245760Kb used=19732Kb max_used=19732Kb free=226027Kb
 bounds [0x0000000004670000, 0x00000000059d0000, 0x0000000013670000]
 total_blobs=6568 nmethods=6062 adapters=417
 compilation: enabled

Compilation events (10 events):
Event: 8.592 Thread 0x00000000191a9800 6707   !   2       org.springframework.boot.test.autoconfigure.properties.PropertyMappingContextCustomizer$PropertyMappingCheckBeanPostProcessor::isAnnotated (35 bytes)
Event: 8.593 Thread 0x00000000191a9800 nmethod 6707 0x00000000059c6350 code [0x00000000059c64e0, 0x00000000059c6728]
Event: 8.593 Thread 0x00000000191a9800 6708   !   2       com.sun.proxy.$Proxy38::hashCode (32 bytes)
Event: 8.593 Thread 0x00000000191a9800 nmethod 6708 0x00000000059c68d0 code [0x00000000059c6a60, 0x00000000059c6d38]
Event: 8.593 Thread 0x00000000191a9800 6709   !   2       com.sun.proxy.$Proxy38::equals (39 bytes)
Event: 8.593 Thread 0x00000000191a9800 nmethod 6709 0x00000000059c6f10 code [0x00000000059c70a0, 0x00000000059c7478]
Event: 8.598 Thread 0x00000000191a9800 6710       2       org.springframework.core.annotation.AnnotatedElementUtils$MergedAnnotationAttributesProcessor::process (8 bytes)
Event: 8.598 Thread 0x00000000191a9800 nmethod 6710 0x00000000059c7710 code [0x00000000059c7880, 0x00000000059c7a08]
Event: 8.606 Thread 0x00000000191a9800 6711       1       org.springframework.data.jpa.repository.config.JpaMetamodelMappingContextFactoryBean::getObjectType (3 bytes)
Event: 8.606 Thread 0x00000000191a9800 nmethod 6711 0x00000000059c7ad0 code [0x00000000059c7c20, 0x00000000059c7d30]

GC Heap History (10 events):
Event: 3.488 GC heap after
Heap after GC invocations=10 (full 1):
 PSYoungGen      total 222720K, used 11767K [0x00000000d5f00000, 0x00000000e8e80000, 0x0000000100000000)
  eden space 210944K, 0% used [0x00000000d5f00000,0x00000000d5f00000,0x00000000e2d00000)
  from space 11776K, 99% used [0x00000000e2d00000,0x00000000e387ddc0,0x00000000e3880000)
  to   space 13824K, 0% used [0x00000000e8100000,0x00000000e8100000,0x00000000e8e80000)
 ParOldGen       total 54784K, used 10986K [0x0000000081c00000, 0x0000000085180000, 0x00000000d5f00000)
  object space 54784K, 20% used [0x0000000081c00000,0x00000000826bab90,0x0000000085180000)
 Metaspace       used 34175K, capacity 35416K, committed 35496K, reserved 1081344K
  class space    used 4416K, capacity 4685K, committed 4736K, reserved 1048576K
}
Event: 3.488 GC heap before
{Heap before GC invocations=11 (full 2):
 PSYoungGen      total 222720K, used 11767K [0x00000000d5f00000, 0x00000000e8e80000, 0x0000000100000000)
  eden space 210944K, 0% used [0x00000000d5f00000,0x00000000d5f00000,0x00000000e2d00000)
  from space 11776K, 99% used [0x00000000e2d00000,0x00000000e387ddc0,0x00000000e3880000)
  to   space 13824K, 0% used [0x00000000e8100000,0x00000000e8100000,0x00000000e8e80000)
 ParOldGen       total 54784K, used 10986K [0x0000000081c00000, 0x0000000085180000, 0x00000000d5f00000)
  object space 54784K, 20% used [0x0000000081c00000,0x00000000826bab90,0x0000000085180000)
 Metaspace       used 34175K, capacity 35416K, committed 35496K, reserved 1081344K
  class space    used 4416K, capacity 4685K, committed 4736K, reserved 1048576K
Event: 3.554 GC heap after
Heap after GC invocations=11 (full 2):
 PSYoungGen      total 222720K, used 0K [0x00000000d5f00000, 0x00000000e8e80000, 0x0000000100000000)
  eden space 210944K, 0% used [0x00000000d5f00000,0x00000000d5f00000,0x00000000e2d00000)
  from space 11776K, 0% used [0x00000000e2d00000,0x00000000e2d00000,0x00000000e3880000)
  to   space 13824K, 0% used [0x00000000e8100000,0x00000000e8100000,0x00000000e8e80000)
 ParOldGen       total 88576K, used 18229K [0x0000000081c00000, 0x0000000087280000, 0x00000000d5f00000)
  object space 88576K, 20% used [0x0000000081c00000,0x0000000082dcd628,0x0000000087280000)
 Metaspace       used 34175K, capacity 35416K, committed 35496K, reserved 1081344K
  class space    used 4416K, capacity 4685K, committed 4736K, reserved 1048576K
}
Event: 5.942 GC heap before
{Heap before GC invocations=12 (full 2):
 PSYoungGen      total 222720K, used 210944K [0x00000000d5f00000, 0x00000000e8e80000, 0x0000000100000000)
  eden space 210944K, 100% used [0x00000000d5f00000,0x00000000e2d00000,0x00000000e2d00000)
  from space 11776K, 0% used [0x00000000e2d00000,0x00000000e2d00000,0x00000000e3880000)
  to   space 13824K, 0% used [0x00000000e8100000,0x00000000e8100000,0x00000000e8e80000)
 ParOldGen       total 88576K, used 18229K [0x0000000081c00000, 0x0000000087280000, 0x00000000d5f00000)
  object space 88576K, 20% used [0x0000000081c00000,0x0000000082dcd628,0x0000000087280000)
 Metaspace       used 44222K, capacity 45696K, committed 46080K, reserved 1089536K
  class space    used 5956K, capacity 6273K, committed 6400K, reserved 1048576K
Event: 5.966 GC heap after
Heap after GC invocations=12 (full 2):
 PSYoungGen      total 280064K, used 11436K [0x00000000d5f00000, 0x00000000e8c80000, 0x0000000100000000)
  eden space 268288K, 0% used [0x00000000d5f00000,0x00000000d5f00000,0x00000000e6500000)
  from space 11776K, 97% used [0x00000000e8100000,0x00000000e8c2b208,0x00000000e8c80000)
  to   space 14848K, 0% used [0x00000000e6f80000,0x00000000e6f80000,0x00000000e7e00000)
 ParOldGen       total 88576K, used 18237K [0x0000000081c00000, 0x0000000087280000, 0x00000000d5f00000)
  object space 88576K, 20% used [0x0000000081c00000,0x0000000082dcf628,0x0000000087280000)
 Metaspace       used 44222K, capacity 45696K, committed 46080K, reserved 1089536K
  class space    used 5956K, capacity 6273K, committed 6400K, reserved 1048576K
}
Event: 7.990 GC heap before
{Heap before GC invocations=13 (full 2):
 PSYoungGen      total 280064K, used 279724K [0x00000000d5f00000, 0x00000000e8c80000, 0x0000000100000000)
  eden space 268288K, 100% used [0x00000000d5f00000,0x00000000e6500000,0x00000000e6500000)
  from space 11776K, 97% used [0x00000000e8100000,0x00000000e8c2b208,0x00000000e8c80000)
  to   space 14848K, 0% used [0x00000000e6f80000,0x00000000e6f80000,0x00000000e7e00000)
 ParOldGen       total 88576K, used 18237K [0x0000000081c00000, 0x0000000087280000, 0x00000000d5f00000)
  object space 88576K, 20% used [0x0000000081c00000,0x0000000082dcf628,0x0000000087280000)
 Metaspace       used 54961K, capacity 57128K, committed 57344K, reserved 1099776K
  class space    used 7509K, capacity 7907K, committed 7936K, reserved 1048576K
Event: 8.010 GC heap after
Heap after GC invocations=13 (full 2):
 PSYoungGen      total 283136K, used 14833K [0x00000000d5f00000, 0x00000000e8c80000, 0x0000000100000000)
  eden space 268288K, 0% used [0x00000000d5f00000,0x00000000d5f00000,0x00000000e6500000)
  from space 14848K, 99% used [0x00000000e6f80000,0x00000000e7dfc448,0x00000000e7e00000)
  to   space 11776K, 0% used [0x00000000e8100000,0x00000000e8100000,0x00000000e8c80000)
 ParOldGen       total 88576K, used 21056K [0x0000000081c00000, 0x0000000087280000, 0x00000000d5f00000)
  object space 88576K, 23% used [0x0000000081c00000,0x0000000083090100,0x0000000087280000)
 Metaspace       used 54961K, capacity 57128K, committed 57344K, reserved 1099776K
  class space    used 7509K, capacity 7907K, committed 7936K, reserved 1048576K
}
Event: 8.614 GC heap before
{Heap before GC invocations=14 (full 2):
 PSYoungGen      total 283136K, used 96386K [0x00000000d5f00000, 0x00000000e8c80000, 0x0000000100000000)
  eden space 268288K, 30% used [0x00000000d5f00000,0x00000000daea4788,0x00000000e6500000)
  from space 14848K, 99% used [0x00000000e6f80000,0x00000000e7dfc448,0x00000000e7e00000)
  to   space 11776K, 0% used [0x00000000e8100000,0x00000000e8100000,0x00000000e8c80000)
 ParOldGen       total 88576K, used 21056K [0x0000000081c00000, 0x0000000087280000, 0x00000000d5f00000)
  object space 88576K, 23% used [0x0000000081c00000,0x0000000083090100,0x0000000087280000)
 Metaspace       used 56663K, capacity 59020K, committed 59136K, reserved 1099776K
  class space    used 7671K, capacity 8113K, committed 8192K, reserved 1048576K
Event: 8.635 GC heap after
Heap after GC invocations=14 (full 2):
 PSYoungGen      total 280064K, used 10382K [0x00000000d5f00000, 0x00000000e8c80000, 0x0000000100000000)
  eden space 268288K, 0% used [0x00000000d5f00000,0x00000000d5f00000,0x00000000e6500000)
  from space 11776K, 88% used [0x00000000e8100000,0x00000000e8b238c8,0x00000000e8c80000)
  to   space 14848K, 0% used [0x00000000e6f80000,0x00000000e6f80000,0x00000000e7e00000)
 ParOldGen       total 88576K, used 25004K [0x0000000081c00000, 0x0000000087280000, 0x00000000d5f00000)
  object space 88576K, 28% used [0x0000000081c00000,0x000000008346b180,0x0000000087280000)
 Metaspace       used 56663K, capacity 59020K, committed 59136K, reserved 1099776K
  class space    used 7671K, capacity 8113K, committed 8192K, reserved 1048576K
}
Event: 8.635 GC heap before
{Heap before GC invocations=15 (full 3):
 PSYoungGen      total 280064K, used 10382K [0x00000000d5f00000, 0x00000000e8c80000, 0x0000000100000000)
  eden space 268288K, 0% used [0x00000000d5f00000,0x00000000d5f00000,0x00000000e6500000)
  from space 11776K, 88% used [0x00000000e8100000,0x00000000e8b238c8,0x00000000e8c80000)
  to   space 14848K, 0% used [0x00000000e6f80000,0x00000000e6f80000,0x00000000e7e00000)
 ParOldGen       total 88576K, used 25004K [0x0000000081c00000, 0x0000000087280000, 0x00000000d5f00000)
  object space 88576K, 28% used [0x0000000081c00000,0x000000008346b180,0x0000000087280000)
 Metaspace       used 56663K, capacity 59020K, committed 59136K, reserved 1099776K
  class space    used 7671K, capacity 8113K, committed 8192K, reserved 1048576K

Deoptimization events (10 events):
Event: 7.960 Thread 0x0000000004572800 Uncommon trap: reason=bimorphic action=maybe_recompile pc=0x0000000004f88e18 method=java.util.regex.Pattern$5.isSatisfiedBy(I)Z @ 16
Event: 7.960 Thread 0x0000000004572800 Uncommon trap: reason=bimorphic action=maybe_recompile pc=0x0000000004f88e18 method=java.util.regex.Pattern$5.isSatisfiedBy(I)Z @ 16
Event: 7.960 Thread 0x0000000004572800 Uncommon trap: reason=class_check action=maybe_recompile pc=0x000000000559645c method=java.util.regex.Matcher.search(I)Z @ 86
Event: 7.967 Thread 0x0000000004572800 Uncommon trap: reason=class_check action=maybe_recompile pc=0x000000000559645c method=java.util.regex.Matcher.search(I)Z @ 86
Event: 8.014 Thread 0x0000000004572800 Uncommon trap: reason=unstable_if action=reinterpret pc=0x0000000005928800 method=org.springframework.core.BridgeMethodResolver.isBridgedCandidateFor(Ljava/lang/reflect/Method;Ljava/lang/reflect/Method;)Z @ 37
Event: 8.015 Thread 0x0000000004572800 Uncommon trap: reason=unstable_if action=reinterpret pc=0x0000000004b69c40 method=java.util.HashMap.putVal(ILjava/lang/Object;Ljava/lang/Object;ZZ)Ljava/lang/Object; @ 162
Event: 8.180 Thread 0x0000000004572800 Uncommon trap: reason=unstable_if action=reinterpret pc=0x0000000004ba3d88 method=java.util.HashMap.putVal(ILjava/lang/Object;Ljava/lang/Object;ZZ)Ljava/lang/Object; @ 162
Event: 8.382 Thread 0x0000000004572800 Uncommon trap: reason=unstable_if action=reinterpret pc=0x000000000590f04c method=org.springframework.core.annotation.AnnotationUtils.findAnnotation(Ljava/lang/Class;Ljava/lang/Class;Ljava/util/Set;)Ljava/lang/annotation/Annotation; @ 77
Event: 8.468 Thread 0x0000000004572800 Uncommon trap: reason=unstable_if action=reinterpret pc=0x0000000004ada7f0 method=java.util.HashMap.resize()[Ljava/util/HashMap$Node; @ 206
Event: 8.469 Thread 0x0000000004572800 Uncommon trap: reason=unstable_if action=reinterpret pc=0x00000000049708d0 method=java.util.HashMap.getNode(ILjava/lang/Object;)Ljava/util/HashMap$Node; @ 84

Classes redefined (0 events):
No events

Internal exceptions (10 events):
Event: 8.594 Thread 0x0000000004572800 Exception <a 'java/lang/ClassNotFoundException': java/lang/ObjectCustomizer> (0x00000000da88b780) thrown at [C:\re\workspace\8-2-build-windows-amd64-cygwin\jdk8u161\10277\hotspot\src\share\vm\classfile\systemDictionary.cpp, line 210]
Event: 8.595 Thread 0x0000000004572800 Exception <a 'java/lang/ClassNotFoundException': vn/vissoft/portal/controller/PersonalControllerCustomizer> (0x00000000da8c3f20) thrown at [C:\re\workspace\8-2-build-windows-amd64-cygwin\jdk8u161\10277\hotspot\src\share\vm\classfile\systemDictionary.cpp, 
Event: 8.598 Thread 0x0000000004572800 Exception <a 'java/lang/ClassNotFoundException': java/lang/ObjectCustomizer> (0x00000000da92e5e0) thrown at [C:\re\workspace\8-2-build-windows-amd64-cygwin\jdk8u161\10277\hotspot\src\share\vm\classfile\systemDictionary.cpp, line 210]
Event: 8.599 Thread 0x0000000004572800 Exception <a 'java/lang/ClassNotFoundException': vn/vissoft/portal/controller/ProfileControllerCustomizer> (0x00000000da966cf0) thrown at [C:\re\workspace\8-2-build-windows-amd64-cygwin\jdk8u161\10277\hotspot\src\share\vm\classfile\systemDictionary.cpp, l
Event: 8.604 Thread 0x0000000004572800 Exception <a 'java/lang/ClassNotFoundException': java/lang/ObjectCustomizer> (0x00000000da9940a0) thrown at [C:\re\workspace\8-2-build-windows-amd64-cygwin\jdk8u161\10277\hotspot\src\share\vm\classfile\systemDictionary.cpp, line 210]
Event: 8.604 Thread 0x0000000004572800 Exception <a 'java/lang/ClassNotFoundException': vn/vissoft/portal/services/impl/ProfileServiceImplCustomizer> (0x00000000da9cfcd0) thrown at [C:\re\workspace\8-2-build-windows-amd64-cygwin\jdk8u161\10277\hotspot\src\share\vm\classfile\systemDictionary.cp
Event: 8.605 Thread 0x0000000004572800 Exception <a 'java/lang/ClassNotFoundException': vn/vissoft/portal/services/ProfileServiceCustomizer> (0x00000000daa0a258) thrown at [C:\re\workspace\8-2-build-windows-amd64-cygwin\jdk8u161\10277\hotspot\src\share\vm\classfile\systemDictionary.cpp, line 2
Event: 8.608 Thread 0x0000000004572800 Exception <a 'java/lang/ClassNotFoundException': java/lang/ObjectCustomizer> (0x00000000daa2bac8) thrown at [C:\re\workspace\8-2-build-windows-amd64-cygwin\jdk8u161\10277\hotspot\src\share\vm\classfile\systemDictionary.cpp, line 210]
Event: 8.610 Thread 0x0000000004572800 Exception <a 'java/lang/ClassNotFoundException': vn/vissoft/portal/dao/impl/ProfileDAOImplCustomizer> (0x00000000daa62060) thrown at [C:\re\workspace\8-2-build-windows-amd64-cygwin\jdk8u161\10277\hotspot\src\share\vm\classfile\systemDictionary.cpp, line 2
Event: 8.611 Thread 0x0000000004572800 Exception <a 'java/lang/ClassNotFoundException': vn/vissoft/portal/dao/ProfileDAOCustomizer> (0x00000000daa94cd8) thrown at [C:\re\workspace\8-2-build-windows-amd64-cygwin\jdk8u161\10277\hotspot\src\share\vm\classfile\systemDictionary.cpp, line 210]

Events (10 events):
Event: 8.609 loading class vn/vissoft/portal/dao/impl/ProfileDAOImplCustomizer done
Event: 8.610 loading class vn/vissoft/portal/dao/impl/ProfileDAOImplCustomizer
Event: 8.610 loading class vn/vissoft/portal/dao/impl/ProfileDAOImplCustomizer done
Event: 8.610 loading class vn/vissoft/portal/dao/ProfileDAOCustomizer
Event: 8.610 loading class vn/vissoft/portal/dao/ProfileDAOCustomizer done
Event: 8.611 loading class vn/vissoft/portal/dao/ProfileDAOCustomizer
Event: 8.611 loading class vn/vissoft/portal/dao/ProfileDAOCustomizer done
Event: 8.611 loading class vn/vissoft/portal/dao/ProfileDAOCustomizer
Event: 8.611 loading class vn/vissoft/portal/dao/ProfileDAOCustomizer done
Event: 8.614 Executing VM operation: CollectForMetadataAllocation


Dynamic libraries:
0x00007ff756970000 - 0x00007ff7569a7000 	C:\Program Files\Java\jdk1.8.0_161\jre\bin\java.exe
0x00007fff6bad0000 - 0x00007fff6bcb0000 	C:\Windows\SYSTEM32\ntdll.dll
0x00007fff6b5e0000 - 0x00007fff6b68e000 	C:\Windows\System32\KERNEL32.DLL
0x00007fff684f0000 - 0x00007fff68756000 	C:\Windows\System32\KERNELBASE.dll
0x00007fff699d0000 - 0x00007fff69a71000 	C:\Windows\System32\ADVAPI32.dll
0x00007fff6b860000 - 0x00007fff6b8fd000 	C:\Windows\System32\msvcrt.dll
0x00007fff6b800000 - 0x00007fff6b85b000 	C:\Windows\System32\sechost.dll
0x00007fff6b180000 - 0x00007fff6b29f000 	C:\Windows\System32\RPCRT4.dll
0x00007fff6b2a0000 - 0x00007fff6b42e000 	C:\Windows\System32\USER32.dll
0x00007fff68760000 - 0x00007fff68780000 	C:\Windows\System32\win32u.dll
0x00007fff6ba70000 - 0x00007fff6ba98000 	C:\Windows\System32\GDI32.dll
0x00007fff67f80000 - 0x00007fff68111000 	C:\Windows\System32\gdi32full.dll
0x00007fff68350000 - 0x00007fff683eb000 	C:\Windows\System32\msvcp_win.dll
0x00007fff683f0000 - 0x00007fff684e6000 	C:\Windows\System32\ucrtbase.dll
0x00007fff5bc30000 - 0x00007fff5be99000 	C:\Windows\WinSxS\amd64_microsoft.windows.common-controls_6595b64144ccf1df_6.0.16299.15_none_cc92fb402215d91d\COMCTL32.dll
0x00007fff69110000 - 0x00007fff69418000 	C:\Windows\System32\combase.dll
0x00007fff68780000 - 0x00007fff687f2000 	C:\Windows\System32\bcryptPrimitives.dll
0x00007fff69c40000 - 0x00007fff69c6d000 	C:\Windows\System32\IMM32.DLL
0x00000000630c0000 - 0x0000000063192000 	C:\Program Files\Java\jdk1.8.0_161\jre\bin\msvcr100.dll
0x0000000062820000 - 0x00000000630bf000 	C:\Program Files\Java\jdk1.8.0_161\jre\bin\server\jvm.dll
0x00007fff6b170000 - 0x00007fff6b178000 	C:\Windows\System32\PSAPI.DLL
0x00007fff4e8e0000 - 0x00007fff4e8e9000 	C:\Windows\SYSTEM32\WSOCK32.dll
0x00007fff60e20000 - 0x00007fff60e43000 	C:\Windows\SYSTEM32\WINMM.dll
0x00007fff60c20000 - 0x00007fff60c2a000 	C:\Windows\SYSTEM32\VERSION.dll
0x00007fff6b6f0000 - 0x00007fff6b75c000 	C:\Windows\System32\WS2_32.dll
0x00007fff60df0000 - 0x00007fff60e1a000 	C:\Windows\SYSTEM32\winmmbase.dll
0x00007fff68800000 - 0x00007fff6884a000 	C:\Windows\System32\cfgmgr32.dll
0x0000000062810000 - 0x000000006281f000 	C:\Program Files\Java\jdk1.8.0_161\jre\bin\verify.dll
0x00000000627e0000 - 0x0000000062809000 	C:\Program Files\Java\jdk1.8.0_161\jre\bin\java.dll
0x00000000627c0000 - 0x00000000627d6000 	C:\Program Files\Java\jdk1.8.0_161\jre\bin\zip.dll
0x00007fff69d30000 - 0x00007fff6b167000 	C:\Windows\System32\SHELL32.dll
0x00007fff69c80000 - 0x00007fff69d26000 	C:\Windows\System32\shcore.dll
0x00007fff68850000 - 0x00007fff68f97000 	C:\Windows\System32\windows.storage.dll
0x00007fff6b430000 - 0x00007fff6b481000 	C:\Windows\System32\shlwapi.dll
0x00007fff67e40000 - 0x00007fff67e51000 	C:\Windows\System32\kernel.appcore.dll
0x00007fff67e60000 - 0x00007fff67eac000 	C:\Windows\System32\powrprof.dll
0x00007fff67eb0000 - 0x00007fff67ecb000 	C:\Windows\System32\profapi.dll
0x0000000062740000 - 0x000000006274d000 	C:\Program Files\Java\jdk1.8.0_161\jre\bin\management.dll
0x00000000627a0000 - 0x00000000627ba000 	C:\Program Files\Java\jdk1.8.0_161\jre\bin\net.dll
0x00007fff67650000 - 0x00007fff676b6000 	C:\Windows\system32\mswsock.dll
0x0000000062780000 - 0x0000000062791000 	C:\Program Files\Java\jdk1.8.0_161\jre\bin\nio.dll
0x00007fff4fb20000 - 0x00007fff4fb36000 	C:\Windows\system32\napinsp.dll
0x00007fff4f960000 - 0x00007fff4f97a000 	C:\Windows\system32\pnrpnsp.dll
0x00007fff61a20000 - 0x00007fff61a38000 	C:\Windows\system32\NLAapi.dll
0x00007fff67420000 - 0x00007fff674d6000 	C:\Windows\SYSTEM32\DNSAPI.dll
0x00007fff69c70000 - 0x00007fff69c78000 	C:\Windows\System32\NSI.dll
0x00007fff673e0000 - 0x00007fff67419000 	C:\Windows\SYSTEM32\IPHLPAPI.DLL
0x00007fff4f5c0000 - 0x00007fff4f5ce000 	C:\Windows\System32\winrnr.dll
0x00007fff4f5a0000 - 0x00007fff4f5b5000 	C:\Windows\System32\wshbth.dll
0x00007fff56ef0000 - 0x00007fff56efa000 	C:\Windows\System32\rasadhlp.dll
0x00007fff570b0000 - 0x00007fff57120000 	C:\Windows\System32\fwpuclnt.dll
0x00007fff67920000 - 0x00007fff67945000 	C:\Windows\SYSTEM32\bcrypt.dll
0x00007fff67810000 - 0x00007fff67827000 	C:\Windows\SYSTEM32\CRYPTSP.dll
0x00007fff67260000 - 0x00007fff67293000 	C:\Windows\system32\rsaenh.dll
0x00007fff67d20000 - 0x00007fff67d49000 	C:\Windows\SYSTEM32\USERENV.dll
0x00007fff67830000 - 0x00007fff6783b000 	C:\Windows\SYSTEM32\CRYPTBASE.dll
0x00007fff5f8d0000 - 0x00007fff5f8e6000 	C:\Windows\SYSTEM32\dhcpcsvc6.DLL
0x00007fff5fa40000 - 0x00007fff5fa5a000 	C:\Windows\SYSTEM32\dhcpcsvc.DLL

VM Arguments:
java_command: C:\Users\ADMINI~1\AppData\Local\Temp\surefire54377267270189735\surefirebooter1866528856899332970.jar C:\Users\Administrator\AppData\Local\Temp\surefire54377267270189735 2019-12-12T22-17-00_034-jvmRun1 surefire684740156513955251tmp surefire_01276774262249297099tmp
java_class_path (initial): C:\Users\ADMINI~1\AppData\Local\Temp\surefire54377267270189735\surefirebooter1866528856899332970.jar
Launcher Type: SUN_STANDARD

Environment Variables:
JAVA_HOME=C:\Program Files\Java\jdk1.8.0_231
CLASSPATH=   %CLASSPATH%;%JUNIT_HOME%\JUnit4.12.jar;D:\UnitTest\TaiNguyen\JUnit4.12.jar;D:\UnitTest\TaiNguyen\JUnit4.12.jar
PATH=C:\Program Files (x86)\NetSarang\Xshell 6\;C:\Program Files (x86)\NetSarang\Xftp 6\;C:\Python27\;C:\Python27\Scripts;D:\app\Administrator\virtual\product\12.2.0\dbhome_1\bin;C:\ProgramData\Oracle\Java\javapath;C:\Program Files (x86)\Intel\iCLS Client\;C:\Program Files\Intel\iCLS Client\;C:\Windows\system32;C:\Windows;C:\Windows\System32\Wbem;C:\Windows\System32\WindowsPowerShell\v1.0\;C:\Program Files (x86)\Intel\Intel(R) Management Engine Components\DAL;C:\Program Files\Intel\Intel(R) Management Engine Components\DAL;C:\Program Files (x86)\Intel\Intel(R) Management Engine Components\IPT;C:\Program Files\Intel\Intel(R) Management Engine Components\IPT;C:\Program Files\Microsoft SQL Server\120\DTS\Binn\;C:\Program Files\Microsoft SQL Server\Client SDK\ODBC\110\Tools\Binn\;C:\Program Files (x86)\Microsoft SQL Server\120\Tools\Binn\;C:\Program Files\Microsoft SQL Server\120\Tools\Binn\;C:\Program Files (x86)\Microsoft SQL Server\120\Tools\Binn\ManagementStudio\;C:\Program Files (x86)\Microsoft SQL Server\120\DTS\Binn\;C:\Program Files\Java\jdk1.8.0_161\bin;C:\Program Files\NVIDIA Corporation\NVIDIA NvDLISR;C:\Program Files (x86)\NVIDIA Corporation\PhysX\Common;C:\Program Files\TortoiseGit\bin;C:\Program Files\Git\cmd;C:\ProgramData\chocolatey\bin;C:\Program Files\nodejs\;C:\Program Files\Java\jdk1.8.0_231\bin;C:\Program Files\MySQL\MySQL Shell 8.0\bin\;C:\Users\Administrator\AppData\Roaming\npm\node_modules\@angular\cli\bin;;D:\vis\IntelliJ IDEA 2019.2.2\bin;;D:\visual\Microsoft VS Code\bin;C:\Users\Administrator\AppData\Roaming\npm
USERNAME=Administrator
OS=Windows_NT
PROCESSOR_IDENTIFIER=Intel64 Family 6 Model 158 Stepping 9, GenuineIntel



---------------  S Y S T E M  ---------------

OS: Windows 10.0 , 64 bit Build 16299 (10.0.16299.15)

CPU:total 4 (initial active 4) (4 cores per cpu, 1 threads per core) family 6 model 158 stepping 9, cmov, cx8, fxsr, mmx, sse, sse2, sse3, ssse3, sse4.1, sse4.2, popcnt, avx, avx2, aes, clmul, erms, 3dnowpref, lzcnt, tsc, tscinvbit, bmi1, bmi2, adx

Memory: 4k page, physical 8269412k(517712k free), swap 10218084k(5948k free)

vm_info: Java HotSpot(TM) 64-Bit Server VM (25.161-b12) for windows-amd64 JRE (1.8.0_161-b12), built on Dec 19 2017 17:52:25 by "java_re" with MS VC++ 10.0 (VS2010)

time: Thu Dec 12 22:17:08 2019
elapsed time: 8 seconds (0d 0h 0m 8s)

