#
# There is insufficient memory for the Java Runtime Environment to continue.
# Native memory allocation (malloc) failed to allocate 32784 bytes for Chunk::new
# Possible reasons:
#   The system is out of physical RAM or swap space
#   In 32 bit mode, the process size limit was hit
# Possible solutions:
#   Reduce memory load on the system
#   Increase physical memory or swap space
#   Check if swap backing store is full
#   Use 64 bit Java on a 64 bit OS
#   Decrease Java heap size (-Xmx/-Xms)
#   Decrease number of Java threads
#   Decrease Java thread stack sizes (-Xss)
#   Set larger code cache with -XX:ReservedCodeCacheSize=
# This output file may be truncated or incomplete.
#
#  Out of Memory Error (allocation.cpp:390), pid=10036, tid=0x00000000000017b4
#
# JRE version: Java(TM) SE Runtime Environment (8.0_161-b12) (build 1.8.0_161-b12)
# Java VM: Java HotSpot(TM) 64-Bit Server VM (25.161-b12 mixed mode windows-amd64 compressed oops)
# Failed to write core dump. Minidumps are not enabled by default on client versions of Windows
#

---------------  T H R E A D  ---------------

Current thread (0x000000001af48000):  JavaThread "C2 CompilerThread0" daemon [_thread_in_native, id=6068, stack(0x000000001b3e0000,0x000000001b4e0000)]

Stack: [0x000000001b3e0000,0x000000001b4e0000]
[error occurred during error reporting (printing stack bounds), id 0xc0000005]

Native frames: (J=compiled Java code, j=interpreted, Vv=VM code, C=native code)


Current CompileTask:
C2:  29487 6706  s!   4       sun.misc.URLClassPath::getLoader (243 bytes)


---------------  P R O C E S S  ---------------

Java Threads: ( => current thread )
  0x000000001afaf000 JavaThread "Service Thread" daemon [_thread_blocked, id=11056, stack(0x000000001b6e0000,0x000000001b7e0000)]
  0x000000001af4c000 JavaThread "C1 CompilerThread2" daemon [_thread_blocked, id=11336, stack(0x000000001b5e0000,0x000000001b6e0000)]
  0x000000001af4a800 JavaThread "C2 CompilerThread1" daemon [_thread_blocked, id=760, stack(0x000000001b4e0000,0x000000001b5e0000)]
=>0x000000001af48000 JavaThread "C2 CompilerThread0" daemon [_thread_in_native, id=6068, stack(0x000000001b3e0000,0x000000001b4e0000)]
  0x000000001aee2000 JavaThread "Monitor Ctrl-Break" daemon [_thread_in_native, id=6644, stack(0x000000001b2e0000,0x000000001b3e0000)]
  0x000000001986d000 JavaThread "Attach Listener" daemon [_thread_blocked, id=1152, stack(0x000000001ade0000,0x000000001aee0000)]
  0x000000001986b800 JavaThread "Signal Dispatcher" daemon [_thread_blocked, id=5684, stack(0x000000001ace0000,0x000000001ade0000)]
  0x0000000004d3e800 JavaThread "Finalizer" daemon [_thread_blocked, id=3196, stack(0x000000001aaf0000,0x000000001abf0000)]
  0x0000000004d33000 JavaThread "Reference Handler" daemon [_thread_blocked, id=11248, stack(0x000000001a9f0000,0x000000001aaf0000)]
  0x000000000306e800 JavaThread "main" [_thread_blocked, id=11216, stack(0x0000000004a40000,0x0000000004b40000)]

Other Threads:
  0x0000000019837800 VMThread [stack: 0x000000001a8f0000,0x000000001a9f0000] [id=7336]
  0x000000001afb4000 WatcherThread [stack: 0x000000001b7e0000,0x000000001b8e0000] [id=920]

VM state:at safepoint (normal execution)

VM Mutex/Monitor currently owned by a thread:  ([mutex/lock_event])
[0x0000000004c40850] Threads_lock - owner thread: 0x0000000019837800
[0x0000000004c400d0] Heap_lock - owner thread: 0x000000000306e800

Heap:
 PSYoungGen      total 50688K, used 21167K [0x00000000d5f00000, 0x00000000dad80000, 0x0000000100000000)
  eden space 31232K, 67% used [0x00000000d5f00000,0x00000000d73abd90,0x00000000d7d80000)
  from space 19456K, 0% used [0x00000000d7d80000,0x00000000d7d80000,0x00000000d9080000)
  to   space 18944K, 0% used [0x00000000d9b00000,0x00000000d9b00000,0x00000000dad80000)
 ParOldGen       total 66560K, used 64349K [0x0000000081c00000, 0x0000000085d00000, 0x00000000d5f00000)
  object space 66560K, 96% used [0x0000000081c00000,0x0000000085ad7530,0x0000000085d00000)
 Metaspace       used 25683K, capacity 26296K, committed 26416K, reserved 1077248K
  class space    used 2834K, capacity 3038K, committed 3120K, reserved 1048576K

Card table byte_map: [0x0000000014100000,0x0000000014500000] byte_map_base: 0x0000000013cf2000

Marking Bits: (ParMarkBitMap*) 0x0000000052bff860
 Begin Bits: [0x0000000014bb0000, 0x0000000016b40000)
 End Bits:   [0x0000000016b40000, 0x0000000018ad0000)

Polling page: 0x0000000003030000

CodeCache: size=245760Kb used=23246Kb max_used=23834Kb free=222513Kb
 bounds [0x0000000004d40000, 0x00000000064b0000, 0x0000000013d40000]
 total_blobs=6252 nmethods=5841 adapters=323
 compilation: enabled

Compilation events (10 events):
Event: 29.392 Thread 0x000000001af4c000 nmethod 6703 0x0000000005b2d090 code [0x0000000005b2d2a0, 0x0000000005b2dd68]
Event: 29.392 Thread 0x000000001af4c000 6702       3       java.lang.Class::getDeclaredConstructors (18 bytes)
Event: 29.392 Thread 0x000000001af4c000 nmethod 6702 0x0000000004f64390 code [0x0000000004f64520, 0x0000000004f64758]
Event: 29.393 Thread 0x000000001af48000 nmethod 6701 0x0000000005b81a90 code [0x0000000005b81c20, 0x0000000005b82218]
Event: 29.395 Thread 0x000000001af4a800 6704  s    4       sun.misc.URLClassPath::getNextLoader (88 bytes)
Event: 29.401 Thread 0x000000001af48000 6705       4       org.codehaus.plexus.classworlds.realm.ClassRealm::getImportClassLoader (47 bytes)
Event: 29.406 Thread 0x000000001af48000 nmethod 6705 0x0000000005637950 code [0x0000000005637ae0, 0x0000000005637ec8]
Event: 29.406 Thread 0x000000001af48000 6706  s!   4       sun.misc.URLClassPath::getLoader (243 bytes)
Event: 29.411 Thread 0x000000001af4c000 6707       3       java.lang.reflect.Constructor::getDeclaredAnnotations (5 bytes)
Event: 29.411 Thread 0x000000001af4c000 nmethod 6707 0x0000000005193bd0 code [0x0000000005193d80, 0x0000000005194248]

GC Heap History (10 events):
Event: 25.742 GC heap after
Heap after GC invocations=22 (full 1):
 PSYoungGen      total 50688K, used 5195K [0x00000000d5f00000, 0x00000000dad80000, 0x0000000100000000)
  eden space 31232K, 0% used [0x00000000d5f00000,0x00000000d5f00000,0x00000000d7d80000)
  from space 19456K, 26% used [0x00000000d7d80000,0x00000000d8292c80,0x00000000d9080000)
  to   space 18944K, 0% used [0x00000000d9b00000,0x00000000d9b00000,0x00000000dad80000)
 ParOldGen       total 66560K, used 57010K [0x0000000081c00000, 0x0000000085d00000, 0x00000000d5f00000)
  object space 66560K, 85% used [0x0000000081c00000,0x00000000853acb78,0x0000000085d00000)
 Metaspace       used 23457K, capacity 23910K, committed 24112K, reserved 1071104K
  class space    used 2663K, capacity 2780K, committed 2864K, reserved 1048576K
}
Event: 25.742 GC heap before
{Heap before GC invocations=23 (full 2):
 PSYoungGen      total 50688K, used 5195K [0x00000000d5f00000, 0x00000000dad80000, 0x0000000100000000)
  eden space 31232K, 0% used [0x00000000d5f00000,0x00000000d5f00000,0x00000000d7d80000)
  from space 19456K, 26% used [0x00000000d7d80000,0x00000000d8292c80,0x00000000d9080000)
  to   space 18944K, 0% used [0x00000000d9b00000,0x00000000d9b00000,0x00000000dad80000)
 ParOldGen       total 66560K, used 57010K [0x0000000081c00000, 0x0000000085d00000, 0x00000000d5f00000)
  object space 66560K, 85% used [0x0000000081c00000,0x00000000853acb78,0x0000000085d00000)
 Metaspace       used 23457K, capacity 23910K, committed 24112K, reserved 1071104K
  class space    used 2663K, capacity 2780K, committed 2864K, reserved 1048576K
Event: 25.894 GC heap after
Heap after GC invocations=23 (full 2):
 PSYoungGen      total 50688K, used 0K [0x00000000d5f00000, 0x00000000dad80000, 0x0000000100000000)
  eden space 31232K, 0% used [0x00000000d5f00000,0x00000000d5f00000,0x00000000d7d80000)
  from space 19456K, 0% used [0x00000000d7d80000,0x00000000d7d80000,0x00000000d9080000)
  to   space 18944K, 0% used [0x00000000d9b00000,0x00000000d9b00000,0x00000000dad80000)
 ParOldGen       total 66560K, used 60676K [0x0000000081c00000, 0x0000000085d00000, 0x00000000d5f00000)
  object space 66560K, 91% used [0x0000000081c00000,0x0000000085741058,0x0000000085d00000)
 Metaspace       used 23457K, capacity 23910K, committed 24112K, reserved 1071104K
  class space    used 2663K, capacity 2780K, committed 2864K, reserved 1048576K
}
Event: 26.914 GC heap before
{Heap before GC invocations=24 (full 3):
 PSYoungGen      total 50688K, used 31232K [0x00000000d5f00000, 0x00000000dad80000, 0x0000000100000000)
  eden space 31232K, 100% used [0x00000000d5f00000,0x00000000d7d80000,0x00000000d7d80000)
  from space 19456K, 0% used [0x00000000d7d80000,0x00000000d7d80000,0x00000000d9080000)
  to   space 18944K, 0% used [0x00000000d9b00000,0x00000000d9b00000,0x00000000dad80000)
 ParOldGen       total 66560K, used 60676K [0x0000000081c00000, 0x0000000085d00000, 0x00000000d5f00000)
  object space 66560K, 91% used [0x0000000081c00000,0x0000000085741058,0x0000000085d00000)
 Metaspace       used 24748K, capacity 25254K, committed 25520K, reserved 1071104K
  class space    used 2759K, capacity 2908K, committed 2992K, reserved 1048576K
Event: 27.281 GC heap after
Heap after GC invocations=24 (full 3):
 PSYoungGen      total 50688K, used 0K [0x00000000d5f00000, 0x00000000dad80000, 0x0000000100000000)
  eden space 31232K, 0% used [0x00000000d5f00000,0x00000000d5f00000,0x00000000d7d80000)
  from space 19456K, 0% used [0x00000000d7d80000,0x00000000d7d80000,0x00000000d9080000)
  to   space 18944K, 0% used [0x00000000d9b00000,0x00000000d9b00000,0x00000000dad80000)
 ParOldGen       total 66560K, used 62069K [0x0000000081c00000, 0x0000000085d00000, 0x00000000d5f00000)
  object space 66560K, 93% used [0x0000000081c00000,0x000000008589d480,0x0000000085d00000)
 Metaspace       used 24748K, capacity 25254K, committed 25520K, reserved 1071104K
  class space    used 2759K, capacity 2908K, committed 2992K, reserved 1048576K
}
Event: 27.604 GC heap before
{Heap before GC invocations=25 (full 4):
 PSYoungGen      total 50688K, used 31232K [0x00000000d5f00000, 0x00000000dad80000, 0x0000000100000000)
  eden space 31232K, 100% used [0x00000000d5f00000,0x00000000d7d80000,0x00000000d7d80000)
  from space 19456K, 0% used [0x00000000d7d80000,0x00000000d7d80000,0x00000000d9080000)
  to   space 18944K, 0% used [0x00000000d9b00000,0x00000000d9b00000,0x00000000dad80000)
 ParOldGen       total 66560K, used 62069K [0x0000000081c00000, 0x0000000085d00000, 0x00000000d5f00000)
  object space 66560K, 93% used [0x0000000081c00000,0x000000008589d480,0x0000000085d00000)
 Metaspace       used 25074K, capacity 25606K, committed 25776K, reserved 1073152K
  class space    used 2784K, capacity 2940K, committed 2992K, reserved 1048576K
Event: 27.681 GC heap after
Heap after GC invocations=25 (full 4):
 PSYoungGen      total 50688K, used 0K [0x00000000d5f00000, 0x00000000dad80000, 0x0000000100000000)
  eden space 31232K, 0% used [0x00000000d5f00000,0x00000000d5f00000,0x00000000d7d80000)
  from space 19456K, 0% used [0x00000000d7d80000,0x00000000d7d80000,0x00000000d9080000)
  to   space 18944K, 0% used [0x00000000d9b00000,0x00000000d9b00000,0x00000000dad80000)
 ParOldGen       total 66560K, used 63498K [0x0000000081c00000, 0x0000000085d00000, 0x00000000d5f00000)
  object space 66560K, 95% used [0x0000000081c00000,0x0000000085a02ae8,0x0000000085d00000)
 Metaspace       used 25074K, capacity 25606K, committed 25776K, reserved 1073152K
  class space    used 2784K, capacity 2940K, committed 2992K, reserved 1048576K
}
Event: 27.950 GC heap before
{Heap before GC invocations=26 (full 5):
 PSYoungGen      total 50688K, used 31232K [0x00000000d5f00000, 0x00000000dad80000, 0x0000000100000000)
  eden space 31232K, 100% used [0x00000000d5f00000,0x00000000d7d80000,0x00000000d7d80000)
  from space 19456K, 0% used [0x00000000d7d80000,0x00000000d7d80000,0x00000000d9080000)
  to   space 18944K, 0% used [0x00000000d9b00000,0x00000000d9b00000,0x00000000dad80000)
 ParOldGen       total 66560K, used 63498K [0x0000000081c00000, 0x0000000085d00000, 0x00000000d5f00000)
  object space 66560K, 95% used [0x0000000081c00000,0x0000000085a02ae8,0x0000000085d00000)
 Metaspace       used 25212K, capacity 25734K, committed 26032K, reserved 1073152K
  class space    used 2786K, capacity 2940K, committed 2992K, reserved 1048576K
Event: 28.153 GC heap after
Heap after GC invocations=26 (full 5):
 PSYoungGen      total 50688K, used 0K [0x00000000d5f00000, 0x00000000dad80000, 0x0000000100000000)
  eden space 31232K, 0% used [0x00000000d5f00000,0x00000000d5f00000,0x00000000d7d80000)
  from space 19456K, 0% used [0x00000000d7d80000,0x00000000d7d80000,0x00000000d9080000)
  to   space 18944K, 0% used [0x00000000d9b00000,0x00000000d9b00000,0x00000000dad80000)
 ParOldGen       total 66560K, used 64349K [0x0000000081c00000, 0x0000000085d00000, 0x00000000d5f00000)
  object space 66560K, 96% used [0x0000000081c00000,0x0000000085ad7530,0x0000000085d00000)
 Metaspace       used 25212K, capacity 25734K, committed 26032K, reserved 1073152K
  class space    used 2786K, capacity 2940K, committed 2992K, reserved 1048576K
}
Event: 29.415 GC heap before
{Heap before GC invocations=27 (full 6):
 PSYoungGen      total 50688K, used 21167K [0x00000000d5f00000, 0x00000000dad80000, 0x0000000100000000)
  eden space 31232K, 67% used [0x00000000d5f00000,0x00000000d73abd90,0x00000000d7d80000)
  from space 19456K, 0% used [0x00000000d7d80000,0x00000000d7d80000,0x00000000d9080000)
  to   space 18944K, 0% used [0x00000000d9b00000,0x00000000d9b00000,0x00000000dad80000)
 ParOldGen       total 66560K, used 64349K [0x0000000081c00000, 0x0000000085d00000, 0x00000000d5f00000)
  object space 66560K, 96% used [0x0000000081c00000,0x0000000085ad7530,0x0000000085d00000)
 Metaspace       used 25683K, capacity 26296K, committed 26416K, reserved 1077248K
  class space    used 2834K, capacity 3038K, committed 3120K, reserved 1048576K

Deoptimization events (10 events):
Event: 27.837 Thread 0x000000000306e800 Uncommon trap: reason=bimorphic action=maybe_recompile pc=0x000000000639c428 method=com.sun.tools.javac.code.Types$4.visitClassType(Lcom/sun/tools/javac/code/Type$ClassType;Lcom/sun/tools/javac/code/Type;)Ljava/lang/Boolean; @ 57
Event: 27.837 Thread 0x000000000306e800 Uncommon trap: reason=bimorphic action=maybe_recompile pc=0x00000000063c5a1c method=com.sun.tools.javac.code.Types$4.visitClassType(Lcom/sun/tools/javac/code/Type$ClassType;Lcom/sun/tools/javac/code/Type;)Ljava/lang/Boolean; @ 57
Event: 27.936 Thread 0x000000000306e800 Uncommon trap: reason=class_check action=maybe_recompile pc=0x00000000063aee3c method=com.sun.tools.javac.code.Types.capture(Lcom/sun/tools/javac/code/Type;)Lcom/sun/tools/javac/code/Type; @ 558
Event: 28.209 Thread 0x000000000306e800 Uncommon trap: reason=unstable_if action=reinterpret pc=0x0000000005ffb234 method=com.sun.tools.javac.comp.Attr.visitSelect(Lcom/sun/tools/javac/tree/JCTree$JCFieldAccess;)V @ 286
Event: 28.216 Thread 0x000000000306e800 Uncommon trap: reason=unstable_if action=reinterpret pc=0x00000000053fbdec method=java.io.BufferedWriter.flushBuffer()V @ 15
Event: 28.233 Thread 0x000000000306e800 Uncommon trap: reason=unstable_if action=reinterpret pc=0x00000000053f6ffc method=sun.nio.cs.UTF_8$Encoder.encodeArrayLoop(Ljava/nio/CharBuffer;Ljava/nio/ByteBuffer;)Ljava/nio/charset/CoderResult; @ 113
Event: 28.245 Thread 0x000000000306e800 Uncommon trap: reason=unstable_if action=reinterpret pc=0x00000000050e3f7c method=java.util.concurrent.ConcurrentHashMap.putVal(Ljava/lang/Object;Ljava/lang/Object;Z)Ljava/lang/Object; @ 206
Event: 29.031 Thread 0x000000000306e800 Uncommon trap: reason=unstable_if action=reinterpret pc=0x000000000532c724 method=org.eclipse.aether.util.graph.transformer.ConflictResolver$State.deriveScope(Lorg/eclipse/aether/graph/DependencyNode;Ljava/lang/Object;)Ljava/lang/String; @ 8
Event: 29.031 Thread 0x000000000306e800 Uncommon trap: reason=unstable_if action=reinterpret pc=0x0000000005299028 method=org.eclipse.aether.util.graph.transformer.ConflictResolver$State.deriveScope(Lorg/eclipse/aether/graph/DependencyNode;Ljava/lang/Object;)Ljava/lang/String; @ 8
Event: 29.156 Thread 0x000000000306e800 Uncommon trap: reason=class_check action=maybe_recompile pc=0x0000000005732118 method=org.eclipse.sisu.wire.EntryListAdapter$ValueIterator.hasNext()Z @ 4

Classes redefined (0 events):
No events

Internal exceptions (10 events):
Event: 23.825 Thread 0x000000000306e800 Exception <a 'java/security/PrivilegedActionException'> (0x00000000d72adce0) thrown at [C:\re\workspace\8-2-build-windows-amd64-cygwin\jdk8u161\10277\hotspot\src\share\vm\prims\jvm.cpp, line 1390]
Event: 23.825 Thread 0x000000000306e800 Exception <a 'java/security/PrivilegedActionException'> (0x00000000d72ae0d8) thrown at [C:\re\workspace\8-2-build-windows-amd64-cygwin\jdk8u161\10277\hotspot\src\share\vm\prims\jvm.cpp, line 1390]
Event: 23.825 Thread 0x000000000306e800 Exception <a 'java/security/PrivilegedActionException'> (0x00000000d72af570) thrown at [C:\re\workspace\8-2-build-windows-amd64-cygwin\jdk8u161\10277\hotspot\src\share\vm\prims\jvm.cpp, line 1390]
Event: 23.825 Thread 0x000000000306e800 Exception <a 'java/security/PrivilegedActionException'> (0x00000000d72af968) thrown at [C:\re\workspace\8-2-build-windows-amd64-cygwin\jdk8u161\10277\hotspot\src\share\vm\prims\jvm.cpp, line 1390]
Event: 24.723 Thread 0x000000000306e800 Exception <a 'java/io/FileNotFoundException'> (0x00000000d6a4adf0) thrown at [C:\re\workspace\8-2-build-windows-amd64-cygwin\jdk8u161\10277\hotspot\src\share\vm\prims\jni.cpp, line 709]
Event: 24.745 Thread 0x000000000306e800 Exception <a 'java/io/FileNotFoundException'> (0x00000000d6a80570) thrown at [C:\re\workspace\8-2-build-windows-amd64-cygwin\jdk8u161\10277\hotspot\src\share\vm\prims\jni.cpp, line 709]
Event: 24.846 Thread 0x000000000306e800 Exception <a 'java/io/FileNotFoundException'> (0x00000000d66eec90) thrown at [C:\re\workspace\8-2-build-windows-amd64-cygwin\jdk8u161\10277\hotspot\src\share\vm\prims\jni.cpp, line 709]
Event: 24.846 Thread 0x000000000306e800 Exception <a 'java/io/FileNotFoundException'> (0x00000000d66efb58) thrown at [C:\re\workspace\8-2-build-windows-amd64-cygwin\jdk8u161\10277\hotspot\src\share\vm\prims\jni.cpp, line 709]
Event: 24.846 Thread 0x000000000306e800 Exception <a 'java/io/FileNotFoundException'> (0x00000000d66f0a18) thrown at [C:\re\workspace\8-2-build-windows-amd64-cygwin\jdk8u161\10277\hotspot\src\share\vm\prims\jni.cpp, line 709]
Event: 24.847 Thread 0x000000000306e800 Exception <a 'java/io/FileNotFoundException'> (0x00000000d66fb188) thrown at [C:\re\workspace\8-2-build-windows-amd64-cygwin\jdk8u161\10277\hotspot\src\share\vm\prims\jni.cpp, line 709]

Events (10 events):
Event: 29.414 loading class org/sonatype/plexus/components/sec/dispatcher/DefaultSecDispatcher done
Event: 29.414 loading class org/sonatype/plexus/components/sec/dispatcher/SecDispatcherException
Event: 29.414 loading class org/sonatype/plexus/components/sec/dispatcher/SecDispatcherException done
Event: 29.414 loading class org/sonatype/plexus/components/sec/dispatcher/SecDispatcherException
Event: 29.414 loading class org/sonatype/plexus/components/sec/dispatcher/SecDispatcherException done
Event: 29.415 loading class org/sonatype/plexus/components/sec/dispatcher/model/SettingsSecurity
Event: 29.415 loading class org/sonatype/plexus/components/sec/dispatcher/model/SettingsSecurity done
Event: 29.415 loading class org/sonatype/plexus/components/sec/dispatcher/model/SettingsSecurity
Event: 29.415 loading class org/sonatype/plexus/components/sec/dispatcher/model/SettingsSecurity done
Event: 29.415 Executing VM operation: CollectForMetadataAllocation


Dynamic libraries:
0x00007ff631650000 - 0x00007ff631687000 	C:\Program Files\Java\jdk1.8.0_161\bin\java.exe
0x00007fff34db0000 - 0x00007fff34f90000 	C:\Windows\SYSTEM32\ntdll.dll
0x00007fff32690000 - 0x00007fff3273e000 	C:\Windows\System32\KERNEL32.DLL
0x00007fff311b0000 - 0x00007fff31416000 	C:\Windows\System32\KERNELBASE.dll
0x00007fff32590000 - 0x00007fff32631000 	C:\Windows\System32\ADVAPI32.dll
0x00007fff33490000 - 0x00007fff3352d000 	C:\Windows\System32\msvcrt.dll
0x00007fff33220000 - 0x00007fff3327b000 	C:\Windows\System32\sechost.dll
0x00007fff34ba0000 - 0x00007fff34cbf000 	C:\Windows\System32\RPCRT4.dll
0x00007fff33530000 - 0x00007fff336be000 	C:\Windows\System32\USER32.dll
0x00007fff31710000 - 0x00007fff31730000 	C:\Windows\System32\win32u.dll
0x00007fff327c0000 - 0x00007fff327e8000 	C:\Windows\System32\GDI32.dll
0x00007fff314d0000 - 0x00007fff31661000 	C:\Windows\System32\gdi32full.dll
0x00007fff31670000 - 0x00007fff3170b000 	C:\Windows\System32\msvcp_win.dll
0x00007fff31730000 - 0x00007fff31826000 	C:\Windows\System32\ucrtbase.dll
0x00007fff260d0000 - 0x00007fff26339000 	C:\Windows\WinSxS\amd64_microsoft.windows.common-controls_6595b64144ccf1df_6.0.16299.15_none_cc92fb402215d91d\COMCTL32.dll
0x00007fff32280000 - 0x00007fff32588000 	C:\Windows\System32\combase.dll
0x00007fff32200000 - 0x00007fff32272000 	C:\Windows\System32\bcryptPrimitives.dll
0x00007fff32660000 - 0x00007fff3268d000 	C:\Windows\System32\IMM32.DLL
0x0000000052c80000 - 0x0000000052d52000 	C:\Program Files\Java\jdk1.8.0_161\jre\bin\msvcr100.dll
0x00000000523e0000 - 0x0000000052c7f000 	C:\Program Files\Java\jdk1.8.0_161\jre\bin\server\jvm.dll
0x00007fff33280000 - 0x00007fff33288000 	C:\Windows\System32\PSAPI.DLL
0x00007fff29bf0000 - 0x00007fff29c13000 	C:\Windows\SYSTEM32\WINMM.dll
0x00007fff111e0000 - 0x00007fff111e9000 	C:\Windows\SYSTEM32\WSOCK32.dll
0x00007fff32a70000 - 0x00007fff32adc000 	C:\Windows\System32\WS2_32.dll
0x00007fff2a090000 - 0x00007fff2a09a000 	C:\Windows\SYSTEM32\VERSION.dll
0x00007fff29b90000 - 0x00007fff29bba000 	C:\Windows\SYSTEM32\WINMMBASE.dll
0x00007fff31420000 - 0x00007fff3146a000 	C:\Windows\System32\cfgmgr32.dll
0x00000000523d0000 - 0x00000000523df000 	C:\Program Files\Java\jdk1.8.0_161\jre\bin\verify.dll
0x00000000523a0000 - 0x00000000523c9000 	C:\Program Files\Java\jdk1.8.0_161\jre\bin\java.dll
0x0000000052370000 - 0x0000000052393000 	C:\Program Files\Java\jdk1.8.0_161\jre\bin\instrument.dll
0x0000000052350000 - 0x0000000052366000 	C:\Program Files\Java\jdk1.8.0_161\jre\bin\zip.dll
0x00007fff336c0000 - 0x00007fff34af7000 	C:\Windows\System32\SHELL32.dll
0x00007fff333e0000 - 0x00007fff33486000 	C:\Windows\System32\shcore.dll
0x00007fff31ab0000 - 0x00007fff321f7000 	C:\Windows\System32\windows.storage.dll
0x00007fff34d20000 - 0x00007fff34d71000 	C:\Windows\System32\shlwapi.dll
0x00007fff31140000 - 0x00007fff31151000 	C:\Windows\System32\kernel.appcore.dll
0x00007fff31160000 - 0x00007fff311ac000 	C:\Windows\System32\powrprof.dll
0x00007fff31100000 - 0x00007fff3111b000 	C:\Windows\System32\profapi.dll
0x00007fff27940000 - 0x00007fff2795a000 	D:\vis\IntelliJ IDEA 2019.2.2\bin\breakgen64.dll
0x0000000052330000 - 0x000000005234a000 	C:\Program Files\Java\jdk1.8.0_161\jre\bin\net.dll
0x00007fff30930000 - 0x00007fff30996000 	C:\Windows\system32\mswsock.dll
0x00007fff30b00000 - 0x00007fff30b17000 	C:\Windows\SYSTEM32\CRYPTSP.dll
0x00007fff30540000 - 0x00007fff30573000 	C:\Windows\system32\rsaenh.dll
0x00007fff30c00000 - 0x00007fff30c25000 	C:\Windows\SYSTEM32\bcrypt.dll
0x00007fff31030000 - 0x00007fff31059000 	C:\Windows\SYSTEM32\USERENV.dll
0x00007fff30af0000 - 0x00007fff30afb000 	C:\Windows\SYSTEM32\CRYPTBASE.dll
0x00007fff306c0000 - 0x00007fff306f9000 	C:\Windows\SYSTEM32\IPHLPAPI.DLL
0x00007fff32ae0000 - 0x00007fff32ae8000 	C:\Windows\System32\NSI.dll
0x00007fff293c0000 - 0x00007fff293d6000 	C:\Windows\SYSTEM32\dhcpcsvc6.DLL
0x00007fff294a0000 - 0x00007fff294ba000 	C:\Windows\SYSTEM32\dhcpcsvc.DLL
0x0000000052300000 - 0x0000000052311000 	C:\Program Files\Java\jdk1.8.0_161\jre\bin\nio.dll
0x00007fff2af40000 - 0x00007fff2af4a000 	C:\Users\Administrator\AppData\Local\Temp\jansi-1.17.1-6615243414938439788.dll
0x00007fff2af00000 - 0x00007fff2af0a000 	C:\Users\Administrator\AppData\Local\Temp\jansi-1.17.1-2247557391582452714.dll

VM Arguments:
jvm_args: -Dmaven.multiModuleProjectDirectory=D:\vis\clonefinal\coneee\vis-portal\VP-Backend -Dmaven.home=D:\vis\IntelliJ IDEA 2019.2.2\plugins\maven\lib\maven3 -Dclassworlds.conf=D:\vis\IntelliJ IDEA 2019.2.2\plugins\maven\lib\maven3\bin\m2.conf -Dmaven.ext.class.path=D:\vis\IntelliJ IDEA 2019.2.2\plugins\maven\lib\maven-event-listener.jar -javaagent:D:\vis\IntelliJ IDEA 2019.2.2\lib\idea_rt.jar=53413:D:\vis\IntelliJ IDEA 2019.2.2\bin -Dfile.encoding=UTF-8 
java_command: org.codehaus.classworlds.Launcher -Didea.version2019.2.2 package
java_class_path (initial): D:\vis\IntelliJ IDEA 2019.2.2\plugins\maven\lib\maven3\boot\plexus-classworlds-2.6.0.jar;D:\vis\IntelliJ IDEA 2019.2.2\lib\idea_rt.jar
Launcher Type: SUN_STANDARD

Environment Variables:
JAVA_HOME=C:\Program Files\Java\jdk1.8.0_231
CLASSPATH=   %CLASSPATH%;%JUNIT_HOME%\JUnit4.12.jar;D:\UnitTest\TaiNguyen\JUnit4.12.jar;D:\UnitTest\TaiNguyen\JUnit4.12.jar
PATH=C:\Program Files (x86)\NetSarang\Xshell 6\;C:\Program Files (x86)\NetSarang\Xftp 6\;C:\Python27\;C:\Python27\Scripts;D:\app\Administrator\virtual\product\12.2.0\dbhome_1\bin;C:\ProgramData\Oracle\Java\javapath;C:\Program Files (x86)\Intel\iCLS Client\;C:\Program Files\Intel\iCLS Client\;C:\Windows\system32;C:\Windows;C:\Windows\System32\Wbem;C:\Windows\System32\WindowsPowerShell\v1.0\;C:\Program Files (x86)\Intel\Intel(R) Management Engine Components\DAL;C:\Program Files\Intel\Intel(R) Management Engine Components\DAL;C:\Program Files (x86)\Intel\Intel(R) Management Engine Components\IPT;C:\Program Files\Intel\Intel(R) Management Engine Components\IPT;C:\Program Files\Microsoft SQL Server\120\DTS\Binn\;C:\Program Files\Microsoft SQL Server\Client SDK\ODBC\110\Tools\Binn\;C:\Program Files (x86)\Microsoft SQL Server\120\Tools\Binn\;C:\Program Files\Microsoft SQL Server\120\Tools\Binn\;C:\Program Files (x86)\Microsoft SQL Server\120\Tools\Binn\ManagementStudio\;C:\Program Files (x86)\Microsoft SQL Server\120\DTS\Binn\;C:\Program Files\Java\jdk1.8.0_161\bin;C:\Program Files\NVIDIA Corporation\NVIDIA NvDLISR;C:\Program Files (x86)\NVIDIA Corporation\PhysX\Common;C:\Program Files\TortoiseGit\bin;C:\Program Files\Git\cmd;C:\ProgramData\chocolatey\bin;C:\Program Files\nodejs\;C:\Program Files\Java\jdk1.8.0_231\bin;C:\Program Files\MySQL\MySQL Shell 8.0\bin\;C:\Users\Administrator\AppData\Roaming\npm\node_modules\@angular\cli\bin;;D:\vis\IntelliJ IDEA 2019.2.2\bin;;D:\visual\Microsoft VS Code\bin;C:\Users\Administrator\AppData\Roaming\npm
USERNAME=Administrator
OS=Windows_NT
PROCESSOR_IDENTIFIER=Intel64 Family 6 Model 158 Stepping 9, GenuineIntel



---------------  S Y S T E M  ---------------

OS: Windows 10.0 , 64 bit Build 16299 (10.0.16299.15)

CPU:total 4 (initial active 4) (4 cores per cpu, 1 threads per core) family 6 model 158 stepping 9, cmov, cx8, fxsr, mmx, sse, sse2, sse3, ssse3, sse4.1, sse4.2, popcnt, avx, avx2, aes, clmul, erms, 3dnowpref, lzcnt, tsc, tscinvbit, bmi1, bmi2, adx

Memory: 4k page, physical 8269412k(234612k free), swap 10218084k(48k free)

vm_info: Java HotSpot(TM) 64-Bit Server VM (25.161-b12) for windows-amd64 JRE (1.8.0_161-b12), built on Dec 19 2017 17:52:25 by "java_re" with MS VC++ 10.0 (VS2010)

time: Thu Dec 19 09:20:37 2019
elapsed time: 29 seconds (0d 0h 0m 29s)

