#
# There is insufficient memory for the Java Runtime Environment to continue.
# Native memory allocation (malloc) failed to allocate 3158096 bytes for Chunk::new
# Possible reasons:
#   The system is out of physical RAM or swap space
#   In 32 bit mode, the process size limit was hit
# Possible solutions:
#   Reduce memory load on the system
#   Increase physical memory or swap space
#   Check if swap backing store is full
#   Use 64 bit Java on a 64 bit OS
#   Decrease Java heap size (-Xmx/-Xms)
#   Decrease number of Java threads
#   Decrease Java thread stack sizes (-Xss)
#   Set larger code cache with -XX:ReservedCodeCacheSize=
# This output file may be truncated or incomplete.
#
#  Out of Memory Error (allocation.cpp:390), pid=5504, tid=0x0000000000000540
#
# JRE version: Java(TM) SE Runtime Environment (8.0_161-b12) (build 1.8.0_161-b12)
# Java VM: Java HotSpot(TM) 64-Bit Server VM (25.161-b12 mixed mode windows-amd64 compressed oops)
# Failed to write core dump. Minidumps are not enabled by default on client versions of Windows
#

---------------  T H R E A D  ---------------

Current thread (0x0000000019192000):  JavaThread "C2 CompilerThread0" daemon [_thread_in_native, id=1344, stack(0x000000001a7e0000,0x000000001a8e0000)]

Stack: [0x000000001a7e0000,0x000000001a8e0000]
[error occurred during error reporting (printing stack bounds), id 0xc0000005]

Native frames: (J=compiled Java code, j=interpreted, Vv=VM code, C=native code)


Current CompileTask:
C2:   7805 6388   !   4       org.springframework.core.annotation.AnnotatedElementUtils::searchWithFindSemantics (774 bytes)


---------------  P R O C E S S  ---------------

Java Threads: ( => current thread )
  0x000000001fef7800 JavaThread "havasPoolName connection adder" daemon [_thread_blocked, id=10956, stack(0x0000000022ed0000,0x0000000022fd0000)]
  0x000000001fef2800 JavaThread "havasPoolName housekeeper" daemon [_thread_blocked, id=4868, stack(0x0000000022dd0000,0x0000000022ed0000)]
  0x000000001db06000 JavaThread "Abandoned connection cleanup thread" daemon [_thread_blocked, id=1200, stack(0x0000000022cd0000,0x0000000022dd0000)]
  0x000000001acd0800 JavaThread "surefire-forkedjvm-ping-30s" daemon [_thread_blocked, id=2020, stack(0x000000001b1e0000,0x000000001b2e0000)]
  0x000000001ac62000 JavaThread "surefire-forkedjvm-command-thread" daemon [_thread_in_native, id=2740, stack(0x000000001b0e0000,0x000000001b1e0000)]
  0x00000000191ed800 JavaThread "Service Thread" daemon [_thread_blocked, id=7332, stack(0x000000001aee0000,0x000000001afe0000)]
  0x000000001919d000 JavaThread "C1 CompilerThread2" daemon [_thread_blocked, id=7716, stack(0x000000001a9e0000,0x000000001aae0000)]
  0x0000000019195800 JavaThread "C2 CompilerThread1" daemon [_thread_in_native, id=6076, stack(0x000000001a8e0000,0x000000001a9e0000)]
=>0x0000000019192000 JavaThread "C2 CompilerThread0" daemon [_thread_in_native, id=1344, stack(0x000000001a7e0000,0x000000001a8e0000)]
  0x000000001918f000 JavaThread "Attach Listener" daemon [_thread_blocked, id=192, stack(0x000000001a6e0000,0x000000001a7e0000)]
  0x000000001918a800 JavaThread "Signal Dispatcher" daemon [_thread_blocked, id=9004, stack(0x000000001a5e0000,0x000000001a6e0000)]
  0x0000000019179800 JavaThread "Finalizer" daemon [_thread_blocked, id=11124, stack(0x000000001a3f0000,0x000000001a4f0000)]
  0x0000000004652000 JavaThread "Reference Handler" daemon [_thread_blocked, id=5884, stack(0x000000001a2f0000,0x000000001a3f0000)]
  0x0000000004562800 JavaThread "main" [_thread_in_vm, id=8816, stack(0x0000000004430000,0x0000000004530000)]

Other Threads:
  0x0000000019157000 VMThread [stack: 0x000000001a1f0000,0x000000001a2f0000] [id=7972]
  0x00000000191ee800 WatcherThread [stack: 0x000000001afe0000,0x000000001b0e0000] [id=592]

VM state:not at safepoint (normal execution)

VM Mutex/Monitor currently owned by a thread: None

Heap:
 PSYoungGen      total 271872K, used 38251K [0x00000000d5f00000, 0x00000000e8480000, 0x0000000100000000)
  eden space 260096K, 14% used [0x00000000d5f00000,0x00000000d845ad50,0x00000000e5d00000)
  from space 11776K, 0% used [0x00000000e7900000,0x00000000e7900000,0x00000000e8480000)
  to   space 14848K, 0% used [0x00000000e6780000,0x00000000e6780000,0x00000000e7600000)
 ParOldGen       total 91136K, used 29895K [0x0000000081c00000, 0x0000000087500000, 0x00000000d5f00000)
  object space 91136K, 32% used [0x0000000081c00000,0x0000000083931fb8,0x0000000087500000)
 Metaspace       used 57280K, capacity 59672K, committed 59904K, reserved 1101824K
  class space    used 7745K, capacity 8173K, committed 8192K, reserved 1048576K

Card table byte_map: [0x0000000013a20000,0x0000000013e20000] byte_map_base: 0x0000000013612000

Marking Bits: (ParMarkBitMap*) 0x000000006303f860
 Begin Bits: [0x00000000144d0000, 0x0000000016460000)
 End Bits:   [0x0000000016460000, 0x00000000183f0000)

Polling page: 0x0000000004380000

CodeCache: size=245760Kb used=20482Kb max_used=20482Kb free=225277Kb
 bounds [0x0000000004660000, 0x0000000005a80000, 0x0000000013660000]
 total_blobs=6538 nmethods=6032 adapters=417
 compilation: enabled

Compilation events (10 events):
Event: 7.681 Thread 0x000000001919d000 6753       2       org.springframework.util.ConcurrentReferenceHashMap$EntryIterator::moveToNextSegment (55 bytes)
Event: 7.681 Thread 0x000000001919d000 nmethod 6753 0x00000000052dba50 code [0x00000000052dbba0, 0x00000000052dbd90]
Event: 7.683 Thread 0x000000001919d000 6754       2       org.springframework.data.repository.core.support.RepositoryFragment::methods (13 bytes)
Event: 7.683 Thread 0x000000001919d000 nmethod 6754 0x00000000052db110 code [0x00000000052db2e0, 0x00000000052db688]
Event: 7.684 Thread 0x000000001919d000 6755       1       org.springframework.data.jpa.repository.query.StringQuery$Metadata::access$100 (5 bytes)
Event: 7.684 Thread 0x000000001919d000 nmethod 6755 0x00000000052dae50 code [0x00000000052dafa0, 0x00000000052db090]
Event: 7.731 Thread 0x000000001919d000 6756       2       java.util.BitSet::expandTo (23 bytes)
Event: 7.732 Thread 0x000000001919d000 nmethod 6756 0x0000000005a74ed0 code [0x0000000005a75040, 0x0000000005a751e8]
Event: 7.801 Thread 0x000000001919d000 6757       2       java.util.Locale::getLanguage (8 bytes)
Event: 7.802 Thread 0x000000001919d000 nmethod 6757 0x0000000005a75290 code [0x0000000005a753e0, 0x0000000005a75530]

GC Heap History (10 events):
Event: 3.337 GC heap before
{Heap before GC invocations=11 (full 2):
 PSYoungGen      total 217600K, used 11759K [0x00000000d5f00000, 0x00000000e8680000, 0x0000000100000000)
  eden space 205824K, 0% used [0x00000000d5f00000,0x00000000d5f00000,0x00000000e2800000)
  from space 11776K, 99% used [0x00000000e2800000,0x00000000e337bd50,0x00000000e3380000)
  to   space 13824K, 0% used [0x00000000e7900000,0x00000000e7900000,0x00000000e8680000)
 ParOldGen       total 55808K, used 10762K [0x0000000081c00000, 0x0000000085280000, 0x00000000d5f00000)
  object space 55808K, 19% used [0x0000000081c00000,0x00000000826829f8,0x0000000085280000)
 Metaspace       used 34124K, capacity 35344K, committed 35456K, reserved 1079296K
  class space    used 4417K, capacity 4685K, committed 4736K, reserved 1048576K
Event: 3.401 GC heap after
Heap after GC invocations=11 (full 2):
 PSYoungGen      total 217600K, used 0K [0x00000000d5f00000, 0x00000000e8680000, 0x0000000100000000)
  eden space 205824K, 0% used [0x00000000d5f00000,0x00000000d5f00000,0x00000000e2800000)
  from space 11776K, 0% used [0x00000000e2800000,0x00000000e2800000,0x00000000e3380000)
  to   space 13824K, 0% used [0x00000000e7900000,0x00000000e7900000,0x00000000e8680000)
 ParOldGen       total 91136K, used 18322K [0x0000000081c00000, 0x0000000087500000, 0x00000000d5f00000)
  object space 91136K, 20% used [0x0000000081c00000,0x0000000082de49c8,0x0000000087500000)
 Metaspace       used 34124K, capacity 35344K, committed 35456K, reserved 1079296K
  class space    used 4417K, capacity 4685K, committed 4736K, reserved 1048576K
}
Event: 5.195 GC heap before
{Heap before GC invocations=12 (full 2):
 PSYoungGen      total 217600K, used 205824K [0x00000000d5f00000, 0x00000000e8680000, 0x0000000100000000)
  eden space 205824K, 100% used [0x00000000d5f00000,0x00000000e2800000,0x00000000e2800000)
  from space 11776K, 0% used [0x00000000e2800000,0x00000000e2800000,0x00000000e3380000)
  to   space 13824K, 0% used [0x00000000e7900000,0x00000000e7900000,0x00000000e8680000)
 ParOldGen       total 91136K, used 18322K [0x0000000081c00000, 0x0000000087500000, 0x00000000d5f00000)
  object space 91136K, 20% used [0x0000000081c00000,0x0000000082de49c8,0x0000000087500000)
 Metaspace       used 44013K, capacity 45528K, committed 45696K, reserved 1089536K
  class space    used 5933K, capacity 6241K, committed 6272K, reserved 1048576K
Event: 5.206 GC heap after
Heap after GC invocations=12 (full 2):
 PSYoungGen      total 271872K, used 11309K [0x00000000d5f00000, 0x00000000e8480000, 0x0000000100000000)
  eden space 260096K, 0% used [0x00000000d5f00000,0x00000000d5f00000,0x00000000e5d00000)
  from space 11776K, 96% used [0x00000000e7900000,0x00000000e840b660,0x00000000e8480000)
  to   space 14848K, 0% used [0x00000000e6780000,0x00000000e6780000,0x00000000e7600000)
 ParOldGen       total 91136K, used 18330K [0x0000000081c00000, 0x0000000087500000, 0x00000000d5f00000)
  object space 91136K, 20% used [0x0000000081c00000,0x0000000082de69c8,0x0000000087500000)
 Metaspace       used 44013K, capacity 45528K, committed 45696K, reserved 1089536K
  class space    used 5933K, capacity 6241K, committed 6272K, reserved 1048576K
}
Event: 6.737 GC heap before
{Heap before GC invocations=13 (full 2):
 PSYoungGen      total 271872K, used 271405K [0x00000000d5f00000, 0x00000000e8480000, 0x0000000100000000)
  eden space 260096K, 100% used [0x00000000d5f00000,0x00000000e5d00000,0x00000000e5d00000)
  from space 11776K, 96% used [0x00000000e7900000,0x00000000e840b660,0x00000000e8480000)
  to   space 14848K, 0% used [0x00000000e6780000,0x00000000e6780000,0x00000000e7600000)
 ParOldGen       total 91136K, used 18330K [0x0000000081c00000, 0x0000000087500000, 0x00000000d5f00000)
  object space 91136K, 20% used [0x0000000081c00000,0x0000000082de69c8,0x0000000087500000)
 Metaspace       used 53964K, capacity 55886K, committed 56192K, reserved 1097728K
  class space    used 7377K, capacity 7724K, committed 7808K, reserved 1048576K
Event: 6.751 GC heap after
Heap after GC invocations=13 (full 2):
 PSYoungGen      total 274944K, used 14824K [0x00000000d5f00000, 0x00000000e8480000, 0x0000000100000000)
  eden space 260096K, 0% used [0x00000000d5f00000,0x00000000d5f00000,0x00000000e5d00000)
  from space 14848K, 99% used [0x00000000e6780000,0x00000000e75fa1c0,0x00000000e7600000)
  to   space 11776K, 0% used [0x00000000e7900000,0x00000000e7900000,0x00000000e8480000)
 ParOldGen       total 91136K, used 20525K [0x0000000081c00000, 0x0000000087500000, 0x00000000d5f00000)
  object space 91136K, 22% used [0x0000000081c00000,0x000000008300b738,0x0000000087500000)
 Metaspace       used 53964K, capacity 55886K, committed 56192K, reserved 1097728K
  class space    used 7377K, capacity 7724K, committed 7808K, reserved 1048576K
}
Event: 7.325 GC heap before
{Heap before GC invocations=14 (full 2):
 PSYoungGen      total 274944K, used 107314K [0x00000000d5f00000, 0x00000000e8480000, 0x0000000100000000)
  eden space 260096K, 35% used [0x00000000d5f00000,0x00000000db9526d0,0x00000000e5d00000)
  from space 14848K, 99% used [0x00000000e6780000,0x00000000e75fa1c0,0x00000000e7600000)
  to   space 11776K, 0% used [0x00000000e7900000,0x00000000e7900000,0x00000000e8480000)
 ParOldGen       total 91136K, used 20525K [0x0000000081c00000, 0x0000000087500000, 0x00000000d5f00000)
  object space 91136K, 22% used [0x0000000081c00000,0x000000008300b738,0x0000000087500000)
 Metaspace       used 56628K, capacity 58966K, committed 59096K, reserved 1099776K
  class space    used 7674K, capacity 8114K, committed 8192K, reserved 1048576K
Event: 7.337 GC heap after
Heap after GC invocations=14 (full 2):
 PSYoungGen      total 271872K, used 11152K [0x00000000d5f00000, 0x00000000e8480000, 0x0000000100000000)
  eden space 260096K, 0% used [0x00000000d5f00000,0x00000000d5f00000,0x00000000e5d00000)
  from space 11776K, 94% used [0x00000000e7900000,0x00000000e83e4358,0x00000000e8480000)
  to   space 14848K, 0% used [0x00000000e6780000,0x00000000e6780000,0x00000000e7600000)
 ParOldGen       total 91136K, used 24505K [0x0000000081c00000, 0x0000000087500000, 0x00000000d5f00000)
  object space 91136K, 26% used [0x0000000081c00000,0x00000000833ee7f8,0x0000000087500000)
 Metaspace       used 56628K, capacity 58966K, committed 59096K, reserved 1099776K
  class space    used 7674K, capacity 8114K, committed 8192K, reserved 1048576K
}
Event: 7.337 GC heap before
{Heap before GC invocations=15 (full 3):
 PSYoungGen      total 271872K, used 11152K [0x00000000d5f00000, 0x00000000e8480000, 0x0000000100000000)
  eden space 260096K, 0% used [0x00000000d5f00000,0x00000000d5f00000,0x00000000e5d00000)
  from space 11776K, 94% used [0x00000000e7900000,0x00000000e83e4358,0x00000000e8480000)
  to   space 14848K, 0% used [0x00000000e6780000,0x00000000e6780000,0x00000000e7600000)
 ParOldGen       total 91136K, used 24505K [0x0000000081c00000, 0x0000000087500000, 0x00000000d5f00000)
  object space 91136K, 26% used [0x0000000081c00000,0x00000000833ee7f8,0x0000000087500000)
 Metaspace       used 56628K, capacity 58966K, committed 59096K, reserved 1099776K
  class space    used 7674K, capacity 8114K, committed 8192K, reserved 1048576K
Event: 7.476 GC heap after
Heap after GC invocations=15 (full 3):
 PSYoungGen      total 271872K, used 0K [0x00000000d5f00000, 0x00000000e8480000, 0x0000000100000000)
  eden space 260096K, 0% used [0x00000000d5f00000,0x00000000d5f00000,0x00000000e5d00000)
  from space 11776K, 0% used [0x00000000e7900000,0x00000000e7900000,0x00000000e8480000)
  to   space 14848K, 0% used [0x00000000e6780000,0x00000000e6780000,0x00000000e7600000)
 ParOldGen       total 91136K, used 29895K [0x0000000081c00000, 0x0000000087500000, 0x00000000d5f00000)
  object space 91136K, 32% used [0x0000000081c00000,0x0000000083931fb8,0x0000000087500000)
 Metaspace       used 56628K, capacity 58966K, committed 59096K, reserved 1099776K
  class space    used 7674K, capacity 8114K, committed 8192K, reserved 1048576K
}

Deoptimization events (10 events):
Event: 6.830 Thread 0x0000000004562800 Uncommon trap: reason=class_check action=maybe_recompile pc=0x000000000561bc1c method=java.util.regex.Matcher.search(I)Z @ 86
Event: 6.830 Thread 0x0000000004562800 Uncommon trap: reason=class_check action=maybe_recompile pc=0x000000000561bc1c method=java.util.regex.Matcher.search(I)Z @ 86
Event: 6.831 Thread 0x0000000004562800 Uncommon trap: reason=class_check action=maybe_recompile pc=0x000000000561bc1c method=java.util.regex.Matcher.search(I)Z @ 86
Event: 6.852 Thread 0x0000000004562800 Uncommon trap: reason=unstable_if action=reinterpret pc=0x000000000557d410 method=org.springframework.core.BridgeMethodResolver.isBridgedCandidateFor(Ljava/lang/reflect/Method;Ljava/lang/reflect/Method;)Z @ 37
Event: 6.992 Thread 0x0000000004562800 Uncommon trap: reason=unstable_if action=reinterpret pc=0x0000000004b5fb08 method=java.util.HashMap.putVal(ILjava/lang/Object;Ljava/lang/Object;ZZ)Ljava/lang/Object; @ 162
Event: 7.000 Thread 0x0000000004562800 Uncommon trap: reason=unstable_if action=reinterpret pc=0x0000000004960410 method=java.util.HashMap.getNode(ILjava/lang/Object;)Ljava/util/HashMap$Node; @ 84
Event: 7.000 Thread 0x0000000004562800 Uncommon trap: reason=unstable_if action=reinterpret pc=0x000000000495cd1c method=java.util.HashMap.getNode(ILjava/lang/Object;)Ljava/util/HashMap$Node; @ 84
Event: 7.059 Thread 0x0000000004562800 Uncommon trap: reason=null_check action=make_not_entrant pc=0x0000000005a2d57c method=org.springframework.core.annotation.AnnotatedElementUtils.searchWithFindSemantics(Ljava/lang/reflect/AnnotatedElement;Ljava/util/Set;Ljava/lang/String;Ljava/lang/Class;L
Event: 7.206 Thread 0x0000000004562800 Uncommon trap: reason=unstable_if action=reinterpret pc=0x0000000004b56e90 method=java.util.HashMap.resize()[Ljava/util/HashMap$Node; @ 206
Event: 7.293 Thread 0x0000000004562800 Uncommon trap: reason=range_check action=make_not_entrant pc=0x0000000005a6ab08 method=java.lang.String.charAt(I)C @ 27

Classes redefined (0 events):
No events

Internal exceptions (10 events):
Event: 7.650 Thread 0x0000000004562800 Exception <a 'java/lang/ClassNotFoundException': vn/vissoft/portal/services/UserRoleServiceCustomizer> (0x00000000d7c13fb0) thrown at [C:\re\workspace\8-2-build-windows-amd64-cygwin\jdk8u161\10277\hotspot\src\share\vm\classfile\systemDictionary.cpp, line 
Event: 7.652 Thread 0x0000000004562800 Exception <a 'java/lang/ClassNotFoundException': java/lang/ObjectCustomizer> (0x00000000d7c32790) thrown at [C:\re\workspace\8-2-build-windows-amd64-cygwin\jdk8u161\10277\hotspot\src\share\vm\classfile\systemDictionary.cpp, line 210]
Event: 7.652 Thread 0x0000000004562800 Exception <a 'java/lang/ClassNotFoundException': vn/vissoft/portal/dao/impl/UserRoleDAOImplCustomizer> (0x00000000d7c68d40) thrown at [C:\re\workspace\8-2-build-windows-amd64-cygwin\jdk8u161\10277\hotspot\src\share\vm\classfile\systemDictionary.cpp, line 
Event: 7.653 Thread 0x0000000004562800 Exception <a 'java/lang/ClassNotFoundException': vn/vissoft/portal/dao/UserRoleDAOCustomizer> (0x00000000d7c9c518) thrown at [C:\re\workspace\8-2-build-windows-amd64-cygwin\jdk8u161\10277\hotspot\src\share\vm\classfile\systemDictionary.cpp, line 210]
Event: 7.662 Thread 0x0000000004562800 Exception <a 'java/lang/ClassNotFoundException': java/lang/ObjectCustomizer> (0x00000000d7d94b68) thrown at [C:\re\workspace\8-2-build-windows-amd64-cygwin\jdk8u161\10277\hotspot\src\share\vm\classfile\systemDictionary.cpp, line 210]
Event: 7.662 Thread 0x0000000004562800 Exception <a 'java/lang/ClassNotFoundException': vn/vissoft/portal/dao/impl/ZipProfileCustomizer> (0x00000000d7dc6ed0) thrown at [C:\re\workspace\8-2-build-windows-amd64-cygwin\jdk8u161\10277\hotspot\src\share\vm\classfile\systemDictionary.cpp, line 210]
Event: 7.667 Thread 0x0000000004562800 Exception <a 'java/lang/ClassNotFoundException': java/lang/ObjectCustomizer> (0x00000000d7e75828) thrown at [C:\re\workspace\8-2-build-windows-amd64-cygwin\jdk8u161\10277\hotspot\src\share\vm\classfile\systemDictionary.cpp, line 210]
Event: 7.668 Thread 0x0000000004562800 Exception <a 'java/lang/ClassNotFoundException': vn/vissoft/portal/services/SchedulerRemindUnreadReportCustomizer> (0x00000000d7eb3508) thrown at [C:\re\workspace\8-2-build-windows-amd64-cygwin\jdk8u161\10277\hotspot\src\share\vm\classfile\systemDictionar
Event: 7.676 Thread 0x0000000004562800 Exception <a 'java/lang/ClassNotFoundException': java/lang/ObjectCustomizer> (0x00000000d7f42898) thrown at [C:\re\workspace\8-2-build-windows-amd64-cygwin\jdk8u161\10277\hotspot\src\share\vm\classfile\systemDictionary.cpp, line 210]
Event: 7.676 Thread 0x0000000004562800 Exception <a 'java/lang/ClassNotFoundException': vn/vissoft/portal/entities/MailSenderCustomizer> (0x00000000d7f75588) thrown at [C:\re\workspace\8-2-build-windows-amd64-cygwin\jdk8u161\10277\hotspot\src\share\vm\classfile\systemDictionary.cpp, line 210]

Events (10 events):
Event: 7.800 loading class org/hibernate/hql/internal/ast/HqlASTFactory
Event: 7.800 loading class org/hibernate/hql/internal/ast/HqlASTFactory done
Event: 7.800 loading class antlr/collections/impl/BitSet
Event: 7.800 loading class antlr/collections/impl/BitSet done
Event: 7.802 loading class org/hibernate/internal/CoreMessageLogger_$logger_en_US
Event: 7.802 loading class org/hibernate/internal/CoreMessageLogger_$logger_en_US done
Event: 7.802 loading class org/hibernate/internal/CoreMessageLogger_$logger_en
Event: 7.802 loading class org/hibernate/internal/CoreMessageLogger_$logger_en done
Event: 7.802 loading class org/hibernate/hql/internal/ast/HqlLexer
Event: 7.802 loading class org/hibernate/hql/internal/ast/HqlLexer done


Dynamic libraries:
0x00007ff7fa000000 - 0x00007ff7fa037000 	C:\Program Files\Java\jdk1.8.0_161\jre\bin\java.exe
0x00007fff6bad0000 - 0x00007fff6bcb0000 	C:\Windows\SYSTEM32\ntdll.dll
0x00007fff6b5e0000 - 0x00007fff6b68e000 	C:\Windows\System32\KERNEL32.DLL
0x00007fff684f0000 - 0x00007fff68756000 	C:\Windows\System32\KERNELBASE.dll
0x00007fff699d0000 - 0x00007fff69a71000 	C:\Windows\System32\ADVAPI32.dll
0x00007fff6b860000 - 0x00007fff6b8fd000 	C:\Windows\System32\msvcrt.dll
0x00007fff6b800000 - 0x00007fff6b85b000 	C:\Windows\System32\sechost.dll
0x00007fff6b180000 - 0x00007fff6b29f000 	C:\Windows\System32\RPCRT4.dll
0x00007fff6b2a0000 - 0x00007fff6b42e000 	C:\Windows\System32\USER32.dll
0x00007fff68760000 - 0x00007fff68780000 	C:\Windows\System32\win32u.dll
0x00007fff6ba70000 - 0x00007fff6ba98000 	C:\Windows\System32\GDI32.dll
0x00007fff67f80000 - 0x00007fff68111000 	C:\Windows\System32\gdi32full.dll
0x00007fff68350000 - 0x00007fff683eb000 	C:\Windows\System32\msvcp_win.dll
0x00007fff683f0000 - 0x00007fff684e6000 	C:\Windows\System32\ucrtbase.dll
0x00007fff5bc30000 - 0x00007fff5be99000 	C:\Windows\WinSxS\amd64_microsoft.windows.common-controls_6595b64144ccf1df_6.0.16299.15_none_cc92fb402215d91d\COMCTL32.dll
0x00007fff69110000 - 0x00007fff69418000 	C:\Windows\System32\combase.dll
0x00007fff68780000 - 0x00007fff687f2000 	C:\Windows\System32\bcryptPrimitives.dll
0x00007fff69c40000 - 0x00007fff69c6d000 	C:\Windows\System32\IMM32.DLL
0x00000000630c0000 - 0x0000000063192000 	C:\Program Files\Java\jdk1.8.0_161\jre\bin\msvcr100.dll
0x0000000062820000 - 0x00000000630bf000 	C:\Program Files\Java\jdk1.8.0_161\jre\bin\server\jvm.dll
0x00007fff6b170000 - 0x00007fff6b178000 	C:\Windows\System32\PSAPI.DLL
0x00007fff60e20000 - 0x00007fff60e43000 	C:\Windows\SYSTEM32\WINMM.dll
0x00007fff60c20000 - 0x00007fff60c2a000 	C:\Windows\SYSTEM32\VERSION.dll
0x00007fff60df0000 - 0x00007fff60e1a000 	C:\Windows\SYSTEM32\winmmbase.dll
0x00007fff4e8e0000 - 0x00007fff4e8e9000 	C:\Windows\SYSTEM32\WSOCK32.dll
0x00007fff6b6f0000 - 0x00007fff6b75c000 	C:\Windows\System32\WS2_32.dll
0x00007fff68800000 - 0x00007fff6884a000 	C:\Windows\System32\cfgmgr32.dll
0x0000000062810000 - 0x000000006281f000 	C:\Program Files\Java\jdk1.8.0_161\jre\bin\verify.dll
0x00000000627e0000 - 0x0000000062809000 	C:\Program Files\Java\jdk1.8.0_161\jre\bin\java.dll
0x00000000627c0000 - 0x00000000627d6000 	C:\Program Files\Java\jdk1.8.0_161\jre\bin\zip.dll
0x00007fff69d30000 - 0x00007fff6b167000 	C:\Windows\System32\SHELL32.dll
0x00007fff69c80000 - 0x00007fff69d26000 	C:\Windows\System32\shcore.dll
0x00007fff68850000 - 0x00007fff68f97000 	C:\Windows\System32\windows.storage.dll
0x00007fff6b430000 - 0x00007fff6b481000 	C:\Windows\System32\shlwapi.dll
0x00007fff67e40000 - 0x00007fff67e51000 	C:\Windows\System32\kernel.appcore.dll
0x00007fff67e60000 - 0x00007fff67eac000 	C:\Windows\System32\powrprof.dll
0x00007fff67eb0000 - 0x00007fff67ecb000 	C:\Windows\System32\profapi.dll
0x0000000062740000 - 0x000000006274d000 	C:\Program Files\Java\jdk1.8.0_161\jre\bin\management.dll
0x00000000627a0000 - 0x00000000627ba000 	C:\Program Files\Java\jdk1.8.0_161\jre\bin\net.dll
0x00007fff67650000 - 0x00007fff676b6000 	C:\Windows\system32\mswsock.dll
0x0000000062780000 - 0x0000000062791000 	C:\Program Files\Java\jdk1.8.0_161\jre\bin\nio.dll
0x00007fff4fb20000 - 0x00007fff4fb36000 	C:\Windows\system32\napinsp.dll
0x00007fff4f960000 - 0x00007fff4f97a000 	C:\Windows\system32\pnrpnsp.dll
0x00007fff61a20000 - 0x00007fff61a38000 	C:\Windows\system32\NLAapi.dll
0x00007fff67420000 - 0x00007fff674d6000 	C:\Windows\SYSTEM32\DNSAPI.dll
0x00007fff69c70000 - 0x00007fff69c78000 	C:\Windows\System32\NSI.dll
0x00007fff673e0000 - 0x00007fff67419000 	C:\Windows\SYSTEM32\IPHLPAPI.DLL
0x00007fff4f5c0000 - 0x00007fff4f5ce000 	C:\Windows\System32\winrnr.dll
0x00007fff4f5a0000 - 0x00007fff4f5b5000 	C:\Windows\System32\wshbth.dll
0x00007fff56ef0000 - 0x00007fff56efa000 	C:\Windows\System32\rasadhlp.dll
0x00007fff570b0000 - 0x00007fff57120000 	C:\Windows\System32\fwpuclnt.dll
0x00007fff67920000 - 0x00007fff67945000 	C:\Windows\SYSTEM32\bcrypt.dll
0x00007fff67810000 - 0x00007fff67827000 	C:\Windows\SYSTEM32\CRYPTSP.dll
0x00007fff67260000 - 0x00007fff67293000 	C:\Windows\system32\rsaenh.dll
0x00007fff67d20000 - 0x00007fff67d49000 	C:\Windows\SYSTEM32\USERENV.dll
0x00007fff67830000 - 0x00007fff6783b000 	C:\Windows\SYSTEM32\CRYPTBASE.dll
0x00007fff5f8d0000 - 0x00007fff5f8e6000 	C:\Windows\SYSTEM32\dhcpcsvc6.DLL
0x00007fff5fa40000 - 0x00007fff5fa5a000 	C:\Windows\SYSTEM32\dhcpcsvc.DLL

VM Arguments:
java_command: C:\Users\ADMINI~1\AppData\Local\Temp\surefire1268045707468889589\surefirebooter2444137373537620994.jar C:\Users\Administrator\AppData\Local\Temp\surefire1268045707468889589 2019-12-12T22-42-10_153-jvmRun1 surefire2863385437934986162tmp surefire_07660279080698825880tmp
java_class_path (initial): C:\Users\ADMINI~1\AppData\Local\Temp\surefire1268045707468889589\surefirebooter2444137373537620994.jar
Launcher Type: SUN_STANDARD

Environment Variables:
JAVA_HOME=C:\Program Files\Java\jdk1.8.0_231
CLASSPATH=   %CLASSPATH%;%JUNIT_HOME%\JUnit4.12.jar;D:\UnitTest\TaiNguyen\JUnit4.12.jar;D:\UnitTest\TaiNguyen\JUnit4.12.jar
PATH=C:\Program Files (x86)\NetSarang\Xshell 6\;C:\Program Files (x86)\NetSarang\Xftp 6\;C:\Python27\;C:\Python27\Scripts;D:\app\Administrator\virtual\product\12.2.0\dbhome_1\bin;C:\ProgramData\Oracle\Java\javapath;C:\Program Files (x86)\Intel\iCLS Client\;C:\Program Files\Intel\iCLS Client\;C:\Windows\system32;C:\Windows;C:\Windows\System32\Wbem;C:\Windows\System32\WindowsPowerShell\v1.0\;C:\Program Files (x86)\Intel\Intel(R) Management Engine Components\DAL;C:\Program Files\Intel\Intel(R) Management Engine Components\DAL;C:\Program Files (x86)\Intel\Intel(R) Management Engine Components\IPT;C:\Program Files\Intel\Intel(R) Management Engine Components\IPT;C:\Program Files\Microsoft SQL Server\120\DTS\Binn\;C:\Program Files\Microsoft SQL Server\Client SDK\ODBC\110\Tools\Binn\;C:\Program Files (x86)\Microsoft SQL Server\120\Tools\Binn\;C:\Program Files\Microsoft SQL Server\120\Tools\Binn\;C:\Program Files (x86)\Microsoft SQL Server\120\Tools\Binn\ManagementStudio\;C:\Program Files (x86)\Microsoft SQL Server\120\DTS\Binn\;C:\Program Files\Java\jdk1.8.0_161\bin;C:\Program Files\NVIDIA Corporation\NVIDIA NvDLISR;C:\Program Files (x86)\NVIDIA Corporation\PhysX\Common;C:\Program Files\TortoiseGit\bin;C:\Program Files\Git\cmd;C:\ProgramData\chocolatey\bin;C:\Program Files\nodejs\;C:\Program Files\Java\jdk1.8.0_231\bin;C:\Program Files\MySQL\MySQL Shell 8.0\bin\;C:\Users\Administrator\AppData\Roaming\npm\node_modules\@angular\cli\bin;;D:\vis\IntelliJ IDEA 2019.2.2\bin;;D:\visual\Microsoft VS Code\bin;C:\Users\Administrator\AppData\Roaming\npm
USERNAME=Administrator
OS=Windows_NT
PROCESSOR_IDENTIFIER=Intel64 Family 6 Model 158 Stepping 9, GenuineIntel



---------------  S Y S T E M  ---------------

OS: Windows 10.0 , 64 bit Build 16299 (10.0.16299.15)

CPU:total 4 (initial active 4) (4 cores per cpu, 1 threads per core) family 6 model 158 stepping 9, cmov, cx8, fxsr, mmx, sse, sse2, sse3, ssse3, sse4.1, sse4.2, popcnt, avx, avx2, aes, clmul, erms, 3dnowpref, lzcnt, tsc, tscinvbit, bmi1, bmi2, adx

Memory: 4k page, physical 8269412k(398824k free), swap 10218084k(7792k free)

vm_info: Java HotSpot(TM) 64-Bit Server VM (25.161-b12) for windows-amd64 JRE (1.8.0_161-b12), built on Dec 19 2017 17:52:25 by "java_re" with MS VC++ 10.0 (VS2010)

time: Thu Dec 12 22:42:18 2019
elapsed time: 7 seconds (0d 0h 0m 7s)

