#
# There is insufficient memory for the Java Runtime Environment to continue.
# Native memory allocation (malloc) failed to allocate 1911408 bytes for Chunk::new
# Possible reasons:
#   The system is out of physical RAM or swap space
#   In 32 bit mode, the process size limit was hit
# Possible solutions:
#   Reduce memory load on the system
#   Increase physical memory or swap space
#   Check if swap backing store is full
#   Use 64 bit Java on a 64 bit OS
#   Decrease Java heap size (-Xmx/-Xms)
#   Decrease number of Java threads
#   Decrease Java thread stack sizes (-Xss)
#   Set larger code cache with -XX:ReservedCodeCacheSize=
# This output file may be truncated or incomplete.
#
#  Out of Memory Error (allocation.cpp:390), pid=6152, tid=0x00000000000009fc
#
# JRE version: Java(TM) SE Runtime Environment (8.0_161-b12) (build 1.8.0_161-b12)
# Java VM: Java HotSpot(TM) 64-Bit Server VM (25.161-b12 mixed mode windows-amd64 compressed oops)
# Failed to write core dump. Minidumps are not enabled by default on client versions of Windows
#

---------------  T H R E A D  ---------------

Current thread (0x000000001b6b8000):  JavaThread "C2 CompilerThread0" daemon [_thread_in_native, id=2556, stack(0x000000001bb50000,0x000000001bc50000)]

Stack: [0x000000001bb50000,0x000000001bc50000]
[error occurred during error reporting (printing stack bounds), id 0xc0000005]

Native frames: (J=compiled Java code, j=interpreted, Vv=VM code, C=native code)


Current CompileTask:
C2:   3968 1508       4       java.net.URLClassLoader$1::run (5 bytes)


---------------  P R O C E S S  ---------------

Java Threads: ( => current thread )
  0x000000001a05e800 JavaThread "Service Thread" daemon [_thread_blocked, id=11104, stack(0x000000001be50000,0x000000001bf50000)]
  0x000000001b6bc000 JavaThread "C1 CompilerThread2" daemon [_thread_blocked, id=1600, stack(0x000000001bd50000,0x000000001be50000)]
  0x000000001b6ba800 JavaThread "C2 CompilerThread1" daemon [_thread_blocked, id=9084, stack(0x000000001bc50000,0x000000001bd50000)]
=>0x000000001b6b8000 JavaThread "C2 CompilerThread0" daemon [_thread_in_native, id=2556, stack(0x000000001bb50000,0x000000001bc50000)]
  0x000000001b652000 JavaThread "Monitor Ctrl-Break" daemon [_thread_in_native, id=7640, stack(0x000000001ba50000,0x000000001bb50000)]
  0x0000000019fff000 JavaThread "Attach Listener" daemon [_thread_blocked, id=3792, stack(0x000000001b550000,0x000000001b650000)]
  0x0000000019ffd000 JavaThread "Signal Dispatcher" daemon [_thread_blocked, id=4120, stack(0x000000001b450000,0x000000001b550000)]
  0x00000000054ce800 JavaThread "Finalizer" daemon [_thread_blocked, id=1720, stack(0x000000001b260000,0x000000001b360000)]
  0x00000000054c5000 JavaThread "Reference Handler" daemon [_thread_blocked, id=9528, stack(0x000000001b160000,0x000000001b260000)]
  0x00000000053d3800 JavaThread "main" [_thread_in_native, id=7156, stack(0x00000000050e0000,0x00000000051e0000)]

Other Threads:
  0x0000000019fc7800 VMThread [stack: 0x000000001b060000,0x000000001b160000] [id=6724]
  0x000000001b70f000 WatcherThread [stack: 0x000000001bf50000,0x000000001c050000] [id=1864]

VM state:not at safepoint (normal execution)

VM Mutex/Monitor currently owned by a thread: None

Heap:
 PSYoungGen      total 38400K, used 33989K [0x00000000d5f00000, 0x00000000d8980000, 0x0000000100000000)
  eden space 33280K, 86% used [0x00000000d5f00000,0x00000000d7b394a8,0x00000000d7f80000)
  from space 5120K, 99% used [0x00000000d7f80000,0x00000000d8478148,0x00000000d8480000)
  to   space 5120K, 0% used [0x00000000d8480000,0x00000000d8480000,0x00000000d8980000)
 ParOldGen       total 87552K, used 2689K [0x0000000081c00000, 0x0000000087180000, 0x00000000d5f00000)
  object space 87552K, 3% used [0x0000000081c00000,0x0000000081ea0428,0x0000000087180000)
 Metaspace       used 15607K, capacity 15926K, committed 16128K, reserved 1062912K
  class space    used 1896K, capacity 2006K, committed 2048K, reserved 1048576K

Card table byte_map: [0x0000000014890000,0x0000000014c90000] byte_map_base: 0x0000000014482000

Marking Bits: (ParMarkBitMap*) 0x0000000060d9f860
 Begin Bits: [0x0000000015340000, 0x00000000172d0000)
 End Bits:   [0x00000000172d0000, 0x0000000019260000)

Polling page: 0x0000000005080000

CodeCache: size=245760Kb used=6745Kb max_used=6759Kb free=239014Kb
 bounds [0x00000000054d0000, 0x0000000005b80000, 0x00000000144d0000]
 total_blobs=2383 nmethods=2014 adapters=281
 compilation: enabled

Compilation events (10 events):
Event: 3.847 Thread 0x000000001b6ba800 2003       4       java.util.HashSet::contains (9 bytes)
Event: 3.851 Thread 0x000000001b6ba800 nmethod 2003 0x0000000005b4e510 code [0x0000000005b4e6a0, 0x0000000005b4eb98]
Event: 3.851 Thread 0x000000001b6ba800 2000       4       java.util.regex.Pattern$Dot::isSatisfiedBy (34 bytes)
Event: 3.851 Thread 0x000000001b6ba800 nmethod 2000 0x0000000005b4c350 code [0x0000000005b4c4a0, 0x0000000005b4c578]
Event: 3.851 Thread 0x000000001b6ba800 1979       4       java.util.regex.Pattern$BitClass::isSatisfiedBy (22 bytes)
Event: 3.852 Thread 0x000000001b6ba800 nmethod 1979 0x0000000005b58c90 code [0x0000000005b58dc0, 0x0000000005b58e78]
Event: 3.852 Thread 0x000000001b6ba800 1813       4       java.util.HashSet::add (20 bytes)
Event: 3.857 Thread 0x000000001b6bc000 2018       1       java.io.ExpiringCache::access$000 (5 bytes)
Event: 3.857 Thread 0x000000001b6bc000 nmethod 2018 0x0000000005b4e250 code [0x0000000005b4e3a0, 0x0000000005b4e490]
Event: 3.863 Thread 0x000000001b6ba800 nmethod 1813 0x0000000005b68cd0 code [0x0000000005b68ee0, 0x0000000005b69b40]

GC Heap History (6 events):
Event: 2.797 GC heap before
{Heap before GC invocations=1 (full 0):
 PSYoungGen      total 38400K, used 33280K [0x00000000d5f00000, 0x00000000d8980000, 0x0000000100000000)
  eden space 33280K, 100% used [0x00000000d5f00000,0x00000000d7f80000,0x00000000d7f80000)
  from space 5120K, 0% used [0x00000000d8480000,0x00000000d8480000,0x00000000d8980000)
  to   space 5120K, 0% used [0x00000000d7f80000,0x00000000d7f80000,0x00000000d8480000)
 ParOldGen       total 87552K, used 0K [0x0000000081c00000, 0x0000000087180000, 0x00000000d5f00000)
  object space 87552K, 0% used [0x0000000081c00000,0x0000000081c00000,0x0000000087180000)
 Metaspace       used 8770K, capacity 8956K, committed 9088K, reserved 1056768K
  class space    used 1047K, capacity 1112K, committed 1152K, reserved 1048576K
Event: 2.801 GC heap after
Heap after GC invocations=1 (full 0):
 PSYoungGen      total 38400K, used 5117K [0x00000000d5f00000, 0x00000000d8980000, 0x0000000100000000)
  eden space 33280K, 0% used [0x00000000d5f00000,0x00000000d5f00000,0x00000000d7f80000)
  from space 5120K, 99% used [0x00000000d7f80000,0x00000000d847f5c8,0x00000000d8480000)
  to   space 5120K, 0% used [0x00000000d8480000,0x00000000d8480000,0x00000000d8980000)
 ParOldGen       total 87552K, used 8K [0x0000000081c00000, 0x0000000087180000, 0x00000000d5f00000)
  object space 87552K, 0% used [0x0000000081c00000,0x0000000081c02000,0x0000000087180000)
 Metaspace       used 8770K, capacity 8956K, committed 9088K, reserved 1056768K
  class space    used 1047K, capacity 1112K, committed 1152K, reserved 1048576K
}
Event: 3.063 GC heap before
{Heap before GC invocations=2 (full 0):
 PSYoungGen      total 38400K, used 38397K [0x00000000d5f00000, 0x00000000d8980000, 0x0000000100000000)
  eden space 33280K, 100% used [0x00000000d5f00000,0x00000000d7f80000,0x00000000d7f80000)
  from space 5120K, 99% used [0x00000000d7f80000,0x00000000d847f5c8,0x00000000d8480000)
  to   space 5120K, 0% used [0x00000000d8480000,0x00000000d8480000,0x00000000d8980000)
 ParOldGen       total 87552K, used 8K [0x0000000081c00000, 0x0000000087180000, 0x00000000d5f00000)
  object space 87552K, 0% used [0x0000000081c00000,0x0000000081c02000,0x0000000087180000)
 Metaspace       used 11382K, capacity 11560K, committed 11776K, reserved 1058816K
  class space    used 1383K, capacity 1445K, committed 1536K, reserved 1048576K
Event: 3.067 GC heap after
Heap after GC invocations=2 (full 0):
 PSYoungGen      total 38400K, used 5106K [0x00000000d5f00000, 0x00000000d8980000, 0x0000000100000000)
  eden space 33280K, 0% used [0x00000000d5f00000,0x00000000d5f00000,0x00000000d7f80000)
  from space 5120K, 99% used [0x00000000d8480000,0x00000000d897c948,0x00000000d8980000)
  to   space 5120K, 0% used [0x00000000d7f80000,0x00000000d7f80000,0x00000000d8480000)
 ParOldGen       total 87552K, used 814K [0x0000000081c00000, 0x0000000087180000, 0x00000000d5f00000)
  object space 87552K, 0% used [0x0000000081c00000,0x0000000081ccbab0,0x0000000087180000)
 Metaspace       used 11382K, capacity 11560K, committed 11776K, reserved 1058816K
  class space    used 1383K, capacity 1445K, committed 1536K, reserved 1048576K
}
Event: 3.508 GC heap before
{Heap before GC invocations=3 (full 0):
 PSYoungGen      total 38400K, used 38386K [0x00000000d5f00000, 0x00000000d8980000, 0x0000000100000000)
  eden space 33280K, 100% used [0x00000000d5f00000,0x00000000d7f80000,0x00000000d7f80000)
  from space 5120K, 99% used [0x00000000d8480000,0x00000000d897c948,0x00000000d8980000)
  to   space 5120K, 0% used [0x00000000d7f80000,0x00000000d7f80000,0x00000000d8480000)
 ParOldGen       total 87552K, used 814K [0x0000000081c00000, 0x0000000087180000, 0x00000000d5f00000)
  object space 87552K, 0% used [0x0000000081c00000,0x0000000081ccbab0,0x0000000087180000)
 Metaspace       used 14861K, capacity 15128K, committed 15360K, reserved 1062912K
  class space    used 1836K, capacity 1937K, committed 2048K, reserved 1048576K
Event: 3.514 GC heap after
Heap after GC invocations=3 (full 0):
 PSYoungGen      total 38400K, used 5088K [0x00000000d5f00000, 0x00000000d8980000, 0x0000000100000000)
  eden space 33280K, 0% used [0x00000000d5f00000,0x00000000d5f00000,0x00000000d7f80000)
  from space 5120K, 99% used [0x00000000d7f80000,0x00000000d8478148,0x00000000d8480000)
  to   space 5120K, 0% used [0x00000000d8480000,0x00000000d8480000,0x00000000d8980000)
 ParOldGen       total 87552K, used 2689K [0x0000000081c00000, 0x0000000087180000, 0x00000000d5f00000)
  object space 87552K, 3% used [0x0000000081c00000,0x0000000081ea0428,0x0000000087180000)
 Metaspace       used 14861K, capacity 15128K, committed 15360K, reserved 1062912K
  class space    used 1836K, capacity 1937K, committed 2048K, reserved 1048576K
}

Deoptimization events (10 events):
Event: 3.384 Thread 0x00000000053d3800 Uncommon trap: reason=null_check action=make_not_entrant pc=0x00000000055e8768 method=java.lang.String.equals(Ljava/lang/Object;)Z @ 8
Event: 3.490 Thread 0x00000000053d3800 Uncommon trap: reason=unstable_if action=reinterpret pc=0x0000000005721c58 method=java.lang.AbstractStringBuilder.append(Ljava/lang/String;)Ljava/lang/AbstractStringBuilder; @ 1
Event: 3.490 Thread 0x00000000053d3800 Uncommon trap: reason=unstable_if action=reinterpret pc=0x00000000056fdc38 method=java.lang.AbstractStringBuilder.append(Ljava/lang/String;)Ljava/lang/AbstractStringBuilder; @ 1
Event: 3.517 Thread 0x00000000053d3800 Uncommon trap: reason=unstable_if action=reinterpret pc=0x00000000056b90f0 method=java.lang.String.replace(CC)Ljava/lang/String; @ 2
Event: 3.606 Thread 0x00000000053d3800 Uncommon trap: reason=unstable_if action=reinterpret pc=0x0000000005a7c78c method=org.codehaus.plexus.util.xml.pull.MXParser.nextImpl()I @ 879
Event: 3.628 Thread 0x00000000053d3800 Uncommon trap: reason=unstable_if action=reinterpret pc=0x0000000005ab4068 method=java.lang.String.trim()Ljava/lang/String; @ 63
Event: 3.628 Thread 0x00000000053d3800 Uncommon trap: reason=unstable_if action=reinterpret pc=0x0000000005a79a00 method=org.codehaus.plexus.util.xml.pull.MXParser.isS(C)Z @ 21
Event: 3.633 Thread 0x00000000053d3800 Uncommon trap: reason=unstable_if action=reinterpret pc=0x0000000005737684 method=sun.nio.cs.UTF_8$Decoder.decode([BII[C)I @ 30
Event: 3.634 Thread 0x00000000053d3800 Uncommon trap: reason=unstable_if action=reinterpret pc=0x000000000577bec0 method=sun.nio.cs.UTF_8$Decoder.decodeArrayLoop(Ljava/nio/ByteBuffer;Ljava/nio/CharBuffer;)Ljava/nio/charset/CoderResult; @ 84
Event: 3.686 Thread 0x00000000053d3800 Uncommon trap: reason=unstable_if action=reinterpret pc=0x0000000005867a10 method=java.lang.String.regionMatches(ZILjava/lang/String;II)Z @ 25

Classes redefined (0 events):
No events

Internal exceptions (10 events):
Event: 2.752 Thread 0x00000000053d3800 Exception <a 'java/lang/ArrayIndexOutOfBoundsException'> (0x00000000d79f0938) thrown at [C:\re\workspace\8-2-build-windows-amd64-cygwin\jdk8u161\10277\hotspot\src\share\vm\runtime\sharedRuntime.cpp, line 605]
Event: 2.838 Thread 0x00000000053d3800 Exception <a 'java/lang/ArrayIndexOutOfBoundsException'> (0x00000000d662ef58) thrown at [C:\re\workspace\8-2-build-windows-amd64-cygwin\jdk8u161\10277\hotspot\src\share\vm\runtime\sharedRuntime.cpp, line 605]
Event: 2.839 Thread 0x00000000053d3800 Exception <a 'java/lang/ArrayIndexOutOfBoundsException'> (0x00000000d66338a0) thrown at [C:\re\workspace\8-2-build-windows-amd64-cygwin\jdk8u161\10277\hotspot\src\share\vm\runtime\sharedRuntime.cpp, line 605]
Event: 2.884 Thread 0x00000000053d3800 Exception <a 'java/lang/ArrayIndexOutOfBoundsException': 66> (0x00000000d691c630) thrown at [C:\re\workspace\8-2-build-windows-amd64-cygwin\jdk8u161\10277\hotspot\src\share\vm\interpreter\interpreterRuntime.cpp, line 366]
Event: 3.322 Thread 0x00000000053d3800 Exception <a 'java/lang/NoClassDefFoundError': com/google/inject/servlet/ServletModuleTargetVisitor> (0x00000000d74413e8) thrown at [C:\re\workspace\8-2-build-windows-amd64-cygwin\jdk8u161\10277\hotspot\src\share\vm\classfile\systemDictionary.cpp, line 19
Event: 3.322 Thread 0x00000000053d3800 Exception <a 'java/lang/NoClassDefFoundError'> (0x00000000d74413e8) thrown at [C:\re\workspace\8-2-build-windows-amd64-cygwin\jdk8u161\10277\hotspot\src\share\vm\prims\jvm.cpp, line 1394]
Event: 3.322 Thread 0x00000000053d3800 Exception <a 'java/lang/NoClassDefFoundError': javax/annotation/Priority> (0x00000000d7446660) thrown at [C:\re\workspace\8-2-build-windows-amd64-cygwin\jdk8u161\10277\hotspot\src\share\vm\classfile\systemDictionary.cpp, line 199]
Event: 3.384 Thread 0x00000000053d3800 Implicit null exception at 0x00000000055e8595 to 0x00000000055e8759
Event: 3.490 Thread 0x00000000053d3800 Implicit null exception at 0x0000000005721899 to 0x0000000005721c41
Event: 3.490 Thread 0x00000000053d3800 Implicit null exception at 0x00000000056fd896 to 0x00000000056fdc21

Events (10 events):
Event: 3.804 loading class java/util/TreeMap$Values
Event: 3.804 loading class java/util/TreeMap$Values done
Event: 3.804 loading class java/util/TreeMap$ValueIterator
Event: 3.804 loading class java/util/TreeMap$ValueIterator done
Event: 3.804 loading class org/apache/maven/plugin/DefaultPluginDescriptorCache$CacheKey
Event: 3.804 loading class org/apache/maven/plugin/DefaultPluginDescriptorCache$CacheKey done
Event: 3.858 loading class org/apache/maven/repository/internal/DefaultModelCache
Event: 3.858 loading class org/apache/maven/repository/internal/DefaultModelCache done
Event: 3.858 loading class org/apache/maven/repository/internal/DefaultModelResolver
Event: 3.858 loading class org/apache/maven/repository/internal/DefaultModelResolver done


Dynamic libraries:
0x00007ff6a7340000 - 0x00007ff6a7377000 	C:\Program Files\Java\jdk1.8.0_161\bin\java.exe
0x00007fffe8f00000 - 0x00007fffe90e0000 	C:\Windows\SYSTEM32\ntdll.dll
0x00007fffe8b80000 - 0x00007fffe8c2e000 	C:\Windows\System32\KERNEL32.DLL
0x00007fffe5cf0000 - 0x00007fffe5f56000 	C:\Windows\System32\KERNELBASE.dll
0x00007fffe8ad0000 - 0x00007fffe8b71000 	C:\Windows\System32\ADVAPI32.dll
0x00007fffe6820000 - 0x00007fffe68bd000 	C:\Windows\System32\msvcrt.dll
0x00007fffe7130000 - 0x00007fffe718b000 	C:\Windows\System32\sechost.dll
0x00007fffe7010000 - 0x00007fffe712f000 	C:\Windows\System32\RPCRT4.dll
0x00007fffe6c00000 - 0x00007fffe6d8e000 	C:\Windows\System32\USER32.dll
0x00007fffe5a50000 - 0x00007fffe5a70000 	C:\Windows\System32\win32u.dll
0x00007fffe6bd0000 - 0x00007fffe6bf8000 	C:\Windows\System32\GDI32.dll
0x00007fffe61d0000 - 0x00007fffe6361000 	C:\Windows\System32\gdi32full.dll
0x00007fffe5f60000 - 0x00007fffe5ffb000 	C:\Windows\System32\msvcp_win.dll
0x00007fffe5a70000 - 0x00007fffe5b66000 	C:\Windows\System32\ucrtbase.dll
0x00007fffd9330000 - 0x00007fffd9599000 	C:\Windows\WinSxS\amd64_microsoft.windows.common-controls_6595b64144ccf1df_6.0.16299.15_none_cc92fb402215d91d\COMCTL32.dll
0x00007fffe68c0000 - 0x00007fffe6bc8000 	C:\Windows\System32\combase.dll
0x00007fffe5b70000 - 0x00007fffe5be2000 	C:\Windows\System32\bcryptPrimitives.dll
0x00007fffe88f0000 - 0x00007fffe891d000 	C:\Windows\System32\IMM32.DLL
0x0000000061320000 - 0x00000000613f2000 	C:\Program Files\Java\jdk1.8.0_161\jre\bin\msvcr100.dll
0x0000000060580000 - 0x0000000060e1f000 	C:\Program Files\Java\jdk1.8.0_161\jre\bin\server\jvm.dll
0x00007fffe8e20000 - 0x00007fffe8e28000 	C:\Windows\System32\PSAPI.DLL
0x00007fffcf3f0000 - 0x00007fffcf3f9000 	C:\Windows\SYSTEM32\WSOCK32.dll
0x00007fffde340000 - 0x00007fffde363000 	C:\Windows\SYSTEM32\WINMM.dll
0x00007fffddf20000 - 0x00007fffddf2a000 	C:\Windows\SYSTEM32\VERSION.dll
0x00007fffe86e0000 - 0x00007fffe874c000 	C:\Windows\System32\WS2_32.dll
0x00007fffde310000 - 0x00007fffde33a000 	C:\Windows\SYSTEM32\WINMMBASE.dll
0x00007fffe5bf0000 - 0x00007fffe5c3a000 	C:\Windows\System32\cfgmgr32.dll
0x0000000061310000 - 0x000000006131f000 	C:\Program Files\Java\jdk1.8.0_161\jre\bin\verify.dll
0x00000000612e0000 - 0x0000000061309000 	C:\Program Files\Java\jdk1.8.0_161\jre\bin\java.dll
0x0000000061290000 - 0x00000000612b3000 	C:\Program Files\Java\jdk1.8.0_161\jre\bin\instrument.dll
0x00000000612c0000 - 0x00000000612d6000 	C:\Program Files\Java\jdk1.8.0_161\jre\bin\zip.dll
0x00007fffe72a0000 - 0x00007fffe86d7000 	C:\Windows\System32\SHELL32.dll
0x00007fffe8d00000 - 0x00007fffe8da6000 	C:\Windows\System32\shcore.dll
0x00007fffe5300000 - 0x00007fffe5a47000 	C:\Windows\System32\windows.storage.dll
0x00007fffe71b0000 - 0x00007fffe7201000 	C:\Windows\System32\shlwapi.dll
0x00007fffe52c0000 - 0x00007fffe52d1000 	C:\Windows\System32\kernel.appcore.dll
0x00007fffe5270000 - 0x00007fffe52bc000 	C:\Windows\System32\powrprof.dll
0x00007fffe5250000 - 0x00007fffe526b000 	C:\Windows\System32\profapi.dll
0x00007fffbfc70000 - 0x00007fffbfc8a000 	D:\vis\IntelliJ IDEA 2019.2.2\bin\breakgen64.dll
0x0000000061270000 - 0x000000006128a000 	C:\Program Files\Java\jdk1.8.0_161\jre\bin\net.dll
0x00007fffe4a80000 - 0x00007fffe4ae6000 	C:\Windows\system32\mswsock.dll
0x00007fffe4c50000 - 0x00007fffe4c67000 	C:\Windows\SYSTEM32\CRYPTSP.dll
0x00007fffe4690000 - 0x00007fffe46c3000 	C:\Windows\system32\rsaenh.dll
0x00007fffe4d50000 - 0x00007fffe4d75000 	C:\Windows\SYSTEM32\bcrypt.dll
0x00007fffe5180000 - 0x00007fffe51a9000 	C:\Windows\SYSTEM32\USERENV.dll
0x00007fffe4c40000 - 0x00007fffe4c4b000 	C:\Windows\SYSTEM32\CRYPTBASE.dll
0x00007fffe4810000 - 0x00007fffe4849000 	C:\Windows\SYSTEM32\IPHLPAPI.DLL
0x00007fffe7210000 - 0x00007fffe7218000 	C:\Windows\System32\NSI.dll
0x00007fffdd1a0000 - 0x00007fffdd1b6000 	C:\Windows\SYSTEM32\dhcpcsvc6.DLL
0x00007fffdd580000 - 0x00007fffdd59a000 	C:\Windows\SYSTEM32\dhcpcsvc.DLL
0x0000000061240000 - 0x0000000061251000 	C:\Program Files\Java\jdk1.8.0_161\jre\bin\nio.dll
0x00007fffdbac0000 - 0x00007fffdbaca000 	C:\Users\Administrator\AppData\Local\Temp\jansi-1.17.1-5915700649110806406.dll
0x00007fffd3830000 - 0x00007fffd383a000 	C:\Users\Administrator\AppData\Local\Temp\jansi-1.17.1-4613126500528730640.dll

VM Arguments:
jvm_args: -Dmaven.multiModuleProjectDirectory=D:\vis\clonefinal\coneee\vis-portal\VP-Backend -Dmaven.home=D:\vis\IntelliJ IDEA 2019.2.2\plugins\maven\lib\maven3 -Dclassworlds.conf=D:\vis\IntelliJ IDEA 2019.2.2\plugins\maven\lib\maven3\bin\m2.conf -Dmaven.ext.class.path=D:\vis\IntelliJ IDEA 2019.2.2\plugins\maven\lib\maven-event-listener.jar -javaagent:D:\vis\IntelliJ IDEA 2019.2.2\lib\idea_rt.jar=58677:D:\vis\IntelliJ IDEA 2019.2.2\bin -Dfile.encoding=UTF-8 
java_command: org.codehaus.classworlds.Launcher -Didea.version2019.2.2 package
java_class_path (initial): D:\vis\IntelliJ IDEA 2019.2.2\plugins\maven\lib\maven3\boot\plexus-classworlds-2.6.0.jar;D:\vis\IntelliJ IDEA 2019.2.2\lib\idea_rt.jar
Launcher Type: SUN_STANDARD

Environment Variables:
JAVA_HOME=C:\Program Files\Java\jdk1.8.0_231
CLASSPATH=   %CLASSPATH%;%JUNIT_HOME%\JUnit4.12.jar;D:\UnitTest\TaiNguyen\JUnit4.12.jar;D:\UnitTest\TaiNguyen\JUnit4.12.jar
PATH=C:\Program Files (x86)\NetSarang\Xshell 6\;C:\Program Files (x86)\NetSarang\Xftp 6\;C:\Python27\;C:\Python27\Scripts;D:\app\Administrator\virtual\product\12.2.0\dbhome_1\bin;C:\ProgramData\Oracle\Java\javapath;C:\Program Files (x86)\Intel\iCLS Client\;C:\Program Files\Intel\iCLS Client\;C:\Windows\system32;C:\Windows;C:\Windows\System32\Wbem;C:\Windows\System32\WindowsPowerShell\v1.0\;C:\Program Files (x86)\Intel\Intel(R) Management Engine Components\DAL;C:\Program Files\Intel\Intel(R) Management Engine Components\DAL;C:\Program Files (x86)\Intel\Intel(R) Management Engine Components\IPT;C:\Program Files\Intel\Intel(R) Management Engine Components\IPT;C:\Program Files\Microsoft SQL Server\120\DTS\Binn\;C:\Program Files\Microsoft SQL Server\Client SDK\ODBC\110\Tools\Binn\;C:\Program Files (x86)\Microsoft SQL Server\120\Tools\Binn\;C:\Program Files\Microsoft SQL Server\120\Tools\Binn\;C:\Program Files (x86)\Microsoft SQL Server\120\Tools\Binn\ManagementStudio\;C:\Program Files (x86)\Microsoft SQL Server\120\DTS\Binn\;C:\Program Files\Java\jdk1.8.0_161\bin;C:\Program Files\NVIDIA Corporation\NVIDIA NvDLISR;C:\Program Files (x86)\NVIDIA Corporation\PhysX\Common;C:\Program Files\TortoiseGit\bin;C:\Program Files\Git\cmd;C:\ProgramData\chocolatey\bin;C:\Program Files\nodejs\;C:\Program Files\Java\jdk1.8.0_231\bin;C:\Program Files\MySQL\MySQL Shell 8.0\bin\;C:\Users\Administrator\AppData\Roaming\npm\node_modules\@angular\cli\bin;;D:\vis\IntelliJ IDEA 2019.2.2\bin;;D:\visual\Microsoft VS Code\bin;C:\Users\Administrator\AppData\Roaming\npm
USERNAME=Administrator
OS=Windows_NT
PROCESSOR_IDENTIFIER=Intel64 Family 6 Model 158 Stepping 9, GenuineIntel



---------------  S Y S T E M  ---------------

OS: Windows 10.0 , 64 bit Build 16299 (10.0.16299.15)

CPU:total 4 (initial active 4) (4 cores per cpu, 1 threads per core) family 6 model 158 stepping 9, cmov, cx8, fxsr, mmx, sse, sse2, sse3, ssse3, sse4.1, sse4.2, popcnt, avx, avx2, aes, clmul, erms, 3dnowpref, lzcnt, tsc, tscinvbit, bmi1, bmi2, adx

Memory: 4k page, physical 8269412k(543904k free), swap 10218084k(5248k free)

vm_info: Java HotSpot(TM) 64-Bit Server VM (25.161-b12) for windows-amd64 JRE (1.8.0_161-b12), built on Dec 19 2017 17:52:25 by "java_re" with MS VC++ 10.0 (VS2010)

time: Wed Dec 18 16:17:55 2019
elapsed time: 4 seconds (0d 0h 0m 4s)

