#
# There is insufficient memory for the Java Runtime Environment to continue.
# Native memory allocation (malloc) failed to allocate 998944 bytes for Chunk::new
# Possible reasons:
#   The system is out of physical RAM or swap space
#   In 32 bit mode, the process size limit was hit
# Possible solutions:
#   Reduce memory load on the system
#   Increase physical memory or swap space
#   Check if swap backing store is full
#   Use 64 bit Java on a 64 bit OS
#   Decrease Java heap size (-Xmx/-Xms)
#   Decrease number of Java threads
#   Decrease Java thread stack sizes (-Xss)
#   Set larger code cache with -XX:ReservedCodeCacheSize=
# This output file may be truncated or incomplete.
#
#  Out of Memory Error (allocation.cpp:390), pid=9264, tid=0x0000000000001740
#
# JRE version: Java(TM) SE Runtime Environment (8.0_161-b12) (build 1.8.0_161-b12)
# Java VM: Java HotSpot(TM) 64-Bit Server VM (25.161-b12 mixed mode windows-amd64 compressed oops)
# Failed to write core dump. Minidumps are not enabled by default on client versions of Windows
#

---------------  T H R E A D  ---------------

Current thread (0x000000001b754800):  JavaThread "C2 CompilerThread0" daemon [_thread_in_native, id=5952, stack(0x000000001bbf0000,0x000000001bcf0000)]

Stack: [0x000000001bbf0000,0x000000001bcf0000]
[error occurred during error reporting (printing stack bounds), id 0xc0000005]

Native frames: (J=compiled Java code, j=interpreted, Vv=VM code, C=native code)


Current CompileTask:
C2:   4550 3189       4       org.apache.maven.model.inheritance.DefaultInheritanceAssembler$InheritanceModelMerger::mergePluginContainer_Plugins (430 bytes)


---------------  P R O C E S S  ---------------

Java Threads: ( => current thread )
  0x000000001b7a7800 JavaThread "Service Thread" daemon [_thread_blocked, id=10580, stack(0x000000001bef0000,0x000000001bff0000)]
  0x000000001a0fa800 JavaThread "C1 CompilerThread2" daemon [_thread_blocked, id=4072, stack(0x000000001bdf0000,0x000000001bef0000)]
  0x000000001b757000 JavaThread "C2 CompilerThread1" daemon [_thread_blocked, id=4916, stack(0x000000001bcf0000,0x000000001bdf0000)]
=>0x000000001b754800 JavaThread "C2 CompilerThread0" daemon [_thread_in_native, id=5952, stack(0x000000001bbf0000,0x000000001bcf0000)]
  0x000000001b752800 JavaThread "Monitor Ctrl-Break" daemon [_thread_in_native, id=8132, stack(0x000000001baf0000,0x000000001bbf0000)]
  0x000000001a09d800 JavaThread "Attach Listener" daemon [_thread_blocked, id=1792, stack(0x000000001b5f0000,0x000000001b6f0000)]
  0x000000001a09c800 JavaThread "Signal Dispatcher" daemon [_thread_blocked, id=9736, stack(0x000000001b4f0000,0x000000001b5f0000)]
  0x0000000005568800 JavaThread "Finalizer" daemon [_thread_blocked, id=3520, stack(0x000000001b300000,0x000000001b400000)]
  0x0000000005563000 JavaThread "Reference Handler" daemon [_thread_blocked, id=1636, stack(0x000000001b200000,0x000000001b300000)]
  0x000000000345e800 JavaThread "main" [_thread_in_Java, id=5812, stack(0x0000000005140000,0x0000000005240000)]

Other Threads:
  0x000000001a067800 VMThread [stack: 0x000000001b100000,0x000000001b200000] [id=5796]
  0x000000001b79f800 WatcherThread [stack: 0x000000001bff0000,0x000000001c0f0000] [id=10328]

VM state:not at safepoint (normal execution)

VM Mutex/Monitor currently owned by a thread: None

Heap:
 PSYoungGen      total 32256K, used 21827K [0x00000000d5f00000, 0x00000000da900000, 0x0000000100000000)
  eden space 27136K, 74% used [0x00000000d5f00000,0x00000000d72a8d18,0x00000000d7980000)
  from space 5120K, 33% used [0x00000000d8480000,0x00000000d8628000,0x00000000d8980000)
  to   space 11264K, 0% used [0x00000000d7980000,0x00000000d7980000,0x00000000d8480000)
 ParOldGen       total 87552K, used 31181K [0x0000000081c00000, 0x0000000087180000, 0x00000000d5f00000)
  object space 87552K, 35% used [0x0000000081c00000,0x0000000083a73418,0x0000000087180000)
 Metaspace       used 17699K, capacity 18144K, committed 18304K, reserved 1064960K
  class space    used 2039K, capacity 2155K, committed 2176K, reserved 1048576K

Card table byte_map: [0x0000000014930000,0x0000000014d30000] byte_map_base: 0x0000000014522000

Marking Bits: (ParMarkBitMap*) 0x000000006303f860
 Begin Bits: [0x00000000153e0000, 0x0000000017370000)
 End Bits:   [0x0000000017370000, 0x0000000019300000)

Polling page: 0x0000000003430000

CodeCache: size=245760Kb used=12712Kb max_used=13767Kb free=233047Kb
 bounds [0x0000000005570000, 0x00000000062f0000, 0x0000000014570000]
 total_blobs=3798 nmethods=3421 adapters=289
 compilation: enabled

Compilation events (10 events):
Event: 4.530 Thread 0x000000001b757000 3716       4       java.nio.ByteBuffer::array (35 bytes)
Event: 4.531 Thread 0x000000001b757000 nmethod 3716 0x0000000005b602d0 code [0x0000000005b60400, 0x0000000005b60498]
Event: 4.531 Thread 0x000000001b757000 3718       4       java.nio.Buffer::flip (20 bytes)
Event: 4.532 Thread 0x000000001b757000 nmethod 3718 0x000000000568e5d0 code [0x000000000568e700, 0x000000000568e778]
Event: 4.532 Thread 0x000000001b757000 3726       4       java.nio.Buffer::clear (20 bytes)
Event: 4.532 Thread 0x000000001b757000 nmethod 3726 0x000000000609c110 code [0x000000000609c240, 0x000000000609c2b8]
Event: 4.532 Thread 0x000000001b757000 3710   !   4       java.io.BufferedReader::mark (57 bytes)
Event: 4.533 Thread 0x000000001b757000 nmethod 3710 0x00000000057e8cd0 code [0x00000000057e8e20, 0x00000000057e90b8]
Event: 4.547 Thread 0x000000001b757000 3727       4       java.lang.Thread::getContextClassLoader (32 bytes)
Event: 4.548 Thread 0x000000001b757000 nmethod 3727 0x000000000611a510 code [0x000000000611a640, 0x000000000611a6d8]

GC Heap History (10 events):
Event: 2.940 GC heap before
{Heap before GC invocations=8 (full 0):
 PSYoungGen      total 38400K, used 38384K [0x00000000d5f00000, 0x00000000d8980000, 0x0000000100000000)
  eden space 33280K, 100% used [0x00000000d5f00000,0x00000000d7f80000,0x00000000d7f80000)
  from space 5120K, 99% used [0x00000000d7f80000,0x00000000d847c010,0x00000000d8480000)
  to   space 5120K, 0% used [0x00000000d8480000,0x00000000d8480000,0x00000000d8980000)
 ParOldGen       total 87552K, used 16898K [0x0000000081c00000, 0x0000000087180000, 0x00000000d5f00000)
  object space 87552K, 19% used [0x0000000081c00000,0x0000000082c80a78,0x0000000087180000)
 Metaspace       used 16371K, capacity 16706K, committed 16896K, reserved 1064960K
  class space    used 1929K, capacity 2018K, committed 2048K, reserved 1048576K
Event: 2.951 GC heap after
Heap after GC invocations=8 (full 0):
 PSYoungGen      total 38400K, used 4480K [0x00000000d5f00000, 0x00000000d8980000, 0x0000000100000000)
  eden space 33280K, 0% used [0x00000000d5f00000,0x00000000d5f00000,0x00000000d7f80000)
  from space 5120K, 87% used [0x00000000d8480000,0x00000000d88e0000,0x00000000d8980000)
  to   space 5120K, 0% used [0x00000000d7f80000,0x00000000d7f80000,0x00000000d8480000)
 ParOldGen       total 87552K, used 20268K [0x0000000081c00000, 0x0000000087180000, 0x00000000d5f00000)
  object space 87552K, 23% used [0x0000000081c00000,0x0000000082fcb2a8,0x0000000087180000)
 Metaspace       used 16371K, capacity 16706K, committed 16896K, reserved 1064960K
  class space    used 1929K, capacity 2018K, committed 2048K, reserved 1048576K
}
Event: 3.191 GC heap before
{Heap before GC invocations=9 (full 0):
 PSYoungGen      total 38400K, used 37760K [0x00000000d5f00000, 0x00000000d8980000, 0x0000000100000000)
  eden space 33280K, 100% used [0x00000000d5f00000,0x00000000d7f80000,0x00000000d7f80000)
  from space 5120K, 87% used [0x00000000d8480000,0x00000000d88e0000,0x00000000d8980000)
  to   space 5120K, 0% used [0x00000000d7f80000,0x00000000d7f80000,0x00000000d8480000)
 ParOldGen       total 87552K, used 20268K [0x0000000081c00000, 0x0000000087180000, 0x00000000d5f00000)
  object space 87552K, 23% used [0x0000000081c00000,0x0000000082fcb2a8,0x0000000087180000)
 Metaspace       used 16501K, capacity 16904K, committed 17152K, reserved 1064960K
  class space    used 1929K, capacity 2019K, committed 2048K, reserved 1048576K
Event: 3.199 GC heap after
Heap after GC invocations=9 (full 0):
 PSYoungGen      total 38400K, used 5120K [0x00000000d5f00000, 0x00000000d8980000, 0x0000000100000000)
  eden space 33280K, 0% used [0x00000000d5f00000,0x00000000d5f00000,0x00000000d7f80000)
  from space 5120K, 100% used [0x00000000d7f80000,0x00000000d8480000,0x00000000d8480000)
  to   space 5120K, 0% used [0x00000000d8480000,0x00000000d8480000,0x00000000d8980000)
 ParOldGen       total 87552K, used 21348K [0x0000000081c00000, 0x0000000087180000, 0x00000000d5f00000)
  object space 87552K, 24% used [0x0000000081c00000,0x00000000830d92a8,0x0000000087180000)
 Metaspace       used 16501K, capacity 16904K, committed 17152K, reserved 1064960K
  class space    used 1929K, capacity 2019K, committed 2048K, reserved 1048576K
}
Event: 3.460 GC heap before
{Heap before GC invocations=10 (full 0):
 PSYoungGen      total 38400K, used 38400K [0x00000000d5f00000, 0x00000000d8980000, 0x0000000100000000)
  eden space 33280K, 100% used [0x00000000d5f00000,0x00000000d7f80000,0x00000000d7f80000)
  from space 5120K, 100% used [0x00000000d7f80000,0x00000000d8480000,0x00000000d8480000)
  to   space 5120K, 0% used [0x00000000d8480000,0x00000000d8480000,0x00000000d8980000)
 ParOldGen       total 87552K, used 21348K [0x0000000081c00000, 0x0000000087180000, 0x00000000d5f00000)
  object space 87552K, 24% used [0x0000000081c00000,0x00000000830d92a8,0x0000000087180000)
 Metaspace       used 16594K, capacity 16968K, committed 17152K, reserved 1064960K
  class space    used 1929K, capacity 2019K, committed 2048K, reserved 1048576K
Event: 3.468 GC heap after
Heap after GC invocations=10 (full 0):
 PSYoungGen      total 38400K, used 4000K [0x00000000d5f00000, 0x00000000d8980000, 0x0000000100000000)
  eden space 33280K, 0% used [0x00000000d5f00000,0x00000000d5f00000,0x00000000d7f80000)
  from space 5120K, 78% used [0x00000000d8480000,0x00000000d8868000,0x00000000d8980000)
  to   space 5120K, 0% used [0x00000000d7f80000,0x00000000d7f80000,0x00000000d8480000)
 ParOldGen       total 87552K, used 24782K [0x0000000081c00000, 0x0000000087180000, 0x00000000d5f00000)
  object space 87552K, 28% used [0x0000000081c00000,0x0000000083433958,0x0000000087180000)
 Metaspace       used 16594K, capacity 16968K, committed 17152K, reserved 1064960K
  class space    used 1929K, capacity 2019K, committed 2048K, reserved 1048576K
}
Event: 3.719 GC heap before
{Heap before GC invocations=11 (full 0):
 PSYoungGen      total 38400K, used 37280K [0x00000000d5f00000, 0x00000000d8980000, 0x0000000100000000)
  eden space 33280K, 100% used [0x00000000d5f00000,0x00000000d7f80000,0x00000000d7f80000)
  from space 5120K, 78% used [0x00000000d8480000,0x00000000d8868000,0x00000000d8980000)
  to   space 5120K, 0% used [0x00000000d7f80000,0x00000000d7f80000,0x00000000d8480000)
 ParOldGen       total 87552K, used 24782K [0x0000000081c00000, 0x0000000087180000, 0x00000000d5f00000)
  object space 87552K, 28% used [0x0000000081c00000,0x0000000083433958,0x0000000087180000)
 Metaspace       used 16689K, capacity 17032K, committed 17152K, reserved 1064960K
  class space    used 1929K, capacity 2019K, committed 2048K, reserved 1048576K
Event: 3.727 GC heap after
Heap after GC invocations=11 (full 0):
 PSYoungGen      total 38400K, used 2656K [0x00000000d5f00000, 0x00000000d8980000, 0x0000000100000000)
  eden space 33280K, 0% used [0x00000000d5f00000,0x00000000d5f00000,0x00000000d7f80000)
  from space 5120K, 51% used [0x00000000d7f80000,0x00000000d8218000,0x00000000d8480000)
  to   space 5120K, 0% used [0x00000000d8480000,0x00000000d8480000,0x00000000d8980000)
 ParOldGen       total 87552K, used 28662K [0x0000000081c00000, 0x0000000087180000, 0x00000000d5f00000)
  object space 87552K, 32% used [0x0000000081c00000,0x00000000837fda10,0x0000000087180000)
 Metaspace       used 16689K, capacity 17032K, committed 17152K, reserved 1064960K
  class space    used 1929K, capacity 2019K, committed 2048K, reserved 1048576K
}
Event: 4.214 GC heap before
{Heap before GC invocations=12 (full 0):
 PSYoungGen      total 38400K, used 35936K [0x00000000d5f00000, 0x00000000d8980000, 0x0000000100000000)
  eden space 33280K, 100% used [0x00000000d5f00000,0x00000000d7f80000,0x00000000d7f80000)
  from space 5120K, 51% used [0x00000000d7f80000,0x00000000d8218000,0x00000000d8480000)
  to   space 5120K, 0% used [0x00000000d8480000,0x00000000d8480000,0x00000000d8980000)
 ParOldGen       total 87552K, used 28662K [0x0000000081c00000, 0x0000000087180000, 0x00000000d5f00000)
  object space 87552K, 32% used [0x0000000081c00000,0x00000000837fda10,0x0000000087180000)
 Metaspace       used 16889K, capacity 17320K, committed 17536K, reserved 1064960K
  class space    used 1945K, capacity 2051K, committed 2176K, reserved 1048576K
Event: 4.219 GC heap after
Heap after GC invocations=12 (full 0):
 PSYoungGen      total 32256K, used 1696K [0x00000000d5f00000, 0x00000000da900000, 0x0000000100000000)
  eden space 27136K, 0% used [0x00000000d5f00000,0x00000000d5f00000,0x00000000d7980000)
  from space 5120K, 33% used [0x00000000d8480000,0x00000000d8628000,0x00000000d8980000)
  to   space 11264K, 0% used [0x00000000d7980000,0x00000000d7980000,0x00000000d8480000)
 ParOldGen       total 87552K, used 31181K [0x0000000081c00000, 0x0000000087180000, 0x00000000d5f00000)
  object space 87552K, 35% used [0x0000000081c00000,0x0000000083a73418,0x0000000087180000)
 Metaspace       used 16889K, capacity 17320K, committed 17536K, reserved 1064960K
  class space    used 1945K, capacity 2051K, committed 2176K, reserved 1048576K
}

Deoptimization events (10 events):
Event: 3.738 Thread 0x000000000345e800 Uncommon trap: reason=unstable_if action=reinterpret pc=0x0000000005927bc4 method=java.util.HashMap.getNode(ILjava/lang/Object;)Ljava/util/HashMap$Node; @ 53
Event: 4.281 Thread 0x000000000345e800 Uncommon trap: reason=class_check action=maybe_recompile pc=0x0000000005fd8958 method=org.eclipse.sisu.wire.EntryListAdapter$ValueIterator.hasNext()Z @ 4
Event: 4.299 Thread 0x000000000345e800 Uncommon trap: reason=unstable_if action=reinterpret pc=0x0000000005b1a2e8 method=sun.net.www.protocol.jar.Handler.parseURL(Ljava/net/URL;Ljava/lang/String;II)V @ 94
Event: 4.346 Thread 0x000000000345e800 Uncommon trap: reason=predicate action=maybe_recompile pc=0x00000000057ead58 method=sun.net.www.ParseUtil.encodePath(Ljava/lang/String;Z)Ljava/lang/String; @ 36
Event: 4.353 Thread 0x000000000345e800 Uncommon trap: reason=unstable_if action=reinterpret pc=0x0000000005ce03c4 method=java.lang.ClassLoader.getPackage(Ljava/lang/String;)Ljava/lang/Package; @ 60
Event: 4.472 Thread 0x000000000345e800 Uncommon trap: reason=class_check action=maybe_recompile pc=0x0000000005d32b00 method=sun.nio.cs.StreamEncoder.writeBytes()V @ 120
Event: 4.473 Thread 0x000000000345e800 Uncommon trap: reason=unstable_if action=reinterpret pc=0x0000000005d06c88 method=java.nio.charset.CharsetEncoder.encode(Ljava/nio/CharBuffer;Ljava/nio/ByteBuffer;Z)Ljava/nio/charset/CoderResult; @ 1
Event: 4.480 Thread 0x000000000345e800 Uncommon trap: reason=class_check action=maybe_recompile pc=0x0000000005d32b00 method=sun.nio.cs.StreamEncoder.writeBytes()V @ 120
Event: 4.484 Thread 0x000000000345e800 Uncommon trap: reason=class_check action=maybe_recompile pc=0x0000000005d32b00 method=sun.nio.cs.StreamEncoder.writeBytes()V @ 120
Event: 4.486 Thread 0x000000000345e800 Uncommon trap: reason=class_check action=maybe_recompile pc=0x0000000005d32b00 method=sun.nio.cs.StreamEncoder.writeBytes()V @ 120

Classes redefined (0 events):
No events

Internal exceptions (10 events):
Event: 1.211 Thread 0x000000000345e800 Exception <a 'java/lang/NoClassDefFoundError': com/google/inject/servlet/ServletModuleTargetVisitor> (0x00000000d72a6528) thrown at [C:\re\workspace\8-2-build-windows-amd64-cygwin\jdk8u161\10277\hotspot\src\share\vm\classfile\systemDictionary.cpp, line 19
Event: 1.211 Thread 0x000000000345e800 Exception <a 'java/lang/NoClassDefFoundError'> (0x00000000d72a6528) thrown at [C:\re\workspace\8-2-build-windows-amd64-cygwin\jdk8u161\10277\hotspot\src\share\vm\prims\jvm.cpp, line 1394]
Event: 1.211 Thread 0x000000000345e800 Exception <a 'java/lang/NoClassDefFoundError': javax/annotation/Priority> (0x00000000d72ab7a0) thrown at [C:\re\workspace\8-2-build-windows-amd64-cygwin\jdk8u161\10277\hotspot\src\share\vm\classfile\systemDictionary.cpp, line 199]
Event: 1.275 Thread 0x000000000345e800 Implicit null exception at 0x00000000056896d5 to 0x0000000005689899
Event: 1.357 Thread 0x000000000345e800 Implicit null exception at 0x000000000588b616 to 0x000000000588b9a9
Event: 1.357 Thread 0x000000000345e800 Implicit null exception at 0x00000000057a24d6 to 0x00000000057a2865
Event: 1.776 Thread 0x000000000345e800 Implicit null exception at 0x0000000005c09c32 to 0x0000000005c0af71
Event: 1.939 Thread 0x000000000345e800 Implicit null exception at 0x0000000005930c55 to 0x0000000005930e2d
Event: 2.063 Thread 0x000000000345e800 Implicit null exception at 0x0000000005d42f77 to 0x0000000005d431c1
Event: 2.541 Thread 0x000000000345e800 Implicit null exception at 0x0000000005e9cb88 to 0x0000000005e9e261

Events (10 events):
Event: 4.491 loading class org/apache/maven/plugin/logging/Log
Event: 4.491 loading class org/apache/maven/plugin/logging/Log done
Event: 4.491 loading class org/apache/maven/plugin/logging/Log
Event: 4.491 loading class org/apache/maven/plugin/logging/Log done
Event: 4.491 loading class org/apache/maven/plugin/logging/Log
Event: 4.491 loading class org/apache/maven/plugin/logging/Log done
Event: 4.492 loading class org/apache/maven/artifact/resolver/filter/CumulativeScopeArtifactFilter
Event: 4.493 loading class org/apache/maven/artifact/resolver/filter/CumulativeScopeArtifactFilter done
Event: 4.495 loading class org/apache/maven/artifact/resolver/filter/AbstractScopeArtifactFilter
Event: 4.495 loading class org/apache/maven/artifact/resolver/filter/AbstractScopeArtifactFilter done


Dynamic libraries:
0x00007ff71bf70000 - 0x00007ff71bfa7000 	C:\Program Files\Java\jdk1.8.0_161\bin\java.exe
0x00007fff6bad0000 - 0x00007fff6bcb0000 	C:\Windows\SYSTEM32\ntdll.dll
0x00007fff6b5e0000 - 0x00007fff6b68e000 	C:\Windows\System32\KERNEL32.DLL
0x00007fff684f0000 - 0x00007fff68756000 	C:\Windows\System32\KERNELBASE.dll
0x00007fff699d0000 - 0x00007fff69a71000 	C:\Windows\System32\ADVAPI32.dll
0x00007fff6b860000 - 0x00007fff6b8fd000 	C:\Windows\System32\msvcrt.dll
0x00007fff6b800000 - 0x00007fff6b85b000 	C:\Windows\System32\sechost.dll
0x00007fff6b180000 - 0x00007fff6b29f000 	C:\Windows\System32\RPCRT4.dll
0x00007fff6b2a0000 - 0x00007fff6b42e000 	C:\Windows\System32\USER32.dll
0x00007fff68760000 - 0x00007fff68780000 	C:\Windows\System32\win32u.dll
0x00007fff6ba70000 - 0x00007fff6ba98000 	C:\Windows\System32\GDI32.dll
0x00007fff67f80000 - 0x00007fff68111000 	C:\Windows\System32\gdi32full.dll
0x00007fff68350000 - 0x00007fff683eb000 	C:\Windows\System32\msvcp_win.dll
0x00007fff683f0000 - 0x00007fff684e6000 	C:\Windows\System32\ucrtbase.dll
0x00007fff5bc30000 - 0x00007fff5be99000 	C:\Windows\WinSxS\amd64_microsoft.windows.common-controls_6595b64144ccf1df_6.0.16299.15_none_cc92fb402215d91d\COMCTL32.dll
0x00007fff69110000 - 0x00007fff69418000 	C:\Windows\System32\combase.dll
0x00007fff68780000 - 0x00007fff687f2000 	C:\Windows\System32\bcryptPrimitives.dll
0x00007fff69c40000 - 0x00007fff69c6d000 	C:\Windows\System32\IMM32.DLL
0x00000000630c0000 - 0x0000000063192000 	C:\Program Files\Java\jdk1.8.0_161\jre\bin\msvcr100.dll
0x0000000062820000 - 0x00000000630bf000 	C:\Program Files\Java\jdk1.8.0_161\jre\bin\server\jvm.dll
0x00007fff6b170000 - 0x00007fff6b178000 	C:\Windows\System32\PSAPI.DLL
0x00007fff4e8e0000 - 0x00007fff4e8e9000 	C:\Windows\SYSTEM32\WSOCK32.dll
0x00007fff6b6f0000 - 0x00007fff6b75c000 	C:\Windows\System32\WS2_32.dll
0x00007fff60e20000 - 0x00007fff60e43000 	C:\Windows\SYSTEM32\WINMM.dll
0x00007fff60c20000 - 0x00007fff60c2a000 	C:\Windows\SYSTEM32\VERSION.dll
0x00007fff60df0000 - 0x00007fff60e1a000 	C:\Windows\SYSTEM32\WINMMBASE.dll
0x00007fff68800000 - 0x00007fff6884a000 	C:\Windows\System32\cfgmgr32.dll
0x0000000062810000 - 0x000000006281f000 	C:\Program Files\Java\jdk1.8.0_161\jre\bin\verify.dll
0x00000000627e0000 - 0x0000000062809000 	C:\Program Files\Java\jdk1.8.0_161\jre\bin\java.dll
0x0000000062750000 - 0x0000000062773000 	C:\Program Files\Java\jdk1.8.0_161\jre\bin\instrument.dll
0x00000000627c0000 - 0x00000000627d6000 	C:\Program Files\Java\jdk1.8.0_161\jre\bin\zip.dll
0x00007fff69d30000 - 0x00007fff6b167000 	C:\Windows\System32\SHELL32.dll
0x00007fff69c80000 - 0x00007fff69d26000 	C:\Windows\System32\shcore.dll
0x00007fff68850000 - 0x00007fff68f97000 	C:\Windows\System32\windows.storage.dll
0x00007fff6b430000 - 0x00007fff6b481000 	C:\Windows\System32\shlwapi.dll
0x00007fff67e40000 - 0x00007fff67e51000 	C:\Windows\System32\kernel.appcore.dll
0x00007fff67e60000 - 0x00007fff67eac000 	C:\Windows\System32\powrprof.dll
0x00007fff67eb0000 - 0x00007fff67ecb000 	C:\Windows\System32\profapi.dll
0x00007fff61b50000 - 0x00007fff61b6a000 	D:\vis\IntelliJ IDEA 2019.2.2\bin\breakgen64.dll
0x00000000627a0000 - 0x00000000627ba000 	C:\Program Files\Java\jdk1.8.0_161\jre\bin\net.dll
0x00007fff67650000 - 0x00007fff676b6000 	C:\Windows\system32\mswsock.dll
0x00007fff67810000 - 0x00007fff67827000 	C:\Windows\SYSTEM32\CRYPTSP.dll
0x00007fff67260000 - 0x00007fff67293000 	C:\Windows\system32\rsaenh.dll
0x00007fff67920000 - 0x00007fff67945000 	C:\Windows\SYSTEM32\bcrypt.dll
0x00007fff67d20000 - 0x00007fff67d49000 	C:\Windows\SYSTEM32\USERENV.dll
0x00007fff67830000 - 0x00007fff6783b000 	C:\Windows\SYSTEM32\CRYPTBASE.dll
0x00007fff673e0000 - 0x00007fff67419000 	C:\Windows\SYSTEM32\IPHLPAPI.DLL
0x00007fff69c70000 - 0x00007fff69c78000 	C:\Windows\System32\NSI.dll
0x00007fff5f8d0000 - 0x00007fff5f8e6000 	C:\Windows\SYSTEM32\dhcpcsvc6.DLL
0x00007fff5fa40000 - 0x00007fff5fa5a000 	C:\Windows\SYSTEM32\dhcpcsvc.DLL
0x0000000062780000 - 0x0000000062791000 	C:\Program Files\Java\jdk1.8.0_161\jre\bin\nio.dll
0x00007fff57c20000 - 0x00007fff57c2a000 	C:\Users\Administrator\AppData\Local\Temp\jansi-1.17.1-958485294440398568.dll
0x00007fff57c10000 - 0x00007fff57c1a000 	C:\Users\Administrator\AppData\Local\Temp\jansi-1.17.1-2788769389208176129.dll

VM Arguments:
jvm_args: -Dmaven.multiModuleProjectDirectory=D:\vis\clonefinal\clone master\vis-portal\VP-Backend -Dmaven.home=D:\vis\IntelliJ IDEA 2019.2.2\plugins\maven\lib\maven3 -Dclassworlds.conf=D:\vis\IntelliJ IDEA 2019.2.2\plugins\maven\lib\maven3\bin\m2.conf -Dmaven.ext.class.path=D:\vis\IntelliJ IDEA 2019.2.2\plugins\maven\lib\maven-event-listener.jar -javaagent:D:\vis\IntelliJ IDEA 2019.2.2\lib\idea_rt.jar=55159:D:\vis\IntelliJ IDEA 2019.2.2\bin -Dfile.encoding=UTF-8 
java_command: org.codehaus.classworlds.Launcher -Didea.version2019.2.2 package
java_class_path (initial): D:\vis\IntelliJ IDEA 2019.2.2\plugins\maven\lib\maven3\boot\plexus-classworlds-2.6.0.jar;D:\vis\IntelliJ IDEA 2019.2.2\lib\idea_rt.jar
Launcher Type: SUN_STANDARD

Environment Variables:
JAVA_HOME=C:\Program Files\Java\jdk1.8.0_231
CLASSPATH=   %CLASSPATH%;%JUNIT_HOME%\JUnit4.12.jar;D:\UnitTest\TaiNguyen\JUnit4.12.jar;D:\UnitTest\TaiNguyen\JUnit4.12.jar
PATH=C:\Program Files (x86)\NetSarang\Xshell 6\;C:\Program Files (x86)\NetSarang\Xftp 6\;C:\Python27\;C:\Python27\Scripts;D:\app\Administrator\virtual\product\12.2.0\dbhome_1\bin;C:\ProgramData\Oracle\Java\javapath;C:\Program Files (x86)\Intel\iCLS Client\;C:\Program Files\Intel\iCLS Client\;C:\Windows\system32;C:\Windows;C:\Windows\System32\Wbem;C:\Windows\System32\WindowsPowerShell\v1.0\;C:\Program Files (x86)\Intel\Intel(R) Management Engine Components\DAL;C:\Program Files\Intel\Intel(R) Management Engine Components\DAL;C:\Program Files (x86)\Intel\Intel(R) Management Engine Components\IPT;C:\Program Files\Intel\Intel(R) Management Engine Components\IPT;C:\Program Files\Microsoft SQL Server\120\DTS\Binn\;C:\Program Files\Microsoft SQL Server\Client SDK\ODBC\110\Tools\Binn\;C:\Program Files (x86)\Microsoft SQL Server\120\Tools\Binn\;C:\Program Files\Microsoft SQL Server\120\Tools\Binn\;C:\Program Files (x86)\Microsoft SQL Server\120\Tools\Binn\ManagementStudio\;C:\Program Files (x86)\Microsoft SQL Server\120\DTS\Binn\;C:\Program Files\Java\jdk1.8.0_161\bin;C:\Program Files\NVIDIA Corporation\NVIDIA NvDLISR;C:\Program Files (x86)\NVIDIA Corporation\PhysX\Common;C:\Program Files\TortoiseGit\bin;C:\Program Files\Git\cmd;C:\ProgramData\chocolatey\bin;C:\Program Files\nodejs\;C:\Program Files\Java\jdk1.8.0_231\bin;C:\Program Files\MySQL\MySQL Shell 8.0\bin\;C:\Users\Administrator\AppData\Roaming\npm\node_modules\@angular\cli\bin;;D:\vis\IntelliJ IDEA 2019.2.2\bin;;D:\visual\Microsoft VS Code\bin;C:\Users\Administrator\AppData\Roaming\npm
USERNAME=Administrator
OS=Windows_NT
PROCESSOR_IDENTIFIER=Intel64 Family 6 Model 158 Stepping 9, GenuineIntel



---------------  S Y S T E M  ---------------

OS: Windows 10.0 , 64 bit Build 16299 (10.0.16299.15)

CPU:total 4 (initial active 4) (4 cores per cpu, 1 threads per core) family 6 model 158 stepping 9, cmov, cx8, fxsr, mmx, sse, sse2, sse3, ssse3, sse4.1, sse4.2, popcnt, avx, avx2, aes, clmul, erms, 3dnowpref, lzcnt, tsc, tscinvbit, bmi1, bmi2, adx

Memory: 4k page, physical 8269412k(509800k free), swap 10218084k(5932k free)

vm_info: Java HotSpot(TM) 64-Bit Server VM (25.161-b12) for windows-amd64 JRE (1.8.0_161-b12), built on Dec 19 2017 17:52:25 by "java_re" with MS VC++ 10.0 (VS2010)

time: Thu Dec 12 22:17:50 2019
elapsed time: 4 seconds (0d 0h 0m 4s)

