#
# There is insufficient memory for the Java Runtime Environment to continue.
# Native memory allocation (malloc) failed to allocate 530736 bytes for Chunk::new
# Possible reasons:
#   The system is out of physical RAM or swap space
#   In 32 bit mode, the process size limit was hit
# Possible solutions:
#   Reduce memory load on the system
#   Increase physical memory or swap space
#   Check if swap backing store is full
#   Use 64 bit Java on a 64 bit OS
#   Decrease Java heap size (-Xmx/-Xms)
#   Decrease number of Java threads
#   Decrease Java thread stack sizes (-Xss)
#   Set larger code cache with -XX:ReservedCodeCacheSize=
# This output file may be truncated or incomplete.
#
#  Out of Memory Error (allocation.cpp:390), pid=7952, tid=0x0000000000002938
#
# JRE version: Java(TM) SE Runtime Environment (8.0_161-b12) (build 1.8.0_161-b12)
# Java VM: Java HotSpot(TM) 64-Bit Server VM (25.161-b12 mixed mode windows-amd64 compressed oops)
# Failed to write core dump. Minidumps are not enabled by default on client versions of Windows
#

---------------  T H R E A D  ---------------

Current thread (0x00000000198e4000):  JavaThread "C2 CompilerThread1" daemon [_thread_in_native, id=10552, stack(0x000000001b030000,0x000000001b130000)]

Stack: [0x000000001b030000,0x000000001b130000]
[error occurred during error reporting (printing stack bounds), id 0xc0000005]

Native frames: (J=compiled Java code, j=interpreted, Vv=VM code, C=native code)


Current CompileTask:
C2:  14374 6884   !   4       java.net.URL::<init> (543 bytes)


---------------  P R O C E S S  ---------------

Java Threads: ( => current thread )
  0x000000001d079000 JavaThread "havasPoolName housekeeper" daemon [_thread_blocked, id=9376, stack(0x00000000220b0000,0x00000000221b0000)]
  0x000000001e18d000 JavaThread "Abandoned connection cleanup thread" daemon [_thread_blocked, id=5200, stack(0x0000000021af0000,0x0000000021bf0000)]
  0x000000001b42a800 JavaThread "surefire-forkedjvm-ping-30s" daemon [_thread_in_native, id=4964, stack(0x000000001b930000,0x000000001ba30000)]
  0x000000001b415000 JavaThread "surefire-forkedjvm-command-thread" daemon [_thread_in_native, id=4356, stack(0x000000001b830000,0x000000001b930000)]
  0x000000001b26b800 JavaThread "Service Thread" daemon [_thread_blocked, id=5644, stack(0x000000001b630000,0x000000001b730000)]
  0x00000000198e7000 JavaThread "C1 CompilerThread2" daemon [_thread_blocked, id=7156, stack(0x000000001b130000,0x000000001b230000)]
=>0x00000000198e4000 JavaThread "C2 CompilerThread1" daemon [_thread_in_native, id=10552, stack(0x000000001b030000,0x000000001b130000)]
  0x00000000198e0000 JavaThread "C2 CompilerThread0" daemon [_thread_in_native, id=8060, stack(0x000000001af30000,0x000000001b030000)]
  0x00000000198dd000 JavaThread "Attach Listener" daemon [_thread_blocked, id=8772, stack(0x000000001ae30000,0x000000001af30000)]
  0x00000000198db000 JavaThread "Signal Dispatcher" daemon [_thread_blocked, id=4492, stack(0x000000001ad30000,0x000000001ae30000)]
  0x0000000004da7800 JavaThread "Finalizer" daemon [_thread_blocked, id=1184, stack(0x000000001ab40000,0x000000001ac40000)]
  0x0000000004da2000 JavaThread "Reference Handler" daemon [_thread_blocked, id=4652, stack(0x000000001aa40000,0x000000001ab40000)]
  0x0000000004cb2800 JavaThread "main" [_thread_in_vm, id=8420, stack(0x0000000004bb0000,0x0000000004cb0000)]

Other Threads:
  0x00000000198a7000 VMThread [stack: 0x000000001a940000,0x000000001aa40000] [id=8932]
  0x000000001b27d000 WatcherThread [stack: 0x000000001b730000,0x000000001b830000] [id=3252]

VM state:not at safepoint (normal execution)

VM Mutex/Monitor currently owned by a thread: None

Heap:
 PSYoungGen      total 234496K, used 46360K [0x00000000d5f00000, 0x00000000e8b00000, 0x0000000100000000)
  eden space 221696K, 20% used [0x00000000d5f00000,0x00000000d8c46350,0x00000000e3780000)
  from space 12800K, 0% used [0x00000000e3780000,0x00000000e3780000,0x00000000e4400000)
  to   space 12288K, 0% used [0x00000000e7f00000,0x00000000e7f00000,0x00000000e8b00000)
 ParOldGen       total 91648K, used 28728K [0x0000000081c00000, 0x0000000087580000, 0x00000000d5f00000)
  object space 91648K, 31% used [0x0000000081c00000,0x000000008380e3d8,0x0000000087580000)
 Metaspace       used 57868K, capacity 60260K, committed 60568K, reserved 1101824K
  class space    used 7805K, capacity 8239K, committed 8344K, reserved 1048576K

Card table byte_map: [0x0000000014170000,0x0000000014570000] byte_map_base: 0x0000000013d62000

Marking Bits: (ParMarkBitMap*) 0x000000006303f860
 Begin Bits: [0x0000000014c20000, 0x0000000016bb0000)
 End Bits:   [0x0000000016bb0000, 0x0000000018b40000)

Polling page: 0x0000000004b30000

CodeCache: size=245760Kb used=21803Kb max_used=21816Kb free=223956Kb
 bounds [0x0000000004db0000, 0x0000000006320000, 0x0000000013db0000]
 total_blobs=6687 nmethods=6180 adapters=417
 compilation: enabled

Compilation events (10 events):
Event: 14.296 Thread 0x00000000198e7000 nmethod 6879 0x00000000062fc350 code [0x00000000062fc4e0, 0x00000000062fc8f8]
Event: 14.296 Thread 0x00000000198e7000 6880       1       antlr.BaseAST::getNextSibling (5 bytes)
Event: 14.296 Thread 0x00000000198e7000 nmethod 6880 0x00000000062fc090 code [0x00000000062fc1e0, 0x00000000062fc2f0]
Event: 14.296 Thread 0x00000000198e7000 6881       1       antlr.BaseAST::getFirstChild (5 bytes)
Event: 14.296 Thread 0x00000000198e7000 nmethod 6881 0x00000000062fbdd0 code [0x00000000062fbf20, 0x00000000062fc030]
Event: 14.299 Thread 0x00000000198e4000 6882       4       java.lang.String::regionMatches (149 bytes)
Event: 14.306 Thread 0x00000000198e4000 nmethod 6882 0x00000000062f9690 code [0x00000000062f9820, 0x00000000062fa058]
Event: 14.307 Thread 0x00000000198e4000 6883       4       java.lang.String::equalsIgnoreCase (48 bytes)
Event: 14.308 Thread 0x00000000198e4000 nmethod 6883 0x0000000006312b50 code [0x0000000006312ca0, 0x0000000006312d88]
Event: 14.309 Thread 0x00000000198e4000 6884   !   4       java.net.URL::<init> (543 bytes)

GC Heap History (10 events):
Event: 8.981 GC heap before
{Heap before GC invocations=14 (full 2):
 PSYoungGen      total 150016K, used 140800K [0x00000000d5f00000, 0x00000000e2b00000, 0x0000000100000000)
  eden space 140800K, 100% used [0x00000000d5f00000,0x00000000de880000,0x00000000de880000)
  from space 9216K, 0% used [0x00000000de880000,0x00000000de880000,0x00000000df180000)
  to   space 9216K, 0% used [0x00000000e2200000,0x00000000e2200000,0x00000000e2b00000)
 ParOldGen       total 91648K, used 17540K [0x0000000081c00000, 0x0000000087580000, 0x00000000d5f00000)
  object space 91648K, 19% used [0x0000000081c00000,0x0000000082d21098,0x0000000087580000)
 Metaspace       used 39684K, capacity 41196K, committed 41384K, reserved 1085440K
  class space    used 5158K, capacity 5459K, committed 5544K, reserved 1048576K
Event: 8.986 GC heap after
Heap after GC invocations=14 (full 2):
 PSYoungGen      total 185344K, used 6615K [0x00000000d5f00000, 0x00000000e2880000, 0x0000000100000000)
  eden space 178688K, 0% used [0x00000000d5f00000,0x00000000d5f00000,0x00000000e0d80000)
  from space 6656K, 99% used [0x00000000e2200000,0x00000000e2875f80,0x00000000e2880000)
  to   space 9216K, 0% used [0x00000000e1680000,0x00000000e1680000,0x00000000e1f80000)
 ParOldGen       total 91648K, used 17548K [0x0000000081c00000, 0x0000000087580000, 0x00000000d5f00000)
  object space 91648K, 19% used [0x0000000081c00000,0x0000000082d23098,0x0000000087580000)
 Metaspace       used 39684K, capacity 41196K, committed 41384K, reserved 1085440K
  class space    used 5158K, capacity 5459K, committed 5544K, reserved 1048576K
}
Event: 11.678 GC heap before
{Heap before GC invocations=15 (full 2):
 PSYoungGen      total 185344K, used 185303K [0x00000000d5f00000, 0x00000000e2880000, 0x0000000100000000)
  eden space 178688K, 100% used [0x00000000d5f00000,0x00000000e0d80000,0x00000000e0d80000)
  from space 6656K, 99% used [0x00000000e2200000,0x00000000e2875f80,0x00000000e2880000)
  to   space 9216K, 0% used [0x00000000e1680000,0x00000000e1680000,0x00000000e1f80000)
 ParOldGen       total 91648K, used 17548K [0x0000000081c00000, 0x0000000087580000, 0x00000000d5f00000)
  object space 91648K, 19% used [0x0000000081c00000,0x0000000082d23098,0x0000000087580000)
 Metaspace       used 50140K, capacity 51830K, committed 52008K, reserved 1093632K
  class space    used 6856K, capacity 7188K, committed 7208K, reserved 1048576K
Event: 11.690 GC heap after
Heap after GC invocations=15 (full 2):
 PSYoungGen      total 197120K, used 9190K [0x00000000d5f00000, 0x00000000e5000000, 0x0000000100000000)
  eden space 187904K, 0% used [0x00000000d5f00000,0x00000000d5f00000,0x00000000e1680000)
  from space 9216K, 99% used [0x00000000e1680000,0x00000000e1f79820,0x00000000e1f80000)
  to   space 12288K, 0% used [0x00000000e4400000,0x00000000e4400000,0x00000000e5000000)
 ParOldGen       total 91648K, used 22924K [0x0000000081c00000, 0x0000000087580000, 0x00000000d5f00000)
  object space 91648K, 25% used [0x0000000081c00000,0x00000000832631e0,0x0000000087580000)
 Metaspace       used 50140K, capacity 51830K, committed 52008K, reserved 1093632K
  class space    used 6856K, capacity 7188K, committed 7208K, reserved 1048576K
}
Event: 13.015 GC heap before
{Heap before GC invocations=16 (full 2):
 PSYoungGen      total 197120K, used 197094K [0x00000000d5f00000, 0x00000000e5000000, 0x0000000100000000)
  eden space 187904K, 100% used [0x00000000d5f00000,0x00000000e1680000,0x00000000e1680000)
  from space 9216K, 99% used [0x00000000e1680000,0x00000000e1f79820,0x00000000e1f80000)
  to   space 12288K, 0% used [0x00000000e4400000,0x00000000e4400000,0x00000000e5000000)
 ParOldGen       total 91648K, used 22924K [0x0000000081c00000, 0x0000000087580000, 0x00000000d5f00000)
  object space 91648K, 25% used [0x0000000081c00000,0x00000000832631e0,0x0000000087580000)
 Metaspace       used 55892K, capacity 58172K, committed 58280K, reserved 1099776K
  class space    used 7625K, capacity 8053K, committed 8104K, reserved 1048576K
Event: 13.031 GC heap after
Heap after GC invocations=16 (full 2):
 PSYoungGen      total 233984K, used 9253K [0x00000000d5f00000, 0x00000000e5d80000, 0x0000000100000000)
  eden space 221696K, 0% used [0x00000000d5f00000,0x00000000d5f00000,0x00000000e3780000)
  from space 12288K, 75% used [0x00000000e4400000,0x00000000e4d09558,0x00000000e5000000)
  to   space 12800K, 0% used [0x00000000e3780000,0x00000000e3780000,0x00000000e4400000)
 ParOldGen       total 91648K, used 28808K [0x0000000081c00000, 0x0000000087580000, 0x00000000d5f00000)
  object space 91648K, 31% used [0x0000000081c00000,0x00000000838222a0,0x0000000087580000)
 Metaspace       used 55892K, capacity 58172K, committed 58280K, reserved 1099776K
  class space    used 7625K, capacity 8053K, committed 8104K, reserved 1048576K
}
Event: 13.518 GC heap before
{Heap before GC invocations=17 (full 2):
 PSYoungGen      total 233984K, used 59775K [0x00000000d5f00000, 0x00000000e5d80000, 0x0000000100000000)
  eden space 221696K, 22% used [0x00000000d5f00000,0x00000000d9056a08,0x00000000e3780000)
  from space 12288K, 75% used [0x00000000e4400000,0x00000000e4d09558,0x00000000e5000000)
  to   space 12800K, 0% used [0x00000000e3780000,0x00000000e3780000,0x00000000e4400000)
 ParOldGen       total 91648K, used 28808K [0x0000000081c00000, 0x0000000087580000, 0x00000000d5f00000)
  object space 91648K, 31% used [0x0000000081c00000,0x00000000838222a0,0x0000000087580000)
 Metaspace       used 56653K, capacity 59016K, committed 59160K, reserved 1099776K
  class space    used 7667K, capacity 8113K, committed 8216K, reserved 1048576K
Event: 13.528 GC heap after
Heap after GC invocations=17 (full 2):
 PSYoungGen      total 234496K, used 8064K [0x00000000d5f00000, 0x00000000e8b00000, 0x0000000100000000)
  eden space 221696K, 0% used [0x00000000d5f00000,0x00000000d5f00000,0x00000000e3780000)
  from space 12800K, 63% used [0x00000000e3780000,0x00000000e3f60010,0x00000000e4400000)
  to   space 12288K, 0% used [0x00000000e7f00000,0x00000000e7f00000,0x00000000e8b00000)
 ParOldGen       total 91648K, used 28816K [0x0000000081c00000, 0x0000000087580000, 0x00000000d5f00000)
  object space 91648K, 31% used [0x0000000081c00000,0x00000000838242a0,0x0000000087580000)
 Metaspace       used 56653K, capacity 59016K, committed 59160K, reserved 1099776K
  class space    used 7667K, capacity 8113K, committed 8216K, reserved 1048576K
}
Event: 13.528 GC heap before
{Heap before GC invocations=18 (full 3):
 PSYoungGen      total 234496K, used 8064K [0x00000000d5f00000, 0x00000000e8b00000, 0x0000000100000000)
  eden space 221696K, 0% used [0x00000000d5f00000,0x00000000d5f00000,0x00000000e3780000)
  from space 12800K, 63% used [0x00000000e3780000,0x00000000e3f60010,0x00000000e4400000)
  to   space 12288K, 0% used [0x00000000e7f00000,0x00000000e7f00000,0x00000000e8b00000)
 ParOldGen       total 91648K, used 28816K [0x0000000081c00000, 0x0000000087580000, 0x00000000d5f00000)
  object space 91648K, 31% used [0x0000000081c00000,0x00000000838242a0,0x0000000087580000)
 Metaspace       used 56653K, capacity 59016K, committed 59160K, reserved 1099776K
  class space    used 7667K, capacity 8113K, committed 8216K, reserved 1048576K
Event: 13.705 GC heap after
Heap after GC invocations=18 (full 3):
 PSYoungGen      total 234496K, used 0K [0x00000000d5f00000, 0x00000000e8b00000, 0x0000000100000000)
  eden space 221696K, 0% used [0x00000000d5f00000,0x00000000d5f00000,0x00000000e3780000)
  from space 12800K, 0% used [0x00000000e3780000,0x00000000e3780000,0x00000000e4400000)
  to   space 12288K, 0% used [0x00000000e7f00000,0x00000000e7f00000,0x00000000e8b00000)
 ParOldGen       total 91648K, used 28728K [0x0000000081c00000, 0x0000000087580000, 0x00000000d5f00000)
  object space 91648K, 31% used [0x0000000081c00000,0x000000008380e3d8,0x0000000087580000)
 Metaspace       used 56653K, capacity 59016K, committed 59160K, reserved 1099776K
  class space    used 7667K, capacity 8113K, committed 8216K, reserved 1048576K
}

Deoptimization events (10 events):
Event: 12.966 Thread 0x0000000004cb2800 Uncommon trap: reason=unstable_if action=reinterpret pc=0x00000000051a5f7c method=java.util.HashMap.putVal(ILjava/lang/Object;Ljava/lang/Object;ZZ)Ljava/lang/Object; @ 109
Event: 12.970 Thread 0x0000000004cb2800 Uncommon trap: reason=unstable_if action=reinterpret pc=0x0000000005471d88 method=sun.nio.fs.WindowsPathParser.isSlash(C)Z @ 9
Event: 13.338 Thread 0x0000000004cb2800 Uncommon trap: reason=class_check action=maybe_recompile pc=0x000000000596c7ec method=org.springframework.util.ConcurrentReferenceHashMap$Segment.restructureIfNecessary(Z)V @ 230
Event: 13.379 Thread 0x0000000004cb2800 Uncommon trap: reason=unstable_if action=reinterpret pc=0x000000000522abf0 method=java.util.HashMap.resize()[Ljava/util/HashMap$Node; @ 206
Event: 13.392 Thread 0x0000000004cb2800 Uncommon trap: reason=range_check action=make_not_entrant pc=0x0000000006233808 method=java.lang.String.charAt(I)C @ 27
Event: 13.435 Thread 0x0000000004cb2800 Uncommon trap: reason=unstable_if action=reinterpret pc=0x0000000005237ca0 method=java.util.concurrent.ConcurrentHashMap.transfer([Ljava/util/concurrent/ConcurrentHashMap$Node;[Ljava/util/concurrent/ConcurrentHashMap$Node;)V @ 356
Event: 13.486 Thread 0x0000000004cb2800 Uncommon trap: reason=class_check action=maybe_recompile pc=0x000000000596c7ec method=org.springframework.util.ConcurrentReferenceHashMap$Segment.restructureIfNecessary(Z)V @ 230
Event: 14.232 Thread 0x0000000004cb2800 Uncommon trap: reason=unstable_if action=reinterpret pc=0x0000000004ede780 method=java.lang.CharacterData.of(I)Ljava/lang/CharacterData; @ 4
Event: 14.295 Thread 0x0000000004cb2800 Uncommon trap: reason=unstable_if action=reinterpret pc=0x00000000059931ec method=java.util.regex.Pattern$Curly.match0(Ljava/util/regex/Matcher;IILjava/lang/CharSequence;)Z @ 5
Event: 14.295 Thread 0x0000000004cb2800 Uncommon trap: reason=unstable_if action=reinterpret pc=0x0000000004f2c344 method=java.util.regex.Pattern$Curly.match0(Ljava/util/regex/Matcher;IILjava/lang/CharSequence;)Z @ 5

Classes redefined (0 events):
No events

Internal exceptions (10 events):
Event: 14.037 Thread 0x0000000004cb2800 Exception <a 'java/lang/ClassNotFoundException': vn/vissoft/portal/services/UserRoleServiceCustomizer> (0x00000000d7d366e8) thrown at [C:\re\workspace\8-2-build-windows-amd64-cygwin\jdk8u161\10277\hotspot\src\share\vm\classfile\systemDictionary.cpp, line 
Event: 14.038 Thread 0x0000000004cb2800 Exception <a 'java/lang/ClassNotFoundException': java/lang/ObjectCustomizer> (0x00000000d7d54e48) thrown at [C:\re\workspace\8-2-build-windows-amd64-cygwin\jdk8u161\10277\hotspot\src\share\vm\classfile\systemDictionary.cpp, line 210]
Event: 14.039 Thread 0x0000000004cb2800 Exception <a 'java/lang/ClassNotFoundException': vn/vissoft/portal/dao/impl/UserRoleDAOImplCustomizer> (0x00000000d7d8b3f8) thrown at [C:\re\workspace\8-2-build-windows-amd64-cygwin\jdk8u161\10277\hotspot\src\share\vm\classfile\systemDictionary.cpp, line 
Event: 14.039 Thread 0x0000000004cb2800 Exception <a 'java/lang/ClassNotFoundException': vn/vissoft/portal/dao/UserRoleDAOCustomizer> (0x00000000d7dbebd0) thrown at [C:\re\workspace\8-2-build-windows-amd64-cygwin\jdk8u161\10277\hotspot\src\share\vm\classfile\systemDictionary.cpp, line 210]
Event: 14.048 Thread 0x0000000004cb2800 Exception <a 'java/lang/ClassNotFoundException': java/lang/ObjectCustomizer> (0x00000000d7eaba98) thrown at [C:\re\workspace\8-2-build-windows-amd64-cygwin\jdk8u161\10277\hotspot\src\share\vm\classfile\systemDictionary.cpp, line 210]
Event: 14.049 Thread 0x0000000004cb2800 Exception <a 'java/lang/ClassNotFoundException': vn/vissoft/portal/dao/impl/ZipProfileCustomizer> (0x00000000d7edde00) thrown at [C:\re\workspace\8-2-build-windows-amd64-cygwin\jdk8u161\10277\hotspot\src\share\vm\classfile\systemDictionary.cpp, line 210]
Event: 14.056 Thread 0x0000000004cb2800 Exception <a 'java/lang/ClassNotFoundException': java/lang/ObjectCustomizer> (0x00000000d7f86d50) thrown at [C:\re\workspace\8-2-build-windows-amd64-cygwin\jdk8u161\10277\hotspot\src\share\vm\classfile\systemDictionary.cpp, line 210]
Event: 14.056 Thread 0x0000000004cb2800 Exception <a 'java/lang/ClassNotFoundException': vn/vissoft/portal/services/SchedulerRemindUnreadReportCustomizer> (0x00000000d7fc4a30) thrown at [C:\re\workspace\8-2-build-windows-amd64-cygwin\jdk8u161\10277\hotspot\src\share\vm\classfile\systemDictionar
Event: 14.098 Thread 0x0000000004cb2800 Exception <a 'java/lang/ClassNotFoundException': java/lang/ObjectCustomizer> (0x00000000d8053ec0) thrown at [C:\re\workspace\8-2-build-windows-amd64-cygwin\jdk8u161\10277\hotspot\src\share\vm\classfile\systemDictionary.cpp, line 210]
Event: 14.099 Thread 0x0000000004cb2800 Exception <a 'java/lang/ClassNotFoundException': vn/vissoft/portal/entities/MailSenderCustomizer> (0x00000000d8086bb0) thrown at [C:\re\workspace\8-2-build-windows-amd64-cygwin\jdk8u161\10277\hotspot\src\share\vm\classfile\systemDictionary.cpp, line 210]

Events (10 events):
Event: 14.339 loading class org/hibernate/hql/internal/ast/tree/FromClause$4
Event: 14.339 loading class org/hibernate/hql/internal/ast/tree/FromClause$4 done
Event: 14.339 loading class org/hibernate/hql/internal/ast/tree/DotNode
Event: 14.339 loading class org/hibernate/hql/internal/ast/tree/DotNode done
Event: 14.340 loading class org/hibernate/hql/internal/ast/tree/SelectExpression
Event: 14.340 loading class org/hibernate/hql/internal/ast/tree/SelectExpression done
Event: 14.340 loading class org/hibernate/hql/internal/ast/tree/FromReferenceNode
Event: 14.340 loading class org/hibernate/hql/internal/ast/tree/FromReferenceNode done
Event: 14.345 loading class org/hibernate/hql/internal/ast/tree/ResolvableNode
Event: 14.345 loading class org/hibernate/hql/internal/ast/tree/ResolvableNode done


Dynamic libraries:
0x00007ff756970000 - 0x00007ff7569a7000 	C:\Program Files\Java\jdk1.8.0_161\jre\bin\java.exe
0x00007fff6bad0000 - 0x00007fff6bcb0000 	C:\Windows\SYSTEM32\ntdll.dll
0x00007fff6b5e0000 - 0x00007fff6b68e000 	C:\Windows\System32\KERNEL32.DLL
0x00007fff684f0000 - 0x00007fff68756000 	C:\Windows\System32\KERNELBASE.dll
0x00007fff699d0000 - 0x00007fff69a71000 	C:\Windows\System32\ADVAPI32.dll
0x00007fff6b860000 - 0x00007fff6b8fd000 	C:\Windows\System32\msvcrt.dll
0x00007fff6b800000 - 0x00007fff6b85b000 	C:\Windows\System32\sechost.dll
0x00007fff6b180000 - 0x00007fff6b29f000 	C:\Windows\System32\RPCRT4.dll
0x00007fff6b2a0000 - 0x00007fff6b42e000 	C:\Windows\System32\USER32.dll
0x00007fff68760000 - 0x00007fff68780000 	C:\Windows\System32\win32u.dll
0x00007fff6ba70000 - 0x00007fff6ba98000 	C:\Windows\System32\GDI32.dll
0x00007fff67f80000 - 0x00007fff68111000 	C:\Windows\System32\gdi32full.dll
0x00007fff68350000 - 0x00007fff683eb000 	C:\Windows\System32\msvcp_win.dll
0x00007fff683f0000 - 0x00007fff684e6000 	C:\Windows\System32\ucrtbase.dll
0x00007fff5bc30000 - 0x00007fff5be99000 	C:\Windows\WinSxS\amd64_microsoft.windows.common-controls_6595b64144ccf1df_6.0.16299.15_none_cc92fb402215d91d\COMCTL32.dll
0x00007fff69110000 - 0x00007fff69418000 	C:\Windows\System32\combase.dll
0x00007fff68780000 - 0x00007fff687f2000 	C:\Windows\System32\bcryptPrimitives.dll
0x00007fff69c40000 - 0x00007fff69c6d000 	C:\Windows\System32\IMM32.DLL
0x00000000630c0000 - 0x0000000063192000 	C:\Program Files\Java\jdk1.8.0_161\jre\bin\msvcr100.dll
0x0000000062820000 - 0x00000000630bf000 	C:\Program Files\Java\jdk1.8.0_161\jre\bin\server\jvm.dll
0x00007fff6b170000 - 0x00007fff6b178000 	C:\Windows\System32\PSAPI.DLL
0x00007fff60e20000 - 0x00007fff60e43000 	C:\Windows\SYSTEM32\WINMM.dll
0x00007fff4e8e0000 - 0x00007fff4e8e9000 	C:\Windows\SYSTEM32\WSOCK32.dll
0x00007fff6b6f0000 - 0x00007fff6b75c000 	C:\Windows\System32\WS2_32.dll
0x00007fff60c20000 - 0x00007fff60c2a000 	C:\Windows\SYSTEM32\VERSION.dll
0x00007fff60df0000 - 0x00007fff60e1a000 	C:\Windows\SYSTEM32\WINMMBASE.dll
0x00007fff68800000 - 0x00007fff6884a000 	C:\Windows\System32\cfgmgr32.dll
0x0000000062810000 - 0x000000006281f000 	C:\Program Files\Java\jdk1.8.0_161\jre\bin\verify.dll
0x00000000627e0000 - 0x0000000062809000 	C:\Program Files\Java\jdk1.8.0_161\jre\bin\java.dll
0x00000000627c0000 - 0x00000000627d6000 	C:\Program Files\Java\jdk1.8.0_161\jre\bin\zip.dll
0x00007fff69d30000 - 0x00007fff6b167000 	C:\Windows\System32\SHELL32.dll
0x00007fff69c80000 - 0x00007fff69d26000 	C:\Windows\System32\shcore.dll
0x00007fff68850000 - 0x00007fff68f97000 	C:\Windows\System32\windows.storage.dll
0x00007fff6b430000 - 0x00007fff6b481000 	C:\Windows\System32\shlwapi.dll
0x00007fff67e40000 - 0x00007fff67e51000 	C:\Windows\System32\kernel.appcore.dll
0x00007fff67e60000 - 0x00007fff67eac000 	C:\Windows\System32\powrprof.dll
0x00007fff67eb0000 - 0x00007fff67ecb000 	C:\Windows\System32\profapi.dll
0x0000000062740000 - 0x000000006274d000 	C:\Program Files\Java\jdk1.8.0_161\jre\bin\management.dll
0x00000000627a0000 - 0x00000000627ba000 	C:\Program Files\Java\jdk1.8.0_161\jre\bin\net.dll
0x00007fff67650000 - 0x00007fff676b6000 	C:\Windows\system32\mswsock.dll
0x0000000062780000 - 0x0000000062791000 	C:\Program Files\Java\jdk1.8.0_161\jre\bin\nio.dll
0x00007fff4fb20000 - 0x00007fff4fb36000 	C:\Windows\system32\napinsp.dll
0x00007fff4f960000 - 0x00007fff4f97a000 	C:\Windows\system32\pnrpnsp.dll
0x00007fff61a20000 - 0x00007fff61a38000 	C:\Windows\system32\NLAapi.dll
0x00007fff67420000 - 0x00007fff674d6000 	C:\Windows\SYSTEM32\DNSAPI.dll
0x00007fff69c70000 - 0x00007fff69c78000 	C:\Windows\System32\NSI.dll
0x00007fff673e0000 - 0x00007fff67419000 	C:\Windows\SYSTEM32\IPHLPAPI.DLL
0x00007fff4f5c0000 - 0x00007fff4f5ce000 	C:\Windows\System32\winrnr.dll
0x00007fff4f5a0000 - 0x00007fff4f5b5000 	C:\Windows\System32\wshbth.dll
0x00007fff56ef0000 - 0x00007fff56efa000 	C:\Windows\System32\rasadhlp.dll
0x00007fff570b0000 - 0x00007fff57120000 	C:\Windows\System32\fwpuclnt.dll
0x00007fff67920000 - 0x00007fff67945000 	C:\Windows\SYSTEM32\bcrypt.dll
0x00007fff67810000 - 0x00007fff67827000 	C:\Windows\SYSTEM32\CRYPTSP.dll
0x00007fff67260000 - 0x00007fff67293000 	C:\Windows\system32\rsaenh.dll
0x00007fff67d20000 - 0x00007fff67d49000 	C:\Windows\SYSTEM32\USERENV.dll
0x00007fff67830000 - 0x00007fff6783b000 	C:\Windows\SYSTEM32\CRYPTBASE.dll
0x00007fff5f8d0000 - 0x00007fff5f8e6000 	C:\Windows\SYSTEM32\dhcpcsvc6.DLL
0x00007fff5fa40000 - 0x00007fff5fa5a000 	C:\Windows\SYSTEM32\dhcpcsvc.DLL

VM Arguments:
java_command: C:\Users\ADMINI~1\AppData\Local\Temp\surefire4974327394985247045\surefirebooter1679769991381313153.jar C:\Users\Administrator\AppData\Local\Temp\surefire4974327394985247045 2019-12-12T22-16-19_132-jvmRun1 surefire6654944562775913203tmp surefire_05568136521188784143tmp
java_class_path (initial): C:\Users\ADMINI~1\AppData\Local\Temp\surefire4974327394985247045\surefirebooter1679769991381313153.jar
Launcher Type: SUN_STANDARD

Environment Variables:
JAVA_HOME=C:\Program Files\Java\jdk1.8.0_231
CLASSPATH=   %CLASSPATH%;%JUNIT_HOME%\JUnit4.12.jar;D:\UnitTest\TaiNguyen\JUnit4.12.jar;D:\UnitTest\TaiNguyen\JUnit4.12.jar
PATH=C:\Program Files (x86)\NetSarang\Xshell 6\;C:\Program Files (x86)\NetSarang\Xftp 6\;C:\Python27\;C:\Python27\Scripts;D:\app\Administrator\virtual\product\12.2.0\dbhome_1\bin;C:\ProgramData\Oracle\Java\javapath;C:\Program Files (x86)\Intel\iCLS Client\;C:\Program Files\Intel\iCLS Client\;C:\Windows\system32;C:\Windows;C:\Windows\System32\Wbem;C:\Windows\System32\WindowsPowerShell\v1.0\;C:\Program Files (x86)\Intel\Intel(R) Management Engine Components\DAL;C:\Program Files\Intel\Intel(R) Management Engine Components\DAL;C:\Program Files (x86)\Intel\Intel(R) Management Engine Components\IPT;C:\Program Files\Intel\Intel(R) Management Engine Components\IPT;C:\Program Files\Microsoft SQL Server\120\DTS\Binn\;C:\Program Files\Microsoft SQL Server\Client SDK\ODBC\110\Tools\Binn\;C:\Program Files (x86)\Microsoft SQL Server\120\Tools\Binn\;C:\Program Files\Microsoft SQL Server\120\Tools\Binn\;C:\Program Files (x86)\Microsoft SQL Server\120\Tools\Binn\ManagementStudio\;C:\Program Files (x86)\Microsoft SQL Server\120\DTS\Binn\;C:\Program Files\Java\jdk1.8.0_161\bin;C:\Program Files\NVIDIA Corporation\NVIDIA NvDLISR;C:\Program Files (x86)\NVIDIA Corporation\PhysX\Common;C:\Program Files\TortoiseGit\bin;C:\Program Files\Git\cmd;C:\ProgramData\chocolatey\bin;C:\Program Files\nodejs\;C:\Program Files\Java\jdk1.8.0_231\bin;C:\Program Files\MySQL\MySQL Shell 8.0\bin\;C:\Users\Administrator\AppData\Roaming\npm\node_modules\@angular\cli\bin;;D:\vis\IntelliJ IDEA 2019.2.2\bin;;D:\visual\Microsoft VS Code\bin;C:\Users\Administrator\AppData\Roaming\npm
USERNAME=Administrator
OS=Windows_NT
PROCESSOR_IDENTIFIER=Intel64 Family 6 Model 158 Stepping 9, GenuineIntel



---------------  S Y S T E M  ---------------

OS: Windows 10.0 , 64 bit Build 16299 (10.0.16299.15)

CPU:total 4 (initial active 4) (4 cores per cpu, 1 threads per core) family 6 model 158 stepping 9, cmov, cx8, fxsr, mmx, sse, sse2, sse3, ssse3, sse4.1, sse4.2, popcnt, avx, avx2, aes, clmul, erms, 3dnowpref, lzcnt, tsc, tscinvbit, bmi1, bmi2, adx

Memory: 4k page, physical 8269412k(438720k free), swap 10218084k(3280k free)

vm_info: Java HotSpot(TM) 64-Bit Server VM (25.161-b12) for windows-amd64 JRE (1.8.0_161-b12), built on Dec 19 2017 17:52:25 by "java_re" with MS VC++ 10.0 (VS2010)

time: Thu Dec 12 22:16:34 2019
elapsed time: 14 seconds (0d 0h 0m 14s)

