#
# There is insufficient memory for the Java Runtime Environment to continue.
# Native memory allocation (malloc) failed to allocate 426384 bytes for Chunk::new
# Possible reasons:
#   The system is out of physical RAM or swap space
#   In 32 bit mode, the process size limit was hit
# Possible solutions:
#   Reduce memory load on the system
#   Increase physical memory or swap space
#   Check if swap backing store is full
#   Use 64 bit Java on a 64 bit OS
#   Decrease Java heap size (-Xmx/-Xms)
#   Decrease number of Java threads
#   Decrease Java thread stack sizes (-Xss)
#   Set larger code cache with -XX:ReservedCodeCacheSize=
# This output file may be truncated or incomplete.
#
#  Out of Memory Error (allocation.cpp:390), pid=5712, tid=0x0000000000000644
#
# JRE version: Java(TM) SE Runtime Environment (8.0_161-b12) (build 1.8.0_161-b12)
# Java VM: Java HotSpot(TM) 64-Bit Server VM (25.161-b12 mixed mode windows-amd64 compressed oops)
# Failed to write core dump. Minidumps are not enabled by default on client versions of Windows
#

---------------  T H R E A D  ---------------

Current thread (0x00000000194b0800):  JavaThread "C2 CompilerThread0" daemon [_thread_in_native, id=1604, stack(0x000000001ab00000,0x000000001ac00000)]

Stack: [0x000000001ab00000,0x000000001ac00000]
[error occurred during error reporting (printing stack bounds), id 0xc0000005]

Native frames: (J=compiled Java code, j=interpreted, Vv=VM code, C=native code)


Current CompileTask:
C2:   6305 2542 %     4       org.springframework.asm.ClassReader::readCode @ 71 (5085 bytes)


---------------  P R O C E S S  ---------------

Java Threads: ( => current thread )
  0x000000001afdd000 JavaThread "surefire-forkedjvm-ping-30s" daemon [_thread_in_native, id=6324, stack(0x000000001b500000,0x000000001b600000)]
  0x000000001af95000 JavaThread "surefire-forkedjvm-command-thread" daemon [_thread_in_native, id=13064, stack(0x000000001b400000,0x000000001b500000)]
  0x000000001ae18800 JavaThread "Service Thread" daemon [_thread_blocked, id=10320, stack(0x000000001b200000,0x000000001b300000)]
  0x00000000194c4000 JavaThread "C1 CompilerThread2" daemon [_thread_blocked, id=10528, stack(0x000000001ad00000,0x000000001ae00000)]
  0x00000000194b4000 JavaThread "C2 CompilerThread1" daemon [_thread_in_native, id=3324, stack(0x000000001ac00000,0x000000001ad00000)]
=>0x00000000194b0800 JavaThread "C2 CompilerThread0" daemon [_thread_in_native, id=1604, stack(0x000000001ab00000,0x000000001ac00000)]
  0x00000000194ad000 JavaThread "Attach Listener" daemon [_thread_blocked, id=5144, stack(0x000000001aa00000,0x000000001ab00000)]
  0x00000000194ab000 JavaThread "Signal Dispatcher" daemon [_thread_blocked, id=4288, stack(0x000000001a900000,0x000000001aa00000)]
  0x0000000004977800 JavaThread "Finalizer" daemon [_thread_blocked, id=10228, stack(0x000000001a710000,0x000000001a810000)]
  0x0000000004972000 JavaThread "Reference Handler" daemon [_thread_blocked, id=4284, stack(0x000000001a610000,0x000000001a710000)]
  0x0000000004882800 JavaThread "main" [_thread_in_Java, id=8076, stack(0x0000000004780000,0x0000000004880000)]

Other Threads:
  0x0000000019477000 VMThread [stack: 0x000000001a510000,0x000000001a610000] [id=6220]
  0x000000001ae19000 WatcherThread [stack: 0x000000001b300000,0x000000001b400000] [id=3204]

VM state:not at safepoint (normal execution)

VM Mutex/Monitor currently owned by a thread: None

Heap:
 PSYoungGen      total 139264K, used 17903K [0x00000000d5f00000, 0x00000000df100000, 0x0000000100000000)
  eden space 131584K, 13% used [0x00000000d5f00000,0x00000000d707bff8,0x00000000ddf80000)
  from space 7680K, 0% used [0x00000000de980000,0x00000000de980000,0x00000000df100000)
  to   space 6144K, 0% used [0x00000000ddf80000,0x00000000ddf80000,0x00000000de580000)
 ParOldGen       total 56832K, used 13141K [0x0000000081c00000, 0x0000000085380000, 0x00000000d5f00000)
  object space 56832K, 23% used [0x0000000081c00000,0x00000000828d5758,0x0000000085380000)
 Metaspace       used 29286K, capacity 30146K, committed 30384K, reserved 1075200K
  class space    used 3769K, capacity 3952K, committed 4016K, reserved 1048576K

Card table byte_map: [0x0000000013d40000,0x0000000014140000] byte_map_base: 0x0000000013932000

Marking Bits: (ParMarkBitMap*) 0x000000005e0ef860
 Begin Bits: [0x00000000147f0000, 0x0000000016780000)
 End Bits:   [0x0000000016780000, 0x0000000018710000)

Polling page: 0x0000000002950000

CodeCache: size=245760Kb used=10540Kb max_used=10545Kb free=235219Kb
 bounds [0x0000000004980000, 0x00000000053e0000, 0x0000000013980000]
 total_blobs=3119 nmethods=2714 adapters=317
 compilation: enabled

Compilation events (10 events):
Event: 6.136 Thread 0x00000000194b4000 nmethod 2594 0x0000000005362110 code [0x0000000005362240, 0x0000000005362298]
Event: 6.136 Thread 0x00000000194b4000 2595       4       java.util.WeakHashMap::hash (28 bytes)
Event: 6.136 Thread 0x00000000194c4000 nmethod 2602 0x0000000004ae5090 code [0x0000000004ae5300, 0x0000000004ae6148]
Event: 6.136 Thread 0x00000000194c4000 2601   !   3       org.springframework.context.annotation.ConfigurationClassParser::retrieveBeanMethodMetadata (241 bytes)
Event: 6.136 Thread 0x00000000194b4000 nmethod 2595 0x0000000004a9b910 code [0x0000000004a9ba60, 0x0000000004a9bb58]
Event: 6.137 Thread 0x00000000194c4000 nmethod 2601 0x0000000004b079d0 code [0x0000000004b07da0, 0x0000000004b09f48]
Event: 6.137 Thread 0x00000000194c4000 2603   !   3       sun.net.www.protocol.jar.JarFileFactory::getConnection (40 bytes)
Event: 6.137 Thread 0x00000000194c4000 nmethod 2603 0x0000000004aba350 code [0x0000000004aba520, 0x0000000004abae88]
Event: 6.137 Thread 0x00000000194c4000 2604       3       org.apache.commons.logging.LogFactory::getLog (8 bytes)
Event: 6.137 Thread 0x00000000194c4000 nmethod 2604 0x0000000004a92d50 code [0x0000000004a92ec0, 0x0000000004a930f8]

GC Heap History (10 events):
Event: 2.647 GC heap before
{Heap before GC invocations=6 (full 0):
 PSYoungGen      total 38400K, used 38376K [0x00000000d5f00000, 0x00000000dac00000, 0x0000000100000000)
  eden space 33280K, 100% used [0x00000000d5f00000,0x00000000d7f80000,0x00000000d7f80000)
  from space 5120K, 99% used [0x00000000d7f80000,0x00000000d847a098,0x00000000d8480000)
  to   space 6144K, 0% used [0x00000000da600000,0x00000000da600000,0x00000000dac00000)
 ParOldGen       total 87552K, used 208K [0x0000000081c00000, 0x0000000087180000, 0x00000000d5f00000)
  object space 87552K, 0% used [0x0000000081c00000,0x0000000081c34108,0x0000000087180000)
 Metaspace       used 17807K, capacity 18258K, committed 18432K, reserved 1064960K
  class space    used 2309K, capacity 2436K, committed 2560K, reserved 1048576K
Event: 2.652 GC heap after
Heap after GC invocations=6 (full 0):
 PSYoungGen      total 72192K, used 5673K [0x00000000d5f00000, 0x00000000dad00000, 0x0000000100000000)
  eden space 66048K, 0% used [0x00000000d5f00000,0x00000000d5f00000,0x00000000d9f80000)
  from space 6144K, 92% used [0x00000000da600000,0x00000000dab8a530,0x00000000dac00000)
  to   space 6656K, 0% used [0x00000000d9f80000,0x00000000d9f80000,0x00000000da600000)
 ParOldGen       total 87552K, used 280K [0x0000000081c00000, 0x0000000087180000, 0x00000000d5f00000)
  object space 87552K, 0% used [0x0000000081c00000,0x0000000081c46118,0x0000000087180000)
 Metaspace       used 17807K, capacity 18258K, committed 18432K, reserved 1064960K
  class space    used 2309K, capacity 2436K, committed 2560K, reserved 1048576K
}
Event: 3.112 GC heap before
{Heap before GC invocations=7 (full 0):
 PSYoungGen      total 72192K, used 55786K [0x00000000d5f00000, 0x00000000dad00000, 0x0000000100000000)
  eden space 66048K, 75% used [0x00000000d5f00000,0x00000000d8ff0488,0x00000000d9f80000)
  from space 6144K, 92% used [0x00000000da600000,0x00000000dab8a530,0x00000000dac00000)
  to   space 6656K, 0% used [0x00000000d9f80000,0x00000000d9f80000,0x00000000da600000)
 ParOldGen       total 87552K, used 280K [0x0000000081c00000, 0x0000000087180000, 0x00000000d5f00000)
  object space 87552K, 0% used [0x0000000081c00000,0x0000000081c46118,0x0000000087180000)
 Metaspace       used 20679K, capacity 21176K, committed 21296K, reserved 1067008K
  class space    used 2680K, capacity 2821K, committed 2864K, reserved 1048576K
Event: 3.120 GC heap after
Heap after GC invocations=7 (full 0):
 PSYoungGen      total 72704K, used 5354K [0x00000000d5f00000, 0x00000000ded00000, 0x0000000100000000)
  eden space 66048K, 0% used [0x00000000d5f00000,0x00000000d5f00000,0x00000000d9f80000)
  from space 6656K, 80% used [0x00000000d9f80000,0x00000000da4ba900,0x00000000da600000)
  to   space 6656K, 0% used [0x00000000de680000,0x00000000de680000,0x00000000ded00000)
 ParOldGen       total 87552K, used 2888K [0x0000000081c00000, 0x0000000087180000, 0x00000000d5f00000)
  object space 87552K, 3% used [0x0000000081c00000,0x0000000081ed2240,0x0000000087180000)
 Metaspace       used 20679K, capacity 21176K, committed 21296K, reserved 1067008K
  class space    used 2680K, capacity 2821K, committed 2864K, reserved 1048576K
}
Event: 3.120 GC heap before
{Heap before GC invocations=8 (full 1):
 PSYoungGen      total 72704K, used 5354K [0x00000000d5f00000, 0x00000000ded00000, 0x0000000100000000)
  eden space 66048K, 0% used [0x00000000d5f00000,0x00000000d5f00000,0x00000000d9f80000)
  from space 6656K, 80% used [0x00000000d9f80000,0x00000000da4ba900,0x00000000da600000)
  to   space 6656K, 0% used [0x00000000de680000,0x00000000de680000,0x00000000ded00000)
 ParOldGen       total 87552K, used 2888K [0x0000000081c00000, 0x0000000087180000, 0x00000000d5f00000)
  object space 87552K, 3% used [0x0000000081c00000,0x0000000081ed2240,0x0000000087180000)
 Metaspace       used 20679K, capacity 21176K, committed 21296K, reserved 1067008K
  class space    used 2680K, capacity 2821K, committed 2864K, reserved 1048576K
Event: 3.153 GC heap after
Heap after GC invocations=8 (full 1):
 PSYoungGen      total 72704K, used 0K [0x00000000d5f00000, 0x00000000ded00000, 0x0000000100000000)
  eden space 66048K, 0% used [0x00000000d5f00000,0x00000000d5f00000,0x00000000d9f80000)
  from space 6656K, 0% used [0x00000000d9f80000,0x00000000d9f80000,0x00000000da600000)
  to   space 6656K, 0% used [0x00000000de680000,0x00000000de680000,0x00000000ded00000)
 ParOldGen       total 56832K, used 7754K [0x0000000081c00000, 0x0000000085380000, 0x00000000d5f00000)
  object space 56832K, 13% used [0x0000000081c00000,0x0000000082392a10,0x0000000085380000)
 Metaspace       used 20679K, capacity 21176K, committed 21296K, reserved 1067008K
  class space    used 2680K, capacity 2821K, committed 2864K, reserved 1048576K
}
Event: 4.018 GC heap before
{Heap before GC invocations=9 (full 1):
 PSYoungGen      total 72704K, used 66048K [0x00000000d5f00000, 0x00000000ded00000, 0x0000000100000000)
  eden space 66048K, 100% used [0x00000000d5f00000,0x00000000d9f80000,0x00000000d9f80000)
  from space 6656K, 0% used [0x00000000d9f80000,0x00000000d9f80000,0x00000000da600000)
  to   space 6656K, 0% used [0x00000000de680000,0x00000000de680000,0x00000000ded00000)
 ParOldGen       total 56832K, used 7754K [0x0000000081c00000, 0x0000000085380000, 0x00000000d5f00000)
  object space 56832K, 13% used [0x0000000081c00000,0x0000000082392a10,0x0000000085380000)
 Metaspace       used 24678K, capacity 25266K, committed 25392K, reserved 1071104K
  class space    used 3202K, capacity 3352K, committed 3376K, reserved 1048576K
Event: 4.025 GC heap after
Heap after GC invocations=9 (full 1):
 PSYoungGen      total 108032K, used 4769K [0x00000000d5f00000, 0x00000000deb80000, 0x0000000100000000)
  eden space 102912K, 0% used [0x00000000d5f00000,0x00000000d5f00000,0x00000000dc380000)
  from space 5120K, 93% used [0x00000000de680000,0x00000000deb28568,0x00000000deb80000)
  to   space 6144K, 0% used [0x00000000ddf80000,0x00000000ddf80000,0x00000000de580000)
 ParOldGen       total 56832K, used 7762K [0x0000000081c00000, 0x0000000085380000, 0x00000000d5f00000)
  object space 56832K, 13% used [0x0000000081c00000,0x0000000082394a10,0x0000000085380000)
 Metaspace       used 24678K, capacity 25266K, committed 25392K, reserved 1071104K
  class space    used 3202K, capacity 3352K, committed 3376K, reserved 1048576K
}
Event: 6.067 GC heap before
{Heap before GC invocations=10 (full 1):
 PSYoungGen      total 108032K, used 107681K [0x00000000d5f00000, 0x00000000deb80000, 0x0000000100000000)
  eden space 102912K, 100% used [0x00000000d5f00000,0x00000000dc380000,0x00000000dc380000)
  from space 5120K, 93% used [0x00000000de680000,0x00000000deb28568,0x00000000deb80000)
  to   space 6144K, 0% used [0x00000000ddf80000,0x00000000ddf80000,0x00000000de580000)
 ParOldGen       total 56832K, used 7762K [0x0000000081c00000, 0x0000000085380000, 0x00000000d5f00000)
  object space 56832K, 13% used [0x0000000081c00000,0x0000000082394a10,0x0000000085380000)
 Metaspace       used 28428K, capacity 29202K, committed 29488K, reserved 1075200K
  class space    used 3650K, capacity 3824K, committed 3888K, reserved 1048576K
Event: 6.074 GC heap after
Heap after GC invocations=10 (full 1):
 PSYoungGen      total 137728K, used 6128K [0x00000000d5f00000, 0x00000000df100000, 0x0000000100000000)
  eden space 131584K, 0% used [0x00000000d5f00000,0x00000000d5f00000,0x00000000ddf80000)
  from space 6144K, 99% used [0x00000000ddf80000,0x00000000de57c030,0x00000000de580000)
  to   space 7680K, 0% used [0x00000000de980000,0x00000000de980000,0x00000000df100000)
 ParOldGen       total 56832K, used 9738K [0x0000000081c00000, 0x0000000085380000, 0x00000000d5f00000)
  object space 56832K, 17% used [0x0000000081c00000,0x0000000082582848,0x0000000085380000)
 Metaspace       used 28428K, capacity 29202K, committed 29488K, reserved 1075200K
  class space    used 3650K, capacity 3824K, committed 3888K, reserved 1048576K
}

Deoptimization events (10 events):
Event: 3.872 Thread 0x000000001c720800 Uncommon trap: reason=unstable_if action=reinterpret pc=0x0000000004e62424 method=jdk.internal.org.objectweb.asm.Type.getArgumentsAndReturnSizes(Ljava/lang/String;)I @ 47
Event: 4.242 Thread 0x0000000004882800 Uncommon trap: reason=unstable_if action=reinterpret pc=0x0000000004e8cb14 method=sun.misc.ASCIICaseInsensitiveComparator.compare(Ljava/lang/String;Ljava/lang/String;)I @ 83
Event: 4.628 Thread 0x000000001c720800 Uncommon trap: reason=unstable_if action=reinterpret pc=0x0000000004e482d0 method=java.lang.reflect.Method.equals(Ljava/lang/Object;)Z @ 49
Event: 4.708 Thread 0x0000000004882800 Uncommon trap: reason=unstable_if action=reinterpret pc=0x000000000503a5d4 method=java.net.URLClassLoader.definePackageInternal(Ljava/lang/String;Ljava/util/jar/Manifest;Ljava/net/URL;)V @ 11
Event: 5.286 Thread 0x0000000004882800 Uncommon trap: reason=predicate action=maybe_recompile pc=0x000000000527de3c method=java.util.AbstractCollection.toArray([Ljava/lang/Object;)[Ljava/lang/Object; @ 49
Event: 5.295 Thread 0x0000000004882800 Uncommon trap: reason=array_check action=maybe_recompile pc=0x000000000528d1b0 method=java.util.AbstractCollection.toArray([Ljava/lang/Object;)[Ljava/lang/Object; @ 119
Event: 5.295 Thread 0x0000000004882800 Uncommon trap: reason=array_check action=maybe_recompile pc=0x000000000528d1b0 method=java.util.AbstractCollection.toArray([Ljava/lang/Object;)[Ljava/lang/Object; @ 119
Event: 5.295 Thread 0x0000000004882800 Uncommon trap: reason=array_check action=maybe_recompile pc=0x000000000528d1b0 method=java.util.AbstractCollection.toArray([Ljava/lang/Object;)[Ljava/lang/Object; @ 119
Event: 5.295 Thread 0x0000000004882800 Uncommon trap: reason=array_check action=maybe_recompile pc=0x000000000528d1b0 method=java.util.AbstractCollection.toArray([Ljava/lang/Object;)[Ljava/lang/Object; @ 119
Event: 5.907 Thread 0x0000000004882800 Uncommon trap: reason=unstable_if action=reinterpret pc=0x0000000004fe2810 method=java.net.URLClassLoader.definePackageInternal(Ljava/lang/String;Ljava/util/jar/Manifest;Ljava/net/URL;)V @ 11

Classes redefined (0 events):
No events

Internal exceptions (10 events):
Event: 3.840 Thread 0x0000000004882800 Exception <a 'java/lang/ClassNotFoundException': org/springframework/core/PriorityOrderedCustomizer> (0x00000000d9335e38) thrown at [C:\re\workspace\8-2-build-windows-amd64-cygwin\jdk8u161\10277\hotspot\src\share\vm\classfile\systemDictionary.cpp, line 21
Event: 3.844 Thread 0x0000000004882800 Exception <a 'java/lang/ClassNotFoundException': org/springframework/core/OrderedCustomizer> (0x00000000d9360c60) thrown at [C:\re\workspace\8-2-build-windows-amd64-cygwin\jdk8u161\10277\hotspot\src\share\vm\classfile\systemDictionary.cpp, line 210]
Event: 3.850 Thread 0x0000000004882800 Exception <a 'java/lang/ClassNotFoundException': org/springframework/context/ResourceLoaderAwareCustomizer> (0x00000000d9397490) thrown at [C:\re\workspace\8-2-build-windows-amd64-cygwin\jdk8u161\10277\hotspot\src\share\vm\classfile\systemDictionary.cpp, 
Event: 3.859 Thread 0x0000000004882800 Exception <a 'java/lang/ClassNotFoundException': org/springframework/beans/factory/AwareCustomizer> (0x00000000d9471c00) thrown at [C:\re\workspace\8-2-build-windows-amd64-cygwin\jdk8u161\10277\hotspot\src\share\vm\classfile\systemDictionary.cpp, line 210
Event: 3.860 Thread 0x0000000004882800 Exception <a 'java/lang/ClassNotFoundException': org/springframework/beans/factory/BeanClassLoaderAwareCustomizer> (0x00000000d94ace20) thrown at [C:\re\workspace\8-2-build-windows-amd64-cygwin\jdk8u161\10277\hotspot\src\share\vm\classfile\systemDictionar
Event: 3.861 Thread 0x0000000004882800 Exception <a 'java/lang/ClassNotFoundException': org/springframework/beans/factory/AwareCustomizer> (0x00000000d94de548) thrown at [C:\re\workspace\8-2-build-windows-amd64-cygwin\jdk8u161\10277\hotspot\src\share\vm\classfile\systemDictionary.cpp, line 210
Event: 3.863 Thread 0x0000000004882800 Exception <a 'java/lang/ClassNotFoundException': org/springframework/context/EnvironmentAwareCustomizer> (0x00000000d9512318) thrown at [C:\re\workspace\8-2-build-windows-amd64-cygwin\jdk8u161\10277\hotspot\src\share\vm\classfile\systemDictionary.cpp, lin
Event: 3.866 Thread 0x0000000004882800 Exception <a 'java/lang/ClassNotFoundException': org/springframework/beans/factory/AwareCustomizer> (0x00000000d9543920) thrown at [C:\re\workspace\8-2-build-windows-amd64-cygwin\jdk8u161\10277\hotspot\src\share\vm\classfile\systemDictionary.cpp, line 210
Event: 3.891 Thread 0x000000001c720800 Exception <a 'java/lang/IncompatibleClassChangeError': Found class java.lang.Object, but interface was expected> (0x00000000d94316c8) thrown at [C:\re\workspace\8-2-build-windows-amd64-cygwin\jdk8u161\10277\hotspot\src\share\vm\interpreter\linkResolver.cp
Event: 5.804 Thread 0x0000000004882800 Exception <a 'java/lang/IncompatibleClassChangeError': Found class java.lang.Object, but interface was expected> (0x00000000dacfad18) thrown at [C:\re\workspace\8-2-build-windows-amd64-cygwin\jdk8u161\10277\hotspot\src\share\vm\interpreter\linkResolver.cp

Events (10 events):
Event: 6.130 loading class org/hibernate/jpa/HibernateEntityManager
Event: 6.130 loading class org/hibernate/jpa/HibernateEntityManager done
Event: 6.130 loading class org/hibernate/query/QueryProducer
Event: 6.130 loading class org/hibernate/query/QueryProducer done
Event: 6.135 loading class org/springframework/boot/autoconfigure/orm/jpa/DataSourceInitializedPublisher$Registrar
Event: 6.135 loading class org/springframework/boot/autoconfigure/orm/jpa/DataSourceInitializedPublisher$Registrar done
Event: 6.138 loading class org/springframework/boot/autoconfigure/cache/CacheAutoConfiguration$CacheConfigurationImportSelector
Event: 6.138 loading class org/springframework/boot/autoconfigure/cache/CacheAutoConfiguration$CacheConfigurationImportSelector done
Event: 6.138 loading class org/springframework/boot/autoconfigure/cache/CacheType
Event: 6.138 loading class org/springframework/boot/autoconfigure/cache/CacheType done


Dynamic libraries:
0x00007ff65c960000 - 0x00007ff65c997000 	C:\Program Files\Java\jdk1.8.0_161\jre\bin\java.exe
0x00007ff99cb60000 - 0x00007ff99cd40000 	C:\Windows\SYSTEM32\ntdll.dll
0x00007ff99c470000 - 0x00007ff99c51e000 	C:\Windows\System32\KERNEL32.DLL
0x00007ff9990b0000 - 0x00007ff999316000 	C:\Windows\System32\KERNELBASE.dll
0x00007ff99b8d0000 - 0x00007ff99b971000 	C:\Windows\System32\ADVAPI32.dll
0x00007ff99bd80000 - 0x00007ff99be1d000 	C:\Windows\System32\msvcrt.dll
0x00007ff99c520000 - 0x00007ff99c57b000 	C:\Windows\System32\sechost.dll
0x00007ff99c830000 - 0x00007ff99c94f000 	C:\Windows\System32\RPCRT4.dll
0x00007ff99bae0000 - 0x00007ff99bc6e000 	C:\Windows\System32\USER32.dll
0x00007ff999400000 - 0x00007ff999420000 	C:\Windows\System32\win32u.dll
0x00007ff99c970000 - 0x00007ff99c998000 	C:\Windows\System32\GDI32.dll
0x00007ff999e90000 - 0x00007ff99a021000 	C:\Windows\System32\gdi32full.dll
0x00007ff9996a0000 - 0x00007ff99973b000 	C:\Windows\System32\msvcp_win.dll
0x00007ff998f60000 - 0x00007ff999056000 	C:\Windows\System32\ucrtbase.dll
0x00007ff98cf90000 - 0x00007ff98d1f9000 	C:\Windows\WinSxS\amd64_microsoft.windows.common-controls_6595b64144ccf1df_6.0.16299.15_none_cc92fb402215d91d\COMCTL32.dll
0x00007ff99c000000 - 0x00007ff99c308000 	C:\Windows\System32\combase.dll
0x00007ff999320000 - 0x00007ff999392000 	C:\Windows\System32\bcryptPrimitives.dll
0x00007ff99b980000 - 0x00007ff99b9ad000 	C:\Windows\System32\IMM32.DLL
0x000000005e170000 - 0x000000005e242000 	C:\Program Files\Java\jdk1.8.0_161\jre\bin\msvcr100.dll
0x000000005d8d0000 - 0x000000005e16f000 	C:\Program Files\Java\jdk1.8.0_161\jre\bin\server\jvm.dll
0x00007ff99a030000 - 0x00007ff99a038000 	C:\Windows\System32\PSAPI.DLL
0x00007ff992670000 - 0x00007ff992693000 	C:\Windows\SYSTEM32\WINMM.dll
0x00007ff97a390000 - 0x00007ff97a399000 	C:\Windows\SYSTEM32\WSOCK32.dll
0x00007ff99bf90000 - 0x00007ff99bffc000 	C:\Windows\System32\WS2_32.dll
0x00007ff991cb0000 - 0x00007ff991cba000 	C:\Windows\SYSTEM32\VERSION.dll
0x00007ff9925d0000 - 0x00007ff9925fa000 	C:\Windows\SYSTEM32\winmmbase.dll
0x00007ff999060000 - 0x00007ff9990aa000 	C:\Windows\System32\cfgmgr32.dll
0x000000005d8c0000 - 0x000000005d8cf000 	C:\Program Files\Java\jdk1.8.0_161\jre\bin\verify.dll
0x000000005d890000 - 0x000000005d8b9000 	C:\Program Files\Java\jdk1.8.0_161\jre\bin\java.dll
0x000000005d870000 - 0x000000005d886000 	C:\Program Files\Java\jdk1.8.0_161\jre\bin\zip.dll
0x00007ff99a490000 - 0x00007ff99b8c7000 	C:\Windows\System32\SHELL32.dll
0x00007ff99c580000 - 0x00007ff99c626000 	C:\Windows\System32\shcore.dll
0x00007ff999740000 - 0x00007ff999e87000 	C:\Windows\System32\windows.storage.dll
0x00007ff99bd20000 - 0x00007ff99bd71000 	C:\Windows\System32\shlwapi.dll
0x00007ff998eb0000 - 0x00007ff998ec1000 	C:\Windows\System32\kernel.appcore.dll
0x00007ff998f10000 - 0x00007ff998f5c000 	C:\Windows\System32\powrprof.dll
0x00007ff998ed0000 - 0x00007ff998eeb000 	C:\Windows\System32\profapi.dll
0x000000005d7f0000 - 0x000000005d7fd000 	C:\Program Files\Java\jdk1.8.0_161\jre\bin\management.dll
0x000000005d850000 - 0x000000005d86a000 	C:\Program Files\Java\jdk1.8.0_161\jre\bin\net.dll
0x00007ff9986e0000 - 0x00007ff998746000 	C:\Windows\system32\mswsock.dll
0x000000005d830000 - 0x000000005d841000 	C:\Program Files\Java\jdk1.8.0_161\jre\bin\nio.dll
0x00007ff984740000 - 0x00007ff984756000 	C:\Windows\system32\napinsp.dll
0x00007ff984720000 - 0x00007ff98473a000 	C:\Windows\system32\pnrpnsp.dll
0x00007ff992b30000 - 0x00007ff992b48000 	C:\Windows\system32\NLAapi.dll
0x00007ff9984b0000 - 0x00007ff998566000 	C:\Windows\SYSTEM32\DNSAPI.dll
0x00007ff99bd10000 - 0x00007ff99bd18000 	C:\Windows\System32\NSI.dll
0x00007ff998470000 - 0x00007ff9984a9000 	C:\Windows\SYSTEM32\IPHLPAPI.DLL
0x00007ff984710000 - 0x00007ff98471e000 	C:\Windows\System32\winrnr.dll
0x00007ff9846f0000 - 0x00007ff984705000 	C:\Windows\System32\wshbth.dll
0x00007ff991cc0000 - 0x00007ff991cca000 	C:\Windows\System32\rasadhlp.dll
0x00007ff991320000 - 0x00007ff991390000 	C:\Windows\System32\fwpuclnt.dll
0x00007ff9989b0000 - 0x00007ff9989d5000 	C:\Windows\SYSTEM32\bcrypt.dll

VM Arguments:
java_command: C:\Users\ADMINI~1\AppData\Local\Temp\surefire3229119068569073035\surefirebooter6459568549503313813.jar C:\Users\Administrator\AppData\Local\Temp\surefire3229119068569073035 2020-02-07T23-51-53_188-jvmRun1 surefire607443416843573310tmp surefire_02938820629681852780tmp
java_class_path (initial): C:\Users\ADMINI~1\AppData\Local\Temp\surefire3229119068569073035\surefirebooter6459568549503313813.jar
Launcher Type: SUN_STANDARD

Environment Variables:
JAVA_HOME=C:\Program Files\Java\jdk1.8.0_231
CLASSPATH=   %CLASSPATH%;%JUNIT_HOME%\JUnit4.12.jar;D:\UnitTest\TaiNguyen\JUnit4.12.jar;D:\UnitTest\TaiNguyen\JUnit4.12.jar
PATH=C:\Program Files (x86)\NetSarang\Xshell 6\;C:\Program Files (x86)\NetSarang\Xftp 6\;C:\Python27\;C:\Python27\Scripts;D:\app\Administrator\virtual\product\12.2.0\dbhome_1\bin;C:\ProgramData\Oracle\Java\javapath;C:\Program Files (x86)\Intel\iCLS Client\;C:\Program Files\Intel\iCLS Client\;C:\Windows\system32;C:\Windows;C:\Windows\System32\Wbem;C:\Windows\System32\WindowsPowerShell\v1.0\;C:\Program Files (x86)\Intel\Intel(R) Management Engine Components\DAL;C:\Program Files\Intel\Intel(R) Management Engine Components\DAL;C:\Program Files (x86)\Intel\Intel(R) Management Engine Components\IPT;C:\Program Files\Intel\Intel(R) Management Engine Components\IPT;C:\Program Files\Microsoft SQL Server\120\DTS\Binn\;C:\Program Files\Microsoft SQL Server\Client SDK\ODBC\110\Tools\Binn\;C:\Program Files (x86)\Microsoft SQL Server\120\Tools\Binn\;C:\Program Files\Microsoft SQL Server\120\Tools\Binn\;C:\Program Files (x86)\Microsoft SQL Server\120\Tools\Binn\ManagementStudio\;C:\Program Files (x86)\Microsoft SQL Server\120\DTS\Binn\;C:\Program Files\Java\jdk1.8.0_161\bin;C:\Program Files\NVIDIA Corporation\NVIDIA NvDLISR;C:\Program Files (x86)\NVIDIA Corporation\PhysX\Common;C:\Program Files\TortoiseGit\bin;C:\Program Files\Git\cmd;C:\ProgramData\chocolatey\bin;C:\Program Files\nodejs\;C:\Program Files\Java\jdk1.8.0_231\bin;C:\Program Files\MySQL\MySQL Shell 8.0\bin\;C:\Users\Administrator\AppData\Roaming\npm\node_modules\@angular\cli\bin;;D:\vis\IntelliJ IDEA 2019.2.2\bin;;D:\visual\Microsoft VS Code\bin;C:\Users\Administrator\AppData\Roaming\npm
USERNAME=Administrator
OS=Windows_NT
PROCESSOR_IDENTIFIER=Intel64 Family 6 Model 158 Stepping 9, GenuineIntel



---------------  S Y S T E M  ---------------

OS: Windows 10.0 , 64 bit Build 16299 (10.0.16299.15)

CPU:total 4 (initial active 4) (4 cores per cpu, 1 threads per core) family 6 model 158 stepping 9, cmov, cx8, fxsr, mmx, sse, sse2, sse3, ssse3, sse4.1, sse4.2, popcnt, avx, avx2, aes, clmul, erms, 3dnowpref, lzcnt, tsc, tscinvbit, bmi1, bmi2, adx

Memory: 4k page, physical 8269412k(706792k free), swap 12463716k(15100k free)

vm_info: Java HotSpot(TM) 64-Bit Server VM (25.161-b12) for windows-amd64 JRE (1.8.0_161-b12), built on Dec 19 2017 17:52:25 by "java_re" with MS VC++ 10.0 (VS2010)

time: Fri Feb 07 23:52:00 2020
elapsed time: 6 seconds (0d 0h 0m 6s)

